[{
  "Plan": {
    "Node Type": "Nested Loop",
    "Parallel Aware": false,
    "Join Type": "Left",
    "Startup Cost": 2864.44,
    "Total Cost": 2876.18,
    "Plan Rows": 2,
    "Plan Width": 2241,
    "Actual Startup Time": 420.136,
    "Actual Total Time": 422.884,
    "Actual Rows": 2,
    "Actual Loops": 1,
    "Output": ["ou.uid", "p.uid", "ps.uid", "coc.uid", "psi.uid", "ou.uid", "p.uid", "ps.uid", "coc.uid", "psi.programstageinstanceid", "psi.status", "psi.executiondate", "psi.eventdatavalues", "psi.duedate", "psi.completedby", "psi.storedby", "psi.created", "psi.createdbyuserinfo", "psi.lastupdated", "psi.lastupdatedbyuserinfo", "psi.completeddate", "psi.deleted", "(st_astext(psi.geometry))", "au.uid", "((((au.firstname)::text || ' '::text) || (au.surname)::text))", "auc.username", "cocco.categoryoptionid", "deco.uid", "deco.publicaccess", "uga.access", "ua.access", "cocount.option_size", "(lower((psi.eventdatavalues #>> '{LavUrktwH5D,value}'::text[])))", "pi.uid", "pi.status", "pi.followup", "p.type", "ps.uid", "ou.name", "tei.trackedentityinstanceid", "tei.uid", "teiou.uid", "teiou.name", "tei.created", "tei.inactive", "psic.programstageinstanceid", "psinote.trackedentitycommentid", "psinote.commenttext", "psinote.created", "psinote.creator", "psinote.uid", "psinote.lastupdated", "usernote.userid", "usernote.code", "usernote.uid", "usernote.username", "userinfo.firstname", "userinfo.surname"],
    "Inner Unique": false,
    "Shared Hit Blocks": 30643,
    "Shared Read Blocks": 0,
    "Shared Dirtied Blocks": 0,
    "Shared Written Blocks": 0,
    "Local Hit Blocks": 0,
    "Local Read Blocks": 0,
    "Local Dirtied Blocks": 0,
    "Local Written Blocks": 0,
    "Temp Read Blocks": 0,
    "Temp Written Blocks": 0,
    "Plans": [{
        "Node Type": "Limit",
        "Parent Relationship": "Outer",
        "Parallel Aware": false,
        "Startup Cost": 2863.33,
        "Total Cost": 2867.86,
        "Plan Rows": 2,
        "Plan Width": 2084,
        "Actual Startup Time": 420.122,
        "Actual Total Time": 422.863,
        "Actual Rows": 2,
        "Actual Loops": 1,
        "Output": ["ou.uid", "p.uid", "ps.uid", "coc.uid", "psi.uid", "ou.uid", "p.uid", "ps.uid", "coc.uid", "psi.programstageinstanceid", "psi.status", "psi.executiondate", "psi.eventdatavalues", "psi.duedate", "psi.completedby", "psi.storedby", "psi.created", "psi.createdbyuserinfo", "psi.lastupdated", "psi.lastupdatedbyuserinfo", "psi.completeddate", "psi.deleted", "(st_astext(psi.geometry))", "au.uid", "((((au.firstname)::text || ' '::text) || (au.surname)::text))", "auc.username", "cocco.categoryoptionid", "deco.uid", "deco.publicaccess", "uga.access", "ua.access", "cocount.option_size", "(lower((psi.eventdatavalues #>> '{LavUrktwH5D,value}'::text[])))", "pi.uid", "pi.status", "pi.followup", "p.type", "ps.uid", "ou.name", "tei.trackedentityinstanceid", "tei.uid", "teiou.uid", "teiou.name", "tei.created", "tei.inactive"],
        "Shared Hit Blocks": 30639,
        "Shared Read Blocks": 0,
        "Shared Dirtied Blocks": 0,
        "Shared Written Blocks": 0,
        "Local Hit Blocks": 0,
        "Local Read Blocks": 0,
        "Local Dirtied Blocks": 0,
        "Local Written Blocks": 0,
        "Temp Read Blocks": 0,
        "Temp Written Blocks": 0,
        "Plans": [{
          "Node Type": "Nested Loop",
          "Parent Relationship": "Outer",
          "Parallel Aware": false,
          "Join Type": "Left",
          "Startup Cost": 2863.33,
          "Total Cost": 78467.88,
          "Plan Rows": 33346,
          "Plan Width": 2084,
          "Actual Startup Time": 420.120,
          "Actual Total Time": 422.860,
          "Actual Rows": 2,
          "Actual Loops": 1,
          "Output": ["ou.uid", "p.uid", "ps.uid", "coc.uid", "psi.uid", "ou.uid", "p.uid", "ps.uid", "coc.uid", "psi.programstageinstanceid", "psi.status", "psi.executiondate", "psi.eventdatavalues", "psi.duedate", "psi.completedby", "psi.storedby", "psi.created", "psi.createdbyuserinfo", "psi.lastupdated", "psi.lastupdatedbyuserinfo", "psi.completeddate", "psi.deleted", "st_astext(psi.geometry)", "au.uid", "(((au.firstname)::text || ' '::text) || (au.surname)::text)", "auc.username", "cocco.categoryoptionid", "deco.uid", "deco.publicaccess", "uga.access", "ua.access", "cocount.option_size", "lower((psi.eventdatavalues #>> '{LavUrktwH5D,value}'::text[]))", "pi.uid", "pi.status", "pi.followup", "p.type", "ps.uid", "ou.name", "tei.trackedentityinstanceid", "tei.uid", "teiou.uid", "teiou.name", "tei.created", "tei.inactive"],
          "Inner Unique": false,
          "Shared Hit Blocks": 30639,
          "Shared Read Blocks": 0,
          "Shared Dirtied Blocks": 0,
          "Shared Written Blocks": 0,
          "Local Hit Blocks": 0,
          "Local Read Blocks": 0,
          "Local Dirtied Blocks": 0,
          "Local Written Blocks": 0,
          "Temp Read Blocks": 0,
          "Temp Written Blocks": 0,
          "Plans": [{
              "Node Type": "Nested Loop",
              "Parent Relationship": "Outer",
              "Parallel Aware": false,
              "Join Type": "Left",
              "Startup Cost": 2859.60,
              "Total Cost": 8986.04,
              "Plan Rows": 557,
              "Plan Width": 1883,
              "Actual Startup Time": 419.997,
              "Actual Total Time": 422.722,
              "Actual Rows": 2,
              "Actual Loops": 1,
              "Output": ["psi.uid", "psi.programstageinstanceid", "psi.status", "psi.executiondate", "psi.eventdatavalues", "psi.duedate", "psi.completedby", "psi.storedby", "psi.created", "psi.createdbyuserinfo", "psi.lastupdated", "psi.lastupdatedbyuserinfo", "psi.completeddate", "psi.deleted", "psi.geometry", "pi.uid", "pi.status", "pi.followup", "p.uid", "p.type", "ps.uid", "coc.uid", "cocco.categoryoptionid", "deco.uid", "deco.publicaccess", "tei.trackedentityinstanceid", "tei.uid", "tei.created", "tei.inactive", "ou.uid", "ou.name", "teiou.uid", "teiou.name", "auc.username", "au.uid", "au.firstname", "au.surname", "cocount.option_size"],
              "Inner Unique": true,
              "Join Filter": "(coc.categoryoptioncomboid = cocount.categoryoptioncomboid)",
              "Rows Removed by Join Filter": 78,
              "Shared Hit Blocks": 30624,
              "Shared Read Blocks": 0,
              "Shared Dirtied Blocks": 0,
              "Shared Written Blocks": 0,
              "Local Hit Blocks": 0,
              "Local Read Blocks": 0,
              "Local Dirtied Blocks": 0,
              "Local Written Blocks": 0,
              "Temp Read Blocks": 0,
              "Temp Written Blocks": 0,
              "Plans": [{
                  "Node Type": "Nested Loop",
                  "Parent Relationship": "Outer",
                  "Parallel Aware": false,
                  "Join Type": "Left",
                  "Startup Cost": 2854.61,
                  "Total Cost": 7497.78,
                  "Plan Rows": 557,
                  "Plan Width": 1883,
                  "Actual Startup Time": 419.890,
                  "Actual Total Time": 422.605,
                  "Actual Rows": 2,
                  "Actual Loops": 1,
                  "Output": ["psi.uid", "psi.programstageinstanceid", "psi.status", "psi.executiondate", "psi.eventdatavalues", "psi.duedate", "psi.completedby", "psi.storedby", "psi.created", "psi.createdbyuserinfo", "psi.lastupdated", "psi.lastupdatedbyuserinfo", "psi.completeddate", "psi.deleted", "psi.geometry", "pi.uid", "pi.status", "pi.followup", "p.uid", "p.type", "ps.uid", "coc.uid", "coc.categoryoptioncomboid", "cocco.categoryoptionid", "deco.uid", "deco.publicaccess", "tei.trackedentityinstanceid", "tei.uid", "tei.created", "tei.inactive", "ou.uid", "ou.name", "teiou.uid", "teiou.name", "auc.username", "au.uid", "au.firstname", "au.surname"],
                  "Inner Unique": true,
                  "Shared Hit Blocks": 30622,
                  "Shared Read Blocks": 0,
                  "Shared Dirtied Blocks": 0,
                  "Shared Written Blocks": 0,
                  "Local Hit Blocks": 0,
                  "Local Read Blocks": 0,
                  "Local Dirtied Blocks": 0,
                  "Local Written Blocks": 0,
                  "Temp Read Blocks": 0,
                  "Temp Written Blocks": 0,
                  "Plans": [{
                      "Node Type": "Nested Loop",
                      "Parent Relationship": "Outer",
                      "Parallel Aware": false,
                      "Join Type": "Left",
                      "Startup Cost": 2854.33,
                      "Total Cost": 7318.86,
                      "Plan Rows": 557,
                      "Plan Width": 1854,
                      "Actual Startup Time": 419.885,
                      "Actual Total Time": 422.599,
                      "Actual Rows": 2,
                      "Actual Loops": 1,
                      "Output": ["psi.uid", "psi.programstageinstanceid", "psi.status", "psi.executiondate", "psi.eventdatavalues", "psi.duedate", "psi.completedby", "psi.storedby", "psi.created", "psi.createdbyuserinfo", "psi.lastupdated", "psi.lastupdatedbyuserinfo", "psi.completeddate", "psi.deleted", "psi.geometry", "pi.uid", "pi.status", "pi.followup", "p.uid", "p.type", "ps.uid", "coc.uid", "coc.categoryoptioncomboid", "cocco.categoryoptionid", "deco.uid", "deco.publicaccess", "tei.trackedentityinstanceid", "tei.uid", "tei.created", "tei.inactive", "ou.uid", "ou.name", "teiou.uid", "teiou.name", "auc.username", "auc.userid"],
                      "Inner Unique": true,
                      "Shared Hit Blocks": 30622,
                      "Shared Read Blocks": 0,
                      "Shared Dirtied Blocks": 0,
                      "Shared Written Blocks": 0,
                      "Local Hit Blocks": 0,
                      "Local Read Blocks": 0,
                      "Local Dirtied Blocks": 0,
                      "Local Written Blocks": 0,
                      "Temp Read Blocks": 0,
                      "Temp Written Blocks": 0,
                      "Plans": [{
                          "Node Type": "Nested Loop",
                          "Parent Relationship": "Outer",
                          "Parallel Aware": false,
                          "Join Type": "Left",
                          "Startup Cost": 2854.04,
                          "Total Cost": 6921.06,
                          "Plan Rows": 557,
                          "Plan Width": 1841,
                          "Actual Startup Time": 419.881,
                          "Actual Total Time": 422.592,
                          "Actual Rows": 2,
                          "Actual Loops": 1,
                          "Output": ["psi.uid", "psi.programstageinstanceid", "psi.status", "psi.executiondate", "psi.eventdatavalues", "psi.duedate", "psi.completedby", "psi.storedby", "psi.created", "psi.createdbyuserinfo", "psi.lastupdated", "psi.lastupdatedbyuserinfo", "psi.completeddate", "psi.deleted", "psi.geometry", "psi.assigneduserid", "pi.uid", "pi.status", "pi.followup", "p.uid", "p.type", "ps.uid", "coc.uid", "coc.categoryoptioncomboid", "cocco.categoryoptionid", "deco.uid", "deco.publicaccess", "tei.trackedentityinstanceid", "tei.uid", "tei.created", "tei.inactive", "ou.uid", "ou.name", "teiou.uid", "teiou.name"],
                          "Inner Unique": true,
                          "Shared Hit Blocks": 30622,
                          "Shared Read Blocks": 0,
                          "Shared Dirtied Blocks": 0,
                          "Shared Written Blocks": 0,
                          "Local Hit Blocks": 0,
                          "Local Read Blocks": 0,
                          "Local Dirtied Blocks": 0,
                          "Local Written Blocks": 0,
                          "Temp Read Blocks": 0,
                          "Temp Written Blocks": 0,
                          "Plans": [{
                              "Node Type": "Nested Loop",
                              "Parent Relationship": "Outer",
                              "Parallel Aware": false,
                              "Join Type": "Left",
                              "Startup Cost": 2853.75,
                              "Total Cost": 6749.56,
                              "Plan Rows": 557,
                              "Plan Width": 1810,
                              "Actual Startup Time": 419.874,
                              "Actual Total Time": 422.583,
                              "Actual Rows": 2,
                              "Actual Loops": 1,
                              "Output": ["psi.uid", "psi.programstageinstanceid", "psi.status", "psi.executiondate", "psi.eventdatavalues", "psi.duedate", "psi.completedby", "psi.storedby", "psi.created", "psi.createdbyuserinfo", "psi.lastupdated", "psi.lastupdatedbyuserinfo", "psi.completeddate", "psi.deleted", "psi.geometry", "psi.assigneduserid", "pi.uid", "pi.status", "pi.followup", "p.uid", "p.type", "ps.uid", "coc.uid", "coc.categoryoptioncomboid", "cocco.categoryoptionid", "deco.uid", "deco.publicaccess", "tei.trackedentityinstanceid", "tei.uid", "tei.created", "tei.inactive", "tei.organisationunitid", "ou.uid", "ou.name"],
                              "Inner Unique": true,
                              "Shared Hit Blocks": 30616,
                              "Shared Read Blocks": 0,
                              "Shared Dirtied Blocks": 0,
                              "Shared Written Blocks": 0,
                              "Local Hit Blocks": 0,
                              "Local Read Blocks": 0,
                              "Local Dirtied Blocks": 0,
                              "Local Written Blocks": 0,
                              "Temp Read Blocks": 0,
                              "Temp Written Blocks": 0,
                              "Plans": [{
                                  "Node Type": "Nested Loop",
                                  "Parent Relationship": "Outer",
                                  "Parallel Aware": false,
                                  "Join Type": "Inner",
                                  "Startup Cost": 2853.46,
                                  "Total Cost": 6025.34,
                                  "Plan Rows": 557,
                                  "Plan Width": 1779,
                                  "Actual Startup Time": 419.849,
                                  "Actual Total Time": 422.540,
                                  "Actual Rows": 2,
                                  "Actual Loops": 1,
                                  "Output": ["psi.uid", "psi.programstageinstanceid", "psi.status", "psi.executiondate", "psi.eventdatavalues", "psi.duedate", "psi.completedby", "psi.storedby", "psi.created", "psi.createdbyuserinfo", "psi.lastupdated", "psi.lastupdatedbyuserinfo", "psi.completeddate", "psi.deleted", "psi.geometry", "psi.organisationunitid", "psi.assigneduserid", "pi.uid", "pi.status", "pi.followup", "p.uid", "p.type", "ps.uid", "coc.uid", "coc.categoryoptioncomboid", "cocco.categoryoptionid", "deco.uid", "deco.publicaccess", "tei.trackedentityinstanceid", "tei.uid", "tei.created", "tei.inactive", "tei.organisationunitid"],
                                  "Inner Unique": true,
                                  "Shared Hit Blocks": 30610,
                                  "Shared Read Blocks": 0,
                                  "Shared Dirtied Blocks": 0,
                                  "Shared Written Blocks": 0,
                                  "Local Hit Blocks": 0,
                                  "Local Read Blocks": 0,
                                  "Local Dirtied Blocks": 0,
                                  "Local Written Blocks": 0,
                                  "Temp Read Blocks": 0,
                                  "Temp Written Blocks": 0,
                                  "Plans": [{
                                      "Node Type": "Nested Loop",
                                      "Parent Relationship": "Outer",
                                      "Parallel Aware": false,
                                      "Join Type": "Left",
                                      "Startup Cost": 2853.32,
                                      "Total Cost": 5942.21,
                                      "Plan Rows": 498,
                                      "Plan Width": 1775,
                                      "Actual Startup Time": 419.841,
                                      "Actual Total Time": 422.529,
                                      "Actual Rows": 2,
                                      "Actual Loops": 1,
                                      "Output": ["psi.uid", "psi.programstageinstanceid", "psi.status", "psi.executiondate", "psi.eventdatavalues", "psi.duedate", "psi.completedby", "psi.storedby", "psi.created", "psi.createdbyuserinfo", "psi.lastupdated", "psi.lastupdatedbyuserinfo", "psi.completeddate", "psi.deleted", "psi.geometry", "psi.attributeoptioncomboid", "psi.organisationunitid", "psi.assigneduserid", "pi.uid", "pi.status", "pi.followup", "p.uid", "p.type", "ps.uid", "cocco.categoryoptionid", "cocco.categoryoptioncomboid", "deco.uid", "deco.publicaccess", "tei.trackedentityinstanceid", "tei.uid", "tei.created", "tei.inactive", "tei.organisationunitid"],
                                      "Inner Unique": true,
                                      "Shared Hit Blocks": 30606,
                                      "Shared Read Blocks": 0,
                                      "Shared Dirtied Blocks": 0,
                                      "Shared Written Blocks": 0,
                                      "Local Hit Blocks": 0,
                                      "Local Read Blocks": 0,
                                      "Local Dirtied Blocks": 0,
                                      "Local Written Blocks": 0,
                                      "Temp Read Blocks": 0,
                                      "Temp Written Blocks": 0,
                                      "Plans": [{
                                          "Node Type": "Nested Loop",
                                          "Parent Relationship": "Outer",
                                          "Parallel Aware": false,
                                          "Join Type": "Inner",
                                          "Startup Cost": 2852.89,
                                          "Total Cost": 5706.48,
                                          "Plan Rows": 498,
                                          "Plan Width": 1746,
                                          "Actual Startup Time": 419.827,
                                          "Actual Total Time": 422.495,
                                          "Actual Rows": 2,
                                          "Actual Loops": 1,
                                          "Output": ["psi.uid", "psi.programstageinstanceid", "psi.status", "psi.executiondate", "psi.eventdatavalues", "psi.duedate", "psi.completedby", "psi.storedby", "psi.created", "psi.createdbyuserinfo", "psi.lastupdated", "psi.lastupdatedbyuserinfo", "psi.completeddate", "psi.deleted", "psi.geometry", "psi.attributeoptioncomboid", "psi.organisationunitid", "psi.assigneduserid", "pi.uid", "pi.status", "pi.followup", "pi.trackedentityinstanceid", "p.uid", "p.type", "ps.uid", "cocco.categoryoptionid", "cocco.categoryoptioncomboid", "deco.uid", "deco.publicaccess"],
                                          "Inner Unique": false,
                                          "Shared Hit Blocks": 30598,
                                          "Shared Read Blocks": 0,
                                          "Shared Dirtied Blocks": 0,
                                          "Shared Written Blocks": 0,
                                          "Local Hit Blocks": 0,
                                          "Local Read Blocks": 0,
                                          "Local Dirtied Blocks": 0,
                                          "Local Written Blocks": 0,
                                          "Temp Read Blocks": 0,
                                          "Temp Written Blocks": 0,
                                          "Plans": [{
                                              "Node Type": "Nested Loop",
                                              "Parent Relationship": "Outer",
                                              "Parallel Aware": false,
                                              "Join Type": "Inner",
                                              "Startup Cost": 2852.89,
                                              "Total Cost": 5699.07,
                                              "Plan Rows": 498,
                                              "Plan Width": 1198,
                                              "Actual Startup Time": 419.814,
                                              "Actual Total Time": 422.479,
                                              "Actual Rows": 2,
                                              "Actual Loops": 1,
                                              "Output": ["psi.uid", "psi.programstageinstanceid", "psi.status", "psi.executiondate", "psi.eventdatavalues", "psi.duedate", "psi.completedby", "psi.storedby", "psi.created", "psi.createdbyuserinfo", "psi.lastupdated", "psi.lastupdatedbyuserinfo", "psi.completeddate", "psi.deleted", "psi.geometry", "psi.attributeoptioncomboid", "psi.organisationunitid", "psi.assigneduserid", "pi.uid", "pi.status", "pi.followup", "pi.programid", "pi.trackedentityinstanceid", "ps.uid", "cocco.categoryoptionid", "cocco.categoryoptioncomboid", "deco.uid", "deco.publicaccess"],
                                              "Inner Unique": false,
                                              "Join Filter": "(cocco.categoryoptioncomboid = psi.attributeoptioncomboid)",
                                              "Rows Removed by Join Filter": 198,
                                              "Shared Hit Blocks": 30597,
                                              "Shared Read Blocks": 0,
                                              "Shared Dirtied Blocks": 0,
                                              "Shared Written Blocks": 0,
                                              "Local Hit Blocks": 0,
                                              "Local Read Blocks": 0,
                                              "Local Dirtied Blocks": 0,
                                              "Local Written Blocks": 0,
                                              "Temp Read Blocks": 0,
                                              "Temp Written Blocks": 0,
                                              "Plans": [{
                                                  "Node Type": "Nested Loop",
                                                  "Parent Relationship": "Outer",
                                                  "Parallel Aware": false,
                                                  "Join Type": "Inner",
                                                  "Startup Cost": 2846.85,
                                                  "Total Cost": 4201.48,
                                                  "Plan Rows": 498,
                                                  "Plan Width": 1161,
                                                  "Actual Startup Time": 419.694,
                                                  "Actual Total Time": 422.209,
                                                  "Actual Rows": 2,
                                                  "Actual Loops": 1,
                                                  "Output": ["psi.uid", "psi.programstageinstanceid", "psi.status", "psi.executiondate", "psi.eventdatavalues", "psi.duedate", "psi.completedby", "psi.storedby", "psi.created", "psi.createdbyuserinfo", "psi.lastupdated", "psi.lastupdatedbyuserinfo", "psi.completeddate", "psi.deleted", "psi.geometry", "psi.attributeoptioncomboid", "psi.organisationunitid", "psi.assigneduserid", "pi.uid", "pi.status", "pi.followup", "pi.programid", "pi.trackedentityinstanceid", "ps.uid"],
                                                  "Inner Unique": true,
                                                  "Shared Hit Blocks": 30592,
                                                  "Shared Read Blocks": 0,
                                                  "Shared Dirtied Blocks": 0,
                                                  "Shared Written Blocks": 0,
                                                  "Local Hit Blocks": 0,
                                                  "Local Read Blocks": 0,
                                                  "Local Dirtied Blocks": 0,
                                                  "Local Written Blocks": 0,
                                                  "Temp Read Blocks": 0,
                                                  "Temp Written Blocks": 0,
                                                  "Plans": [{
                                                      "Node Type": "Gather Merge",
                                                      "Parent Relationship": "Outer",
                                                      "Parallel Aware": false,
                                                      "Startup Cost": 2846.42,
                                                      "Total Cost": 2903.17,
                                                      "Plan Rows": 498,
                                                      "Plan Width": 1133,
                                                      "Actual Startup Time": 419.665,
                                                      "Actual Total Time": 422.164,
                                                      "Actual Rows": 2,
                                                      "Actual Loops": 1,
                                                      "Output": ["psi.uid", "psi.programstageinstanceid", "psi.status", "psi.executiondate", "psi.eventdatavalues", "psi.duedate", "psi.completedby", "psi.storedby", "psi.created", "psi.createdbyuserinfo", "psi.lastupdated", "psi.lastupdatedbyuserinfo", "psi.completeddate", "psi.deleted", "psi.geometry", "psi.programinstanceid", "psi.attributeoptioncomboid", "psi.organisationunitid", "psi.assigneduserid", "ps.uid"],
                                                      "Workers Planned": 1,
                                                      "Workers Launched": 1,
                                                      "Shared Hit Blocks": 30584,
                                                      "Shared Read Blocks": 0,
                                                      "Shared Dirtied Blocks": 0,
                                                      "Shared Written Blocks": 0,
                                                      "Local Hit Blocks": 0,
                                                      "Local Read Blocks": 0,
                                                      "Local Dirtied Blocks": 0,
                                                      "Local Written Blocks": 0,
                                                      "Temp Read Blocks": 0,
                                                      "Temp Written Blocks": 0,
                                                      "Plans": [{
                                                        "Node Type": "Sort",
                                                        "Parent Relationship": "Outer",
                                                        "Parallel Aware": false,
                                                        "Startup Cost": 1846.41,
                                                        "Total Cost": 1847.14,
                                                        "Plan Rows": 293,
                                                        "Plan Width": 1133,
                                                        "Actual Startup Time": 411.620,
                                                        "Actual Total Time": 411.623,
                                                        "Actual Rows": 1,
                                                        "Actual Loops": 2,
                                                        "Output": ["psi.uid", "psi.programstageinstanceid", "psi.status", "psi.executiondate", "psi.eventdatavalues", "psi.duedate", "psi.completedby", "psi.storedby", "psi.created", "psi.createdbyuserinfo", "psi.lastupdated", "psi.lastupdatedbyuserinfo", "psi.completeddate", "psi.deleted", "psi.geometry", "psi.programinstanceid", "psi.attributeoptioncomboid", "psi.organisationunitid", "psi.assigneduserid", "ps.uid"],
                                                        "Sort Key": ["psi.lastupdated DESC"],
                                                        "Sort Method": "quicksort",
                                                        "Sort Space Used": 27,
                                                        "Sort Space Type": "Memory",
                                                        "Shared Hit Blocks": 30584,
                                                        "Shared Read Blocks": 0,
                                                        "Shared Dirtied Blocks": 0,
                                                        "Shared Written Blocks": 0,
                                                        "Local Hit Blocks": 0,
                                                        "Local Read Blocks": 0,
                                                        "Local Dirtied Blocks": 0,
                                                        "Local Written Blocks": 0,
                                                        "Temp Read Blocks": 0,
                                                        "Temp Written Blocks": 0,
                                                        "Workers": [{
                                                          "Worker Number": 0,
                                                          "Actual Startup Time": 404.480,
                                                          "Actual Total Time": 404.482,
                                                          "Actual Rows": 0,
                                                          "Actual Loops": 1,
                                                          "Sort Method": "quicksort",
                                                          "Sort Space Used": 25,
                                                          "Sort Space Type": "Memory",
                                                          "Shared Hit Blocks": 78,
                                                          "Shared Read Blocks": 0,
                                                          "Shared Dirtied Blocks": 0,
                                                          "Shared Written Blocks": 0,
                                                          "Local Hit Blocks": 0,
                                                          "Local Read Blocks": 0,
                                                          "Local Dirtied Blocks": 0,
                                                          "Local Written Blocks": 0,
                                                          "Temp Read Blocks": 0,
                                                          "Temp Written Blocks": 0
                                                        }],
                                                        "Plans": [{
                                                          "Node Type": "Hash Join",
                                                          "Parent Relationship": "Outer",
                                                          "Parallel Aware": false,
                                                          "Join Type": "Inner",
                                                          "Startup Cost": 92.19,
                                                          "Total Cost": 1834.40,
                                                          "Plan Rows": 293,
                                                          "Plan Width": 1133,
                                                          "Actual Startup Time": 411.332,
                                                          "Actual Total Time": 411.591,
                                                          "Actual Rows": 1,
                                                          "Actual Loops": 2,
                                                          "Output": ["psi.uid", "psi.programstageinstanceid", "psi.status", "psi.executiondate", "psi.eventdatavalues", "psi.duedate", "psi.completedby", "psi.storedby", "psi.created", "psi.createdbyuserinfo", "psi.lastupdated", "psi.lastupdatedbyuserinfo", "psi.completeddate", "psi.deleted", "psi.geometry", "psi.programinstanceid", "psi.attributeoptioncomboid", "psi.organisationunitid", "psi.assigneduserid", "ps.uid"],
                                                          "Inner Unique": true,
                                                          "Hash Cond": "(psi.programstageid = ps.programstageid)",
                                                          "Shared Hit Blocks": 30576,
                                                          "Shared Read Blocks": 0,
                                                          "Shared Dirtied Blocks": 0,
                                                          "Shared Written Blocks": 0,
                                                          "Local Hit Blocks": 0,
                                                          "Local Read Blocks": 0,
                                                          "Local Dirtied Blocks": 0,
                                                          "Local Written Blocks": 0,
                                                          "Temp Read Blocks": 0,
                                                          "Temp Written Blocks": 0,
                                                          "Workers": [{
                                                            "Worker Number": 0,
                                                            "Actual Startup Time": 404.438,
                                                            "Actual Total Time": 404.440,
                                                            "Actual Rows": 0,
                                                            "Actual Loops": 1,
                                                            "Shared Hit Blocks": 70,
                                                            "Shared Read Blocks": 0,
                                                            "Shared Dirtied Blocks": 0,
                                                            "Shared Written Blocks": 0,
                                                            "Local Hit Blocks": 0,
                                                            "Local Read Blocks": 0,
                                                            "Local Dirtied Blocks": 0,
                                                            "Local Written Blocks": 0,
                                                            "Temp Read Blocks": 0,
                                                            "Temp Written Blocks": 0
                                                          }],
                                                          "Plans": [{
                                                              "Node Type": "Bitmap Heap Scan",
                                                              "Parent Relationship": "Outer",
                                                              "Parallel Aware": true,
                                                              "Relation Name": "programstageinstance",
                                                              "Schema": "public",
                                                              "Alias": "psi",
                                                              "Startup Cost": 89.08,
                                                              "Total Cost": 1829.19,
                                                              "Plan Rows": 712,
                                                              "Plan Width": 1101,
                                                              "Actual Startup Time": 411.225,
                                                              "Actual Total Time": 411.482,
                                                              "Actual Rows": 1,
                                                              "Actual Loops": 2,
                                                              "Output": ["psi.programstageinstanceid", "psi.uid", "psi.code", "psi.created", "psi.lastupdated", "psi.createdatclient", "psi.lastupdatedatclient", "psi.lastsynchronized", "psi.programinstanceid", "psi.programstageid", "psi.attributeoptioncomboid", "psi.deleted", "psi.storedby", "psi.duedate", "psi.executiondate", "psi.organisationunitid", "psi.status", "psi.completedby", "psi.completeddate", "psi.geometry", "psi.eventdatavalues", "psi.assigneduserid", "psi.createdbyuserinfo", "psi.lastupdatedbyuserinfo"],
                                                              "Recheck Cond": "(lower((psi.eventdatavalues #>> '{LavUrktwH5D,value}'::text[])) ~~ '%nphcda000005013%'::text)",
                                                              "Rows Removed by Index Recheck": 68,
                                                              "Filter": "(psi.deleted IS FALSE)",
                                                              "Rows Removed by Filter": 0,
                                                              "Exact Heap Blocks": 93,
                                                              "Lossy Heap Blocks": 0,
                                                              "Shared Hit Blocks": 30534,
                                                              "Shared Read Blocks": 0,
                                                              "Shared Dirtied Blocks": 0,
                                                              "Shared Written Blocks": 0,
                                                              "Local Hit Blocks": 0,
                                                              "Local Read Blocks": 0,
                                                              "Local Dirtied Blocks": 0,
                                                              "Local Written Blocks": 0,
                                                              "Temp Read Blocks": 0,
                                                              "Temp Written Blocks": 0,
                                                              "Workers": [{
                                                                "Worker Number": 0,
                                                                "Actual Startup Time": 404.297,
                                                                "Actual Total Time": 404.297,
                                                                "Actual Rows": 0,
                                                                "Actual Loops": 1,
                                                                "Shared Hit Blocks": 30,
                                                                "Shared Read Blocks": 0,
                                                                "Shared Dirtied Blocks": 0,
                                                                "Shared Written Blocks": 0,
                                                                "Local Hit Blocks": 0,
                                                                "Local Read Blocks": 0,
                                                                "Local Dirtied Blocks": 0,
                                                                "Local Written Blocks": 0,
                                                                "Temp Read Blocks": 0,
                                                                "Temp Written Blocks": 0
                                                              }],
                                                              "Plans": [{
                                                                "Node Type": "Bitmap Index Scan",
                                                                "Parent Relationship": "Outer",
                                                                "Parallel Aware": false,
                                                                "Index Name": "in_gin_psi_edv_64527_233047",
                                                                "Startup Cost": 0.00,
                                                                "Total Cost": 88.78,
                                                                "Plan Rows": 1571,
                                                                "Plan Width": 0,
                                                                "Actual Startup Time": 418.050,
                                                                "Actual Total Time": 418.050,
                                                                "Actual Rows": 137,
                                                                "Actual Loops": 1,
                                                                "Index Cond": "(lower((psi.eventdatavalues #>> '{LavUrktwH5D,value}'::text[])) ~~ '%nphcda000005013%'::text)",
                                                                "Shared Hit Blocks": 30411,
                                                                "Shared Read Blocks": 0,
                                                                "Shared Dirtied Blocks": 0,
                                                                "Shared Written Blocks": 0,
                                                                "Local Hit Blocks": 0,
                                                                "Local Read Blocks": 0,
                                                                "Local Dirtied Blocks": 0,
                                                                "Local Written Blocks": 0,
                                                                "Temp Read Blocks": 0,
                                                                "Temp Written Blocks": 0,
                                                                "Workers": []
                                                              }]
                                                            },
                                                            {
                                                              "Node Type": "Hash",
                                                              "Parent Relationship": "Inner",
                                                              "Parallel Aware": false,
                                                              "Startup Cost": 2.94,
                                                              "Total Cost": 2.94,
                                                              "Plan Rows": 14,
                                                              "Plan Width": 48,
                                                              "Actual Startup Time": 0.053,
                                                              "Actual Total Time": 0.053,
                                                              "Actual Rows": 14,
                                                              "Actual Loops": 2,
                                                              "Output": ["ps.uid", "ps.programstageid"],
                                                              "Hash Buckets": 1024,
                                                              "Original Hash Buckets": 1024,
                                                              "Hash Batches": 1,
                                                              "Original Hash Batches": 1,
                                                              "Peak Memory Usage": 9,
                                                              "Shared Hit Blocks": 7,
                                                              "Shared Read Blocks": 0,
                                                              "Shared Dirtied Blocks": 0,
                                                              "Shared Written Blocks": 0,
                                                              "Local Hit Blocks": 0,
                                                              "Local Read Blocks": 0,
                                                              "Local Dirtied Blocks": 0,
                                                              "Local Written Blocks": 0,
                                                              "Temp Read Blocks": 0,
                                                              "Temp Written Blocks": 0,
                                                              "Workers": [{
                                                                "Worker Number": 0,
                                                                "Actual Startup Time": 0.054,
                                                                "Actual Total Time": 0.054,
                                                                "Actual Rows": 14,
                                                                "Actual Loops": 1,
                                                                "Shared Hit Blocks": 5,
                                                                "Shared Read Blocks": 0,
                                                                "Shared Dirtied Blocks": 0,
                                                                "Shared Written Blocks": 0,
                                                                "Local Hit Blocks": 0,
                                                                "Local Read Blocks": 0,
                                                                "Local Dirtied Blocks": 0,
                                                                "Local Written Blocks": 0,
                                                                "Temp Read Blocks": 0,
                                                                "Temp Written Blocks": 0
                                                              }],
                                                              "Plans": [{
                                                                "Node Type": "Seq Scan",
                                                                "Parent Relationship": "Outer",
                                                                "Parallel Aware": false,
                                                                "Relation Name": "programstage",
                                                                "Schema": "public",
                                                                "Alias": "ps",
                                                                "Startup Cost": 0.00,
                                                                "Total Cost": 2.94,
                                                                "Plan Rows": 14,
                                                                "Plan Width": 48,
                                                                "Actual Startup Time": 0.031,
                                                                "Actual Total Time": 0.042,
                                                                "Actual Rows": 14,
                                                                "Actual Loops": 2,
                                                                "Output": ["ps.uid", "ps.programstageid"],
                                                                "Filter": "((ps.uid)::text = ANY ('{Du0jyYdpjYn,Lvco0jftWeD,VGVjsFvx0J4,Noldaaz2TLs,a1jCssI2LkW,so8YZ9J3MeO,KPc2vZ0IyiH,Y4v9hBo2Xst,ScHSJKY4nBj,Fwc5G0VTdlV,FhmnMGI5RWG,Q2jSVdeIOZ5,tWjYYTYjs15,ZDk16pdB449}'::text[]))",
                                                                "Rows Removed by Filter": 3,
                                                                "Shared Hit Blocks": 7,
                                                                "Shared Read Blocks": 0,
                                                                "Shared Dirtied Blocks": 0,
                                                                "Shared Written Blocks": 0,
                                                                "Local Hit Blocks": 0,
                                                                "Local Read Blocks": 0,
                                                                "Local Dirtied Blocks": 0,
                                                                "Local Written Blocks": 0,
                                                                "Temp Read Blocks": 0,
                                                                "Temp Written Blocks": 0,
                                                                "Workers": [{
                                                                  "Worker Number": 0,
                                                                  "Actual Startup Time": 0.036,
                                                                  "Actual Total Time": 0.048,
                                                                  "Actual Rows": 14,
                                                                  "Actual Loops": 1,
                                                                  "Shared Hit Blocks": 5,
                                                                  "Shared Read Blocks": 0,
                                                                  "Shared Dirtied Blocks": 0,
                                                                  "Shared Written Blocks": 0,
                                                                  "Local Hit Blocks": 0,
                                                                  "Local Read Blocks": 0,
                                                                  "Local Dirtied Blocks": 0,
                                                                  "Local Written Blocks": 0,
                                                                  "Temp Read Blocks": 0,
                                                                  "Temp Written Blocks": 0
                                                                }]
                                                              }]
                                                            }
                                                          ]
                                                        }]
                                                      }]
                                                    },
                                                    {
                                                      "Node Type": "Index Scan",
                                                      "Parent Relationship": "Inner",
                                                      "Parallel Aware": false,
                                                      "Scan Direction": "Forward",
                                                      "Index Name": "index_programinstance",
                                                      "Relation Name": "programinstance",
                                                      "Schema": "public",
                                                      "Alias": "pi",
                                                      "Startup Cost": 0.43,
                                                      "Total Cost": 2.61,
                                                      "Plan Rows": 1,
                                                      "Plan Width": 44,
                                                      "Actual Startup Time": 0.018,
                                                      "Actual Total Time": 0.018,
                                                      "Actual Rows": 1,
                                                      "Actual Loops": 2,
                                                      "Output": ["pi.programinstanceid", "pi.uid", "pi.created", "pi.lastupdated", "pi.createdatclient", "pi.lastupdatedatclient", "pi.incidentdate", "pi.enrollmentdate", "pi.enddate", "pi.followup", "pi.completedby", "pi.deleted", "pi.storedby", "pi.status", "pi.trackedentityinstanceid", "pi.programid", "pi.organisationunitid", "pi.geometry"],
                                                      "Index Cond": "(pi.programinstanceid = psi.programinstanceid)",
                                                      "Rows Removed by Index Recheck": 0,
                                                      "Filter": "(pi.programid = 64519)",
                                                      "Rows Removed by Filter": 0,
                                                      "Shared Hit Blocks": 8,
                                                      "Shared Read Blocks": 0,
                                                      "Shared Dirtied Blocks": 0,
                                                      "Shared Written Blocks": 0,
                                                      "Local Hit Blocks": 0,
                                                      "Local Read Blocks": 0,
                                                      "Local Dirtied Blocks": 0,
                                                      "Local Written Blocks": 0,
                                                      "Temp Read Blocks": 0,
                                                      "Temp Written Blocks": 0
                                                    }
                                                  ]
                                                },
                                                {
                                                  "Node Type": "Materialize",
                                                  "Parent Relationship": "Inner",
                                                  "Parallel Aware": false,
                                                  "Startup Cost": 6.04,
                                                  "Total Cost": 11.56,
                                                  "Plan Rows": 199,
                                                  "Plan Width": 37,
                                                  "Actual Startup Time": 0.059,
                                                  "Actual Total Time": 0.123,
                                                  "Actual Rows": 100,
                                                  "Actual Loops": 2,
                                                  "Output": ["cocco.categoryoptionid", "cocco.categoryoptioncomboid", "deco.uid", "deco.publicaccess"],
                                                  "Shared Hit Blocks": 5,
                                                  "Shared Read Blocks": 0,
                                                  "Shared Dirtied Blocks": 0,
                                                  "Shared Written Blocks": 0,
                                                  "Local Hit Blocks": 0,
                                                  "Local Read Blocks": 0,
                                                  "Local Dirtied Blocks": 0,
                                                  "Local Written Blocks": 0,
                                                  "Temp Read Blocks": 0,
                                                  "Temp Written Blocks": 0,
                                                  "Plans": [{
                                                    "Node Type": "Hash Join",
                                                    "Parent Relationship": "Outer",
                                                    "Parallel Aware": false,
                                                    "Join Type": "Inner",
                                                    "Startup Cost": 6.04,
                                                    "Total Cost": 10.56,
                                                    "Plan Rows": 199,
                                                    "Plan Width": 37,
                                                    "Actual Startup Time": 0.114,
                                                    "Actual Total Time": 0.186,
                                                    "Actual Rows": 199,
                                                    "Actual Loops": 1,
                                                    "Output": ["cocco.categoryoptionid", "cocco.categoryoptioncomboid", "deco.uid", "deco.publicaccess"],
                                                    "Inner Unique": true,
                                                    "Hash Cond": "(cocco.categoryoptionid = deco.categoryoptionid)",
                                                    "Shared Hit Blocks": 5,
                                                    "Shared Read Blocks": 0,
                                                    "Shared Dirtied Blocks": 0,
                                                    "Shared Written Blocks": 0,
                                                    "Local Hit Blocks": 0,
                                                    "Local Read Blocks": 0,
                                                    "Local Dirtied Blocks": 0,
                                                    "Local Written Blocks": 0,
                                                    "Temp Read Blocks": 0,
                                                    "Temp Written Blocks": 0,
                                                    "Plans": [{
                                                        "Node Type": "Seq Scan",
                                                        "Parent Relationship": "Outer",
                                                        "Parallel Aware": false,
                                                        "Relation Name": "categoryoptioncombos_categoryoptions",
                                                        "Schema": "public",
                                                        "Alias": "cocco",
                                                        "Startup Cost": 0.00,
                                                        "Total Cost": 3.99,
                                                        "Plan Rows": 199,
                                                        "Plan Width": 16,
                                                        "Actual Startup Time": 0.008,
                                                        "Actual Total Time": 0.023,
                                                        "Actual Rows": 199,
                                                        "Actual Loops": 1,
                                                        "Output": ["cocco.categoryoptioncomboid", "cocco.categoryoptionid"],
                                                        "Shared Hit Blocks": 2,
                                                        "Shared Read Blocks": 0,
                                                        "Shared Dirtied Blocks": 0,
                                                        "Shared Written Blocks": 0,
                                                        "Local Hit Blocks": 0,
                                                        "Local Read Blocks": 0,
                                                        "Local Dirtied Blocks": 0,
                                                        "Local Written Blocks": 0,
                                                        "Temp Read Blocks": 0,
                                                        "Temp Written Blocks": 0
                                                      },
                                                      {
                                                        "Node Type": "Hash",
                                                        "Parent Relationship": "Inner",
                                                        "Parallel Aware": false,
                                                        "Startup Cost": 4.35,
                                                        "Total Cost": 4.35,
                                                        "Plan Rows": 135,
                                                        "Plan Width": 29,
                                                        "Actual Startup Time": 0.071,
                                                        "Actual Total Time": 0.073,
                                                        "Actual Rows": 135,
                                                        "Actual Loops": 1,
                                                        "Output": ["deco.uid", "deco.publicaccess", "deco.categoryoptionid"],
                                                        "Hash Buckets": 1024,
                                                        "Original Hash Buckets": 1024,
                                                        "Hash Batches": 1,
                                                        "Original Hash Batches": 1,
                                                        "Peak Memory Usage": 17,
                                                        "Shared Hit Blocks": 3,
                                                        "Shared Read Blocks": 0,
                                                        "Shared Dirtied Blocks": 0,
                                                        "Shared Written Blocks": 0,
                                                        "Local Hit Blocks": 0,
                                                        "Local Read Blocks": 0,
                                                        "Local Dirtied Blocks": 0,
                                                        "Local Written Blocks": 0,
                                                        "Temp Read Blocks": 0,
                                                        "Temp Written Blocks": 0,
                                                        "Plans": [{
                                                          "Node Type": "Seq Scan",
                                                          "Parent Relationship": "Outer",
                                                          "Parallel Aware": false,
                                                          "Relation Name": "dataelementcategoryoption",
                                                          "Schema": "public",
                                                          "Alias": "deco",
                                                          "Startup Cost": 0.00,
                                                          "Total Cost": 4.35,
                                                          "Plan Rows": 135,
                                                          "Plan Width": 29,
                                                          "Actual Startup Time": 0.005,
                                                          "Actual Total Time": 0.041,
                                                          "Actual Rows": 135,
                                                          "Actual Loops": 1,
                                                          "Output": ["deco.uid", "deco.publicaccess", "deco.categoryoptionid"],
                                                          "Shared Hit Blocks": 3,
                                                          "Shared Read Blocks": 0,
                                                          "Shared Dirtied Blocks": 0,
                                                          "Shared Written Blocks": 0,
                                                          "Local Hit Blocks": 0,
                                                          "Local Read Blocks": 0,
                                                          "Local Dirtied Blocks": 0,
                                                          "Local Written Blocks": 0,
                                                          "Temp Read Blocks": 0,
                                                          "Temp Written Blocks": 0
                                                        }]
                                                      }
                                                    ]
                                                  }]
                                                }
                                              ]
                                            },
                                            {
                                              "Node Type": "Materialize",
                                              "Parent Relationship": "Inner",
                                              "Parallel Aware": false,
                                              "Startup Cost": 0.00,
                                              "Total Cost": 1.18,
                                              "Plan Rows": 1,
                                              "Plan Width": 564,
                                              "Actual Startup Time": 0.005,
                                              "Actual Total Time": 0.006,
                                              "Actual Rows": 1,
                                              "Actual Loops": 2,
                                              "Output": ["p.uid", "p.type", "p.programid"],
                                              "Shared Hit Blocks": 1,
                                              "Shared Read Blocks": 0,
                                              "Shared Dirtied Blocks": 0,
                                              "Shared Written Blocks": 0,
                                              "Local Hit Blocks": 0,
                                              "Local Read Blocks": 0,
                                              "Local Dirtied Blocks": 0,
                                              "Local Written Blocks": 0,
                                              "Temp Read Blocks": 0,
                                              "Temp Written Blocks": 0,
                                              "Plans": [{
                                                "Node Type": "Seq Scan",
                                                "Parent Relationship": "Outer",
                                                "Parallel Aware": false,
                                                "Relation Name": "program",
                                                "Schema": "public",
                                                "Alias": "p",
                                                "Startup Cost": 0.00,
                                                "Total Cost": 1.18,
                                                "Plan Rows": 1,
                                                "Plan Width": 564,
                                                "Actual Startup Time": 0.010,
                                                "Actual Total Time": 0.011,
                                                "Actual Rows": 1,
                                                "Actual Loops": 1,
                                                "Output": ["p.uid", "p.type", "p.programid"],
                                                "Filter": "((p.programid = 64519) AND ((p.uid)::text = ANY ('{ZooGF6EL7WN,gWuxRU2yJ1x,yDuAzyqYABS,FEgBDv3xyCw,SIVHcESQEcS,gCbFSqEM5Ry}'::text[])))",
                                                "Rows Removed by Filter": 8,
                                                "Shared Hit Blocks": 1,
                                                "Shared Read Blocks": 0,
                                                "Shared Dirtied Blocks": 0,
                                                "Shared Written Blocks": 0,
                                                "Local Hit Blocks": 0,
                                                "Local Read Blocks": 0,
                                                "Local Dirtied Blocks": 0,
                                                "Local Written Blocks": 0,
                                                "Temp Read Blocks": 0,
                                                "Temp Written Blocks": 0
                                              }]
                                            }
                                          ]
                                        },
                                        {
                                          "Node Type": "Index Scan",
                                          "Parent Relationship": "Inner",
                                          "Parallel Aware": false,
                                          "Scan Direction": "Forward",
                                          "Index Name": "trackedentityinstance_pkey",
                                          "Relation Name": "trackedentityinstance",
                                          "Schema": "public",
                                          "Alias": "tei",
                                          "Startup Cost": 0.43,
                                          "Total Cost": 0.47,
                                          "Plan Rows": 1,
                                          "Plan Width": 37,
                                          "Actual Startup Time": 0.014,
                                          "Actual Total Time": 0.015,
                                          "Actual Rows": 1,
                                          "Actual Loops": 2,
                                          "Output": ["tei.trackedentityinstanceid", "tei.uid", "tei.code", "tei.created", "tei.lastupdated", "tei.lastupdatedby", "tei.createdatclient", "tei.lastupdatedatclient", "tei.inactive", "tei.deleted", "tei.lastsynchronized", "tei.featuretype", "tei.coordinates", "tei.organisationunitid", "tei.trackedentitytypeid", "tei.geometry", "tei.storedby"],
                                          "Index Cond": "(tei.trackedentityinstanceid = pi.trackedentityinstanceid)",
                                          "Rows Removed by Index Recheck": 0,
                                          "Shared Hit Blocks": 8,
                                          "Shared Read Blocks": 0,
                                          "Shared Dirtied Blocks": 0,
                                          "Shared Written Blocks": 0,
                                          "Local Hit Blocks": 0,
                                          "Local Read Blocks": 0,
                                          "Local Dirtied Blocks": 0,
                                          "Local Written Blocks": 0,
                                          "Temp Read Blocks": 0,
                                          "Temp Written Blocks": 0
                                        }
                                      ]
                                    },
                                    {
                                      "Node Type": "Index Scan",
                                      "Parent Relationship": "Inner",
                                      "Parallel Aware": false,
                                      "Scan Direction": "Forward",
                                      "Index Name": "categoryoptioncombo_pkey",
                                      "Relation Name": "categoryoptioncombo",
                                      "Schema": "public",
                                      "Alias": "coc",
                                      "Startup Cost": 0.14,
                                      "Total Cost": 0.17,
                                      "Plan Rows": 1,
                                      "Plan Width": 20,
                                      "Actual Startup Time": 0.003,
                                      "Actual Total Time": 0.004,
                                      "Actual Rows": 1,
                                      "Actual Loops": 2,
                                      "Output": ["coc.categoryoptioncomboid", "coc.uid", "coc.code", "coc.created", "coc.lastupdated", "coc.lastupdatedby", "coc.name", "coc.ignoreapproval", "coc.translations", "coc.attributevalues"],
                                      "Index Cond": "(coc.categoryoptioncomboid = psi.attributeoptioncomboid)",
                                      "Rows Removed by Index Recheck": 0,
                                      "Shared Hit Blocks": 4,
                                      "Shared Read Blocks": 0,
                                      "Shared Dirtied Blocks": 0,
                                      "Shared Written Blocks": 0,
                                      "Local Hit Blocks": 0,
                                      "Local Read Blocks": 0,
                                      "Local Dirtied Blocks": 0,
                                      "Local Written Blocks": 0,
                                      "Temp Read Blocks": 0,
                                      "Temp Written Blocks": 0
                                    }
                                  ]
                                },
                                {
                                  "Node Type": "Index Scan",
                                  "Parent Relationship": "Inner",
                                  "Parallel Aware": false,
                                  "Scan Direction": "Forward",
                                  "Index Name": "organisationunit_pkey",
                                  "Relation Name": "organisationunit",
                                  "Schema": "public",
                                  "Alias": "ou",
                                  "Startup Cost": 0.29,
                                  "Total Cost": 1.30,
                                  "Plan Rows": 1,
                                  "Plan Width": 47,
                                  "Actual Startup Time": 0.019,
                                  "Actual Total Time": 0.019,
                                  "Actual Rows": 1,
                                  "Actual Loops": 2,
                                  "Output": ["ou.organisationunitid", "ou.uid", "ou.code", "ou.created", "ou.lastupdated", "ou.lastupdatedby", "ou.name", "ou.shortname", "ou.parentid", "ou.path", "ou.hierarchylevel", "ou.description", "ou.openingdate", "ou.closeddate", "ou.comment", "ou.url", "ou.contactperson", "ou.address", "ou.email", "ou.phonenumber", "ou.userid", "ou.translations", "ou.geometry", "ou.attributevalues"],
                                  "Index Cond": "(ou.organisationunitid = psi.organisationunitid)",
                                  "Rows Removed by Index Recheck": 0,
                                  "Shared Hit Blocks": 6,
                                  "Shared Read Blocks": 0,
                                  "Shared Dirtied Blocks": 0,
                                  "Shared Written Blocks": 0,
                                  "Local Hit Blocks": 0,
                                  "Local Read Blocks": 0,
                                  "Local Dirtied Blocks": 0,
                                  "Local Written Blocks": 0,
                                  "Temp Read Blocks": 0,
                                  "Temp Written Blocks": 0
                                }
                              ]
                            },
                            {
                              "Node Type": "Index Scan",
                              "Parent Relationship": "Inner",
                              "Parallel Aware": false,
                              "Scan Direction": "Forward",
                              "Index Name": "organisationunit_pkey",
                              "Relation Name": "organisationunit",
                              "Schema": "public",
                              "Alias": "teiou",
                              "Startup Cost": 0.29,
                              "Total Cost": 0.31,
                              "Plan Rows": 1,
                              "Plan Width": 47,
                              "Actual Startup Time": 0.003,
                              "Actual Total Time": 0.003,
                              "Actual Rows": 1,
                              "Actual Loops": 2,
                              "Output": ["teiou.organisationunitid", "teiou.uid", "teiou.code", "teiou.created", "teiou.lastupdated", "teiou.lastupdatedby", "teiou.name", "teiou.shortname", "teiou.parentid", "teiou.path", "teiou.hierarchylevel", "teiou.description", "teiou.openingdate", "teiou.closeddate", "teiou.comment", "teiou.url", "teiou.contactperson", "teiou.address", "teiou.email", "teiou.phonenumber", "teiou.userid", "teiou.translations", "teiou.geometry", "teiou.attributevalues"],
                              "Index Cond": "(teiou.organisationunitid = tei.organisationunitid)",
                              "Rows Removed by Index Recheck": 0,
                              "Shared Hit Blocks": 6,
                              "Shared Read Blocks": 0,
                              "Shared Dirtied Blocks": 0,
                              "Shared Written Blocks": 0,
                              "Local Hit Blocks": 0,
                              "Local Read Blocks": 0,
                              "Local Dirtied Blocks": 0,
                              "Local Written Blocks": 0,
                              "Temp Read Blocks": 0,
                              "Temp Written Blocks": 0
                            }
                          ]
                        },
                        {
                          "Node Type": "Index Scan",
                          "Parent Relationship": "Inner",
                          "Parallel Aware": false,
                          "Scan Direction": "Forward",
                          "Index Name": "users_pkey",
                          "Relation Name": "users",
                          "Schema": "public",
                          "Alias": "auc",
                          "Startup Cost": 0.29,
                          "Total Cost": 0.71,
                          "Plan Rows": 1,
                          "Plan Width": 21,
                          "Actual Startup Time": 0.001,
                          "Actual Total Time": 0.001,
                          "Actual Rows": 0,
                          "Actual Loops": 2,
                          "Output": ["auc.userid", "auc.uid", "auc.code", "auc.created", "auc.lastupdated", "auc.lastupdatedby", "auc.creatoruserid", "auc.username", "auc.password", "auc.secret", "auc.twofa", "auc.externalauth", "auc.openid", "auc.ldapid", "auc.passwordlastupdated", "auc.lastlogin", "auc.restoretoken", "auc.restorecode", "auc.restoreexpiry", "auc.selfregistered", "auc.invitation", "auc.disabled", "auc.uuid"],
                          "Index Cond": "(auc.userid = psi.assigneduserid)",
                          "Rows Removed by Index Recheck": 0,
                          "Shared Hit Blocks": 0,
                          "Shared Read Blocks": 0,
                          "Shared Dirtied Blocks": 0,
                          "Shared Written Blocks": 0,
                          "Local Hit Blocks": 0,
                          "Local Read Blocks": 0,
                          "Local Dirtied Blocks": 0,
                          "Local Written Blocks": 0,
                          "Temp Read Blocks": 0,
                          "Temp Written Blocks": 0
                        }
                      ]
                    },
                    {
                      "Node Type": "Index Scan",
                      "Parent Relationship": "Inner",
                      "Parallel Aware": false,
                      "Scan Direction": "Forward",
                      "Index Name": "userinfo_pkey",
                      "Relation Name": "userinfo",
                      "Schema": "public",
                      "Alias": "au",
                      "Startup Cost": 0.29,
                      "Total Cost": 0.32,
                      "Plan Rows": 1,
                      "Plan Width": 45,
                      "Actual Startup Time": 0.001,
                      "Actual Total Time": 0.001,
                      "Actual Rows": 0,
                      "Actual Loops": 2,
                      "Output": ["au.userinfoid", "au.uid", "au.code", "au.lastupdated", "au.created", "au.surname", "au.firstname", "au.email", "au.phonenumber", "au.jobtitle", "au.introduction", "au.gender", "au.birthday", "au.nationality", "au.employer", "au.education", "au.interests", "au.languages", "au.welcomemessage", "au.lastcheckedinterpretations", "au.whatsapp", "au.skype", "au.facebookmessenger", "au.telegram", "au.twitter", "au.avatar", "au.attributevalues"],
                      "Index Cond": "(au.userinfoid = auc.userid)",
                      "Rows Removed by Index Recheck": 0,
                      "Shared Hit Blocks": 0,
                      "Shared Read Blocks": 0,
                      "Shared Dirtied Blocks": 0,
                      "Shared Written Blocks": 0,
                      "Local Hit Blocks": 0,
                      "Local Read Blocks": 0,
                      "Local Dirtied Blocks": 0,
                      "Local Written Blocks": 0,
                      "Temp Read Blocks": 0,
                      "Temp Written Blocks": 0
                    }
                  ]
                },
                {
                  "Node Type": "Materialize",
                  "Parent Relationship": "Inner",
                  "Parallel Aware": false,
                  "Startup Cost": 4.98,
                  "Total Cost": 9.43,
                  "Plan Rows": 178,
                  "Plan Width": 16,
                  "Actual Startup Time": 0.041,
                  "Actual Total Time": 0.053,
                  "Actual Rows": 40,
                  "Actual Loops": 2,
                  "Output": ["cocount.option_size", "cocount.categoryoptioncomboid"],
                  "Shared Hit Blocks": 2,
                  "Shared Read Blocks": 0,
                  "Shared Dirtied Blocks": 0,
                  "Shared Written Blocks": 0,
                  "Local Hit Blocks": 0,
                  "Local Read Blocks": 0,
                  "Local Dirtied Blocks": 0,
                  "Local Written Blocks": 0,
                  "Temp Read Blocks": 0,
                  "Temp Written Blocks": 0,
                  "Plans": [{
                    "Node Type": "Subquery Scan",
                    "Parent Relationship": "Outer",
                    "Parallel Aware": false,
                    "Alias": "cocount",
                    "Startup Cost": 4.98,
                    "Total Cost": 8.54,
                    "Plan Rows": 178,
                    "Plan Width": 16,
                    "Actual Startup Time": 0.079,
                    "Actual Total Time": 0.091,
                    "Actual Rows": 40,
                    "Actual Loops": 1,
                    "Output": ["cocount.option_size", "cocount.categoryoptioncomboid"],
                    "Shared Hit Blocks": 2,
                    "Shared Read Blocks": 0,
                    "Shared Dirtied Blocks": 0,
                    "Shared Written Blocks": 0,
                    "Local Hit Blocks": 0,
                    "Local Read Blocks": 0,
                    "Local Dirtied Blocks": 0,
                    "Local Written Blocks": 0,
                    "Temp Read Blocks": 0,
                    "Temp Written Blocks": 0,
                    "Plans": [{
                      "Node Type": "Aggregate",
                      "Strategy": "Hashed",
                      "Partial Mode": "Simple",
                      "Parent Relationship": "Subquery",
                      "Parallel Aware": false,
                      "Startup Cost": 4.98,
                      "Total Cost": 6.76,
                      "Plan Rows": 178,
                      "Plan Width": 16,
                      "Actual Startup Time": 0.079,
                      "Actual Total Time": 0.086,
                      "Actual Rows": 40,
                      "Actual Loops": 1,
                      "Output": ["categoryoptioncombos_categoryoptions.categoryoptioncomboid", "count(categoryoptioncombos_categoryoptions.categoryoptioncomboid)"],
                      "Group Key": ["categoryoptioncombos_categoryoptions.categoryoptioncomboid"],
                      "Planned Partitions": 0,
                      "HashAgg Batches": 1,
                      "Peak Memory Usage": 48,
                      "Disk Usage": 0,
                      "Shared Hit Blocks": 2,
                      "Shared Read Blocks": 0,
                      "Shared Dirtied Blocks": 0,
                      "Shared Written Blocks": 0,
                      "Local Hit Blocks": 0,
                      "Local Read Blocks": 0,
                      "Local Dirtied Blocks": 0,
                      "Local Written Blocks": 0,
                      "Temp Read Blocks": 0,
                      "Temp Written Blocks": 0,
                      "Plans": [{
                        "Node Type": "Seq Scan",
                        "Parent Relationship": "Outer",
                        "Parallel Aware": false,
                        "Relation Name": "categoryoptioncombos_categoryoptions",
                        "Schema": "public",
                        "Alias": "categoryoptioncombos_categoryoptions",
                        "Startup Cost": 0.00,
                        "Total Cost": 3.99,
                        "Plan Rows": 199,
                        "Plan Width": 8,
                        "Actual Startup Time": 0.003,
                        "Actual Total Time": 0.017,
                        "Actual Rows": 199,
                        "Actual Loops": 1,
                        "Output": ["categoryoptioncombos_categoryoptions.categoryoptioncomboid", "categoryoptioncombos_categoryoptions.categoryoptionid"],
                        "Shared Hit Blocks": 2,
                        "Shared Read Blocks": 0,
                        "Shared Dirtied Blocks": 0,
                        "Shared Written Blocks": 0,
                        "Local Hit Blocks": 0,
                        "Local Read Blocks": 0,
                        "Local Dirtied Blocks": 0,
                        "Local Written Blocks": 0,
                        "Temp Read Blocks": 0,
                        "Temp Written Blocks": 0
                      }]
                    }]
                  }]
                }
              ]
            },
            {
              "Node Type": "Hash Join",
              "Parent Relationship": "Inner",
              "Parallel Aware": false,
              "Join Type": "Left",
              "Startup Cost": 3.73,
              "Total Cost": 15.01,
              "Plan Rows": 60,
              "Plan Width": 26,
              "Actual Startup Time": 0.059,
              "Actual Total Time": 0.061,
              "Actual Rows": 0,
              "Actual Loops": 2,
              "Output": ["deco_1.categoryoptionid", "uga.access", "ua.access"],
              "Inner Unique": true,
              "Hash Cond": "(coua.useraccessid = ua.useraccessid)",
              "Filter": "((ua.userid = 4159444) OR (uga.usergroupid = ANY ('{71485,1129820,73014,4165089,379630}'::bigint[])))",
              "Rows Removed by Filter": 1,
              "Shared Hit Blocks": 15,
              "Shared Read Blocks": 0,
              "Shared Dirtied Blocks": 0,
              "Shared Written Blocks": 0,
              "Local Hit Blocks": 0,
              "Local Read Blocks": 0,
              "Local Dirtied Blocks": 0,
              "Local Written Blocks": 0,
              "Temp Read Blocks": 0,
              "Temp Written Blocks": 0,
              "Plans": [{
                  "Node Type": "Nested Loop",
                  "Parent Relationship": "Outer",
                  "Parallel Aware": false,
                  "Join Type": "Left",
                  "Startup Cost": 0.72,
                  "Total Cost": 11.42,
                  "Plan Rows": 227,
                  "Plan Width": 29,
                  "Actual Startup Time": 0.015,
                  "Actual Total Time": 0.017,
                  "Actual Rows": 1,
                  "Actual Loops": 2,
                  "Output": ["deco_1.categoryoptionid", "coua.useraccessid", "uga.access", "uga.usergroupid"],
                  "Inner Unique": false,
                  "Shared Hit Blocks": 11,
                  "Shared Read Blocks": 0,
                  "Shared Dirtied Blocks": 0,
                  "Shared Written Blocks": 0,
                  "Local Hit Blocks": 0,
                  "Local Read Blocks": 0,
                  "Local Dirtied Blocks": 0,
                  "Local Written Blocks": 0,
                  "Temp Read Blocks": 0,
                  "Temp Written Blocks": 0,
                  "Plans": [{
                      "Node Type": "Nested Loop",
                      "Parent Relationship": "Outer",
                      "Parallel Aware": false,
                      "Join Type": "Left",
                      "Startup Cost": 0.57,
                      "Total Cost": 3.66,
                      "Plan Rows": 15,
                      "Plan Width": 25,
                      "Actual Startup Time": 0.010,
                      "Actual Total Time": 0.012,
                      "Actual Rows": 1,
                      "Actual Loops": 2,
                      "Output": ["deco_1.categoryoptionid", "uga.access", "uga.usergroupid"],
                      "Inner Unique": false,
                      "Shared Hit Blocks": 7,
                      "Shared Read Blocks": 0,
                      "Shared Dirtied Blocks": 0,
                      "Shared Written Blocks": 0,
                      "Local Hit Blocks": 0,
                      "Local Read Blocks": 0,
                      "Local Dirtied Blocks": 0,
                      "Local Written Blocks": 0,
                      "Temp Read Blocks": 0,
                      "Temp Written Blocks": 0,
                      "Plans": [{
                          "Node Type": "Index Only Scan",
                          "Parent Relationship": "Outer",
                          "Parallel Aware": false,
                          "Scan Direction": "Forward",
                          "Index Name": "dataelementcategoryoption_pkey",
                          "Relation Name": "dataelementcategoryoption",
                          "Schema": "public",
                          "Alias": "deco_1",
                          "Startup Cost": 0.14,
                          "Total Cost": 0.17,
                          "Plan Rows": 1,
                          "Plan Width": 8,
                          "Actual Startup Time": 0.003,
                          "Actual Total Time": 0.004,
                          "Actual Rows": 1,
                          "Actual Loops": 2,
                          "Output": ["deco_1.categoryoptionid"],
                          "Index Cond": "(deco_1.categoryoptionid = cocco.categoryoptionid)",
                          "Rows Removed by Index Recheck": 0,
                          "Heap Fetches": 0,
                          "Shared Hit Blocks": 3,
                          "Shared Read Blocks": 0,
                          "Shared Dirtied Blocks": 0,
                          "Shared Written Blocks": 0,
                          "Local Hit Blocks": 0,
                          "Local Read Blocks": 0,
                          "Local Dirtied Blocks": 0,
                          "Local Written Blocks": 0,
                          "Temp Read Blocks": 0,
                          "Temp Written Blocks": 0
                        },
                        {
                          "Node Type": "Nested Loop",
                          "Parent Relationship": "Inner",
                          "Parallel Aware": false,
                          "Join Type": "Left",
                          "Startup Cost": 0.43,
                          "Total Cost": 3.39,
                          "Plan Rows": 10,
                          "Plan Width": 25,
                          "Actual Startup Time": 0.005,
                          "Actual Total Time": 0.006,
                          "Actual Rows": 0,
                          "Actual Loops": 2,
                          "Output": ["couga.categoryoptionid", "uga.access", "uga.usergroupid"],
                          "Inner Unique": true,
                          "Shared Hit Blocks": 4,
                          "Shared Read Blocks": 0,
                          "Shared Dirtied Blocks": 0,
                          "Shared Written Blocks": 0,
                          "Local Hit Blocks": 0,
                          "Local Read Blocks": 0,
                          "Local Dirtied Blocks": 0,
                          "Local Written Blocks": 0,
                          "Temp Read Blocks": 0,
                          "Temp Written Blocks": 0,
                          "Plans": [{
                              "Node Type": "Index Only Scan",
                              "Parent Relationship": "Outer",
                              "Parallel Aware": false,
                              "Scan Direction": "Forward",
                              "Index Name": "dataelementcategoryoptionusergroupaccesses_pkey",
                              "Relation Name": "dataelementcategoryoptionusergroupaccesses",
                              "Schema": "public",
                              "Alias": "couga",
                              "Startup Cost": 0.15,
                              "Total Cost": 0.42,
                              "Plan Rows": 10,
                              "Plan Width": 12,
                              "Actual Startup Time": 0.005,
                              "Actual Total Time": 0.005,
                              "Actual Rows": 0,
                              "Actual Loops": 2,
                              "Output": ["couga.categoryoptionid", "couga.usergroupaccessid"],
                              "Index Cond": "(couga.categoryoptionid = deco_1.categoryoptionid)",
                              "Rows Removed by Index Recheck": 0,
                              "Heap Fetches": 0,
                              "Shared Hit Blocks": 4,
                              "Shared Read Blocks": 0,
                              "Shared Dirtied Blocks": 0,
                              "Shared Written Blocks": 0,
                              "Local Hit Blocks": 0,
                              "Local Read Blocks": 0,
                              "Local Dirtied Blocks": 0,
                              "Local Written Blocks": 0,
                              "Temp Read Blocks": 0,
                              "Temp Written Blocks": 0
                            },
                            {
                              "Node Type": "Index Scan",
                              "Parent Relationship": "Inner",
                              "Parallel Aware": false,
                              "Scan Direction": "Forward",
                              "Index Name": "usergroupaccess_pkey",
                              "Relation Name": "usergroupaccess",
                              "Schema": "public",
                              "Alias": "uga",
                              "Startup Cost": 0.28,
                              "Total Cost": 0.30,
                              "Plan Rows": 1,
                              "Plan Width": 21,
                              "Actual Startup Time": 0.000,
                              "Actual Total Time": 0.000,
                              "Actual Rows": 0,
                              "Actual Loops": 0,
                              "Output": ["uga.usergroupaccessid", "uga.access", "uga.usergroupid"],
                              "Index Cond": "(uga.usergroupaccessid = couga.usergroupaccessid)",
                              "Rows Removed by Index Recheck": 0,
                              "Shared Hit Blocks": 0,
                              "Shared Read Blocks": 0,
                              "Shared Dirtied Blocks": 0,
                              "Shared Written Blocks": 0,
                              "Local Hit Blocks": 0,
                              "Local Read Blocks": 0,
                              "Local Dirtied Blocks": 0,
                              "Local Written Blocks": 0,
                              "Temp Read Blocks": 0,
                              "Temp Written Blocks": 0
                            }
                          ]
                        }
                      ]
                    },
                    {
                      "Node Type": "Index Only Scan",
                      "Parent Relationship": "Inner",
                      "Parallel Aware": false,
                      "Scan Direction": "Forward",
                      "Index Name": "dataelementcategoryoptionuseraccesses_pkey",
                      "Relation Name": "dataelementcategoryoptionuseraccesses",
                      "Schema": "public",
                      "Alias": "coua",
                      "Startup Cost": 0.15,
                      "Total Cost": 0.42,
                      "Plan Rows": 10,
                      "Plan Width": 12,
                      "Actual Startup Time": 0.003,
                      "Actual Total Time": 0.004,
                      "Actual Rows": 0,
                      "Actual Loops": 2,
                      "Output": ["coua.categoryoptionid", "coua.useraccessid"],
                      "Index Cond": "(coua.categoryoptionid = deco_1.categoryoptionid)",
                      "Rows Removed by Index Recheck": 0,
                      "Heap Fetches": 0,
                      "Shared Hit Blocks": 4,
                      "Shared Read Blocks": 0,
                      "Shared Dirtied Blocks": 0,
                      "Shared Written Blocks": 0,
                      "Local Hit Blocks": 0,
                      "Local Read Blocks": 0,
                      "Local Dirtied Blocks": 0,
                      "Local Written Blocks": 0,
                      "Temp Read Blocks": 0,
                      "Temp Written Blocks": 0
                    }
                  ]
                },
                {
                  "Node Type": "Hash",
                  "Parent Relationship": "Inner",
                  "Parallel Aware": false,
                  "Startup Cost": 1.89,
                  "Total Cost": 1.89,
                  "Plan Rows": 89,
                  "Plan Width": 21,
                  "Actual Startup Time": 0.043,
                  "Actual Total Time": 0.044,
                  "Actual Rows": 89,
                  "Actual Loops": 1,
                  "Output": ["ua.access", "ua.useraccessid", "ua.userid"],
                  "Hash Buckets": 1024,
                  "Original Hash Buckets": 1024,
                  "Hash Batches": 1,
                  "Original Hash Batches": 1,
                  "Peak Memory Usage": 13,
                  "Shared Hit Blocks": 1,
                  "Shared Read Blocks": 0,
                  "Shared Dirtied Blocks": 0,
                  "Shared Written Blocks": 0,
                  "Local Hit Blocks": 0,
                  "Local Read Blocks": 0,
                  "Local Dirtied Blocks": 0,
                  "Local Written Blocks": 0,
                  "Temp Read Blocks": 0,
                  "Temp Written Blocks": 0,
                  "Plans": [{
                    "Node Type": "Seq Scan",
                    "Parent Relationship": "Outer",
                    "Parallel Aware": false,
                    "Relation Name": "useraccess",
                    "Schema": "public",
                    "Alias": "ua",
                    "Startup Cost": 0.00,
                    "Total Cost": 1.89,
                    "Plan Rows": 89,
                    "Plan Width": 21,
                    "Actual Startup Time": 0.012,
                    "Actual Total Time": 0.024,
                    "Actual Rows": 89,
                    "Actual Loops": 1,
                    "Output": ["ua.access", "ua.useraccessid", "ua.userid"],
                    "Shared Hit Blocks": 1,
                    "Shared Read Blocks": 0,
                    "Shared Dirtied Blocks": 0,
                    "Shared Written Blocks": 0,
                    "Local Hit Blocks": 0,
                    "Local Read Blocks": 0,
                    "Local Dirtied Blocks": 0,
                    "Local Written Blocks": 0,
                    "Temp Read Blocks": 0,
                    "Temp Written Blocks": 0
                  }]
                }
              ]
            }
          ]
        }]
      },
      {
        "Node Type": "Nested Loop",
        "Parent Relationship": "Inner",
        "Parallel Aware": false,
        "Join Type": "Left",
        "Startup Cost": 1.12,
        "Total Cost": 4.14,
        "Plan Rows": 1,
        "Plan Width": 157,
        "Actual Startup Time": 0.006,
        "Actual Total Time": 0.007,
        "Actual Rows": 0,
        "Actual Loops": 2,
        "Output": ["psic.programstageinstanceid", "psinote.trackedentitycommentid", "psinote.commenttext", "psinote.created", "psinote.creator", "psinote.uid", "psinote.lastupdated", "usernote.userid", "usernote.code", "usernote.uid", "usernote.username", "userinfo.firstname", "userinfo.surname"],
        "Inner Unique": true,
        "Shared Hit Blocks": 4,
        "Shared Read Blocks": 0,
        "Shared Dirtied Blocks": 0,
        "Shared Written Blocks": 0,
        "Local Hit Blocks": 0,
        "Local Read Blocks": 0,
        "Local Dirtied Blocks": 0,
        "Local Written Blocks": 0,
        "Temp Read Blocks": 0,
        "Temp Written Blocks": 0,
        "Plans": [{
            "Node Type": "Nested Loop",
            "Parent Relationship": "Outer",
            "Parallel Aware": false,
            "Join Type": "Left",
            "Startup Cost": 0.83,
            "Total Cost": 3.82,
            "Plan Rows": 1,
            "Plan Width": 132,
            "Actual Startup Time": 0.005,
            "Actual Total Time": 0.006,
            "Actual Rows": 0,
            "Actual Loops": 2,
            "Output": ["psic.programstageinstanceid", "psinote.trackedentitycommentid", "psinote.commenttext", "psinote.created", "psinote.creator", "psinote.uid", "psinote.lastupdated", "usernote.userid", "usernote.code", "usernote.uid", "usernote.username"],
            "Inner Unique": true,
            "Shared Hit Blocks": 4,
            "Shared Read Blocks": 0,
            "Shared Dirtied Blocks": 0,
            "Shared Written Blocks": 0,
            "Local Hit Blocks": 0,
            "Local Read Blocks": 0,
            "Local Dirtied Blocks": 0,
            "Local Written Blocks": 0,
            "Temp Read Blocks": 0,
            "Temp Written Blocks": 0,
            "Plans": [{
                "Node Type": "Nested Loop",
                "Parent Relationship": "Outer",
                "Parallel Aware": false,
                "Join Type": "Inner",
                "Startup Cost": 0.55,
                "Total Cost": 2.83,
                "Plan Rows": 1,
                "Plan Width": 101,
                "Actual Startup Time": 0.005,
                "Actual Total Time": 0.005,
                "Actual Rows": 0,
                "Actual Loops": 2,
                "Output": ["psic.programstageinstanceid", "psinote.trackedentitycommentid", "psinote.commenttext", "psinote.created", "psinote.creator", "psinote.uid", "psinote.lastupdated", "psinote.lastupdatedby"],
                "Inner Unique": true,
                "Shared Hit Blocks": 4,
                "Shared Read Blocks": 0,
                "Shared Dirtied Blocks": 0,
                "Shared Written Blocks": 0,
                "Local Hit Blocks": 0,
                "Local Read Blocks": 0,
                "Local Dirtied Blocks": 0,
                "Local Written Blocks": 0,
                "Temp Read Blocks": 0,
                "Temp Written Blocks": 0,
                "Plans": [{
                    "Node Type": "Index Scan",
                    "Parent Relationship": "Outer",
                    "Parallel Aware": false,
                    "Scan Direction": "Forward",
                    "Index Name": "programstageinstancecomments_pkey",
                    "Relation Name": "programstageinstancecomments",
                    "Schema": "public",
                    "Alias": "psic",
                    "Startup Cost": 0.27,
                    "Total Cost": 2.49,
                    "Plan Rows": 1,
                    "Plan Width": 16,
                    "Actual Startup Time": 0.004,
                    "Actual Total Time": 0.004,
                    "Actual Rows": 0,
                    "Actual Loops": 2,
                    "Output": ["psic.programstageinstanceid", "psic.sort_order", "psic.trackedentitycommentid"],
                    "Index Cond": "(psic.programstageinstanceid = psi.programstageinstanceid)",
                    "Rows Removed by Index Recheck": 0,
                    "Shared Hit Blocks": 4,
                    "Shared Read Blocks": 0,
                    "Shared Dirtied Blocks": 0,
                    "Shared Written Blocks": 0,
                    "Local Hit Blocks": 0,
                    "Local Read Blocks": 0,
                    "Local Dirtied Blocks": 0,
                    "Local Written Blocks": 0,
                    "Temp Read Blocks": 0,
                    "Temp Written Blocks": 0
                  },
                  {
                    "Node Type": "Index Scan",
                    "Parent Relationship": "Inner",
                    "Parallel Aware": false,
                    "Scan Direction": "Forward",
                    "Index Name": "trackedentitycomment_pkey",
                    "Relation Name": "trackedentitycomment",
                    "Schema": "public",
                    "Alias": "psinote",
                    "Startup Cost": 0.28,
                    "Total Cost": 0.34,
                    "Plan Rows": 1,
                    "Plan Width": 93,
                    "Actual Startup Time": 0.000,
                    "Actual Total Time": 0.000,
                    "Actual Rows": 0,
                    "Actual Loops": 0,
                    "Output": ["psinote.trackedentitycommentid", "psinote.uid", "psinote.code", "psinote.created", "psinote.lastupdated", "psinote.lastupdatedby", "psinote.commenttext", "psinote.creator"],
                    "Index Cond": "(psinote.trackedentitycommentid = psic.trackedentitycommentid)",
                    "Rows Removed by Index Recheck": 0,
                    "Shared Hit Blocks": 0,
                    "Shared Read Blocks": 0,
                    "Shared Dirtied Blocks": 0,
                    "Shared Written Blocks": 0,
                    "Local Hit Blocks": 0,
                    "Local Read Blocks": 0,
                    "Local Dirtied Blocks": 0,
                    "Local Written Blocks": 0,
                    "Temp Read Blocks": 0,
                    "Temp Written Blocks": 0
                  }
                ]
              },
              {
                "Node Type": "Index Scan",
                "Parent Relationship": "Inner",
                "Parallel Aware": false,
                "Scan Direction": "Forward",
                "Index Name": "users_pkey",
                "Relation Name": "users",
                "Schema": "public",
                "Alias": "usernote",
                "Startup Cost": 0.29,
                "Total Cost": 0.99,
                "Plan Rows": 1,
                "Plan Width": 39,
                "Actual Startup Time": 0.000,
                "Actual Total Time": 0.000,
                "Actual Rows": 0,
                "Actual Loops": 0,
                "Output": ["usernote.userid", "usernote.uid", "usernote.code", "usernote.created", "usernote.lastupdated", "usernote.lastupdatedby", "usernote.creatoruserid", "usernote.username", "usernote.password", "usernote.secret", "usernote.twofa", "usernote.externalauth", "usernote.openid", "usernote.ldapid", "usernote.passwordlastupdated", "usernote.lastlogin", "usernote.restoretoken", "usernote.restorecode", "usernote.restoreexpiry", "usernote.selfregistered", "usernote.invitation", "usernote.disabled", "usernote.uuid"],
                "Index Cond": "(usernote.userid = psinote.lastupdatedby)",
                "Rows Removed by Index Recheck": 0,
                "Shared Hit Blocks": 0,
                "Shared Read Blocks": 0,
                "Shared Dirtied Blocks": 0,
                "Shared Written Blocks": 0,
                "Local Hit Blocks": 0,
                "Local Read Blocks": 0,
                "Local Dirtied Blocks": 0,
                "Local Written Blocks": 0,
                "Temp Read Blocks": 0,
                "Temp Written Blocks": 0
              }
            ]
          },
          {
            "Node Type": "Index Scan",
            "Parent Relationship": "Inner",
            "Parallel Aware": false,
            "Scan Direction": "Forward",
            "Index Name": "userinfo_pkey",
            "Relation Name": "userinfo",
            "Schema": "public",
            "Alias": "userinfo",
            "Startup Cost": 0.29,
            "Total Cost": 0.32,
            "Plan Rows": 1,
            "Plan Width": 33,
            "Actual Startup Time": 0.000,
            "Actual Total Time": 0.000,
            "Actual Rows": 0,
            "Actual Loops": 0,
            "Output": ["userinfo.userinfoid", "userinfo.uid", "userinfo.code", "userinfo.lastupdated", "userinfo.created", "userinfo.surname", "userinfo.firstname", "userinfo.email", "userinfo.phonenumber", "userinfo.jobtitle", "userinfo.introduction", "userinfo.gender", "userinfo.birthday", "userinfo.nationality", "userinfo.employer", "userinfo.education", "userinfo.interests", "userinfo.languages", "userinfo.welcomemessage", "userinfo.lastcheckedinterpretations", "userinfo.whatsapp", "userinfo.skype", "userinfo.facebookmessenger", "userinfo.telegram", "userinfo.twitter", "userinfo.avatar", "userinfo.attributevalues"],
            "Index Cond": "(userinfo.userinfoid = usernote.userid)",
            "Rows Removed by Index Recheck": 0,
            "Shared Hit Blocks": 0,
            "Shared Read Blocks": 0,
            "Shared Dirtied Blocks": 0,
            "Shared Written Blocks": 0,
            "Local Hit Blocks": 0,
            "Local Read Blocks": 0,
            "Local Dirtied Blocks": 0,
            "Local Written Blocks": 0,
            "Temp Read Blocks": 0,
            "Temp Written Blocks": 0
          }
        ]
      }
    ]
  },
  "Planning": {
    "Shared Hit Blocks": 1731,
    "Shared Read Blocks": 0,
    "Shared Dirtied Blocks": 0,
    "Shared Written Blocks": 0,
    "Local Hit Blocks": 0,
    "Local Read Blocks": 0,
    "Local Dirtied Blocks": 0,
    "Local Written Blocks": 0,
    "Temp Read Blocks": 0,
    "Temp Written Blocks": 0
  },
  "Planning Time": 17.515,
  "Triggers": [],
  "Execution Time": 432.503
}]