[{
  "Plan": {
    "Node Type": "Nested Loop",
    "Parallel Aware": false,
    "Join Type": "Left",
    "Startup Cost": 2521796.50,
    "Total Cost": 2521810.08,
    "Plan Rows": 2,
    "Plan Width": 2351,
    "Actual Startup Time": 10480.507,
    "Actual Total Time": 10581.755,
    "Actual Rows": 2,
    "Actual Loops": 1,
    "Output": ["ou.uid", "p.uid", "ps.uid", "coc.uid", "psi.uid", "ou.uid", "p.uid", "ps.uid", "coc.uid", "psi.programstageinstanceid", "psi.status", "psi.executiondate", "psi.eventdatavalues", "psi.duedate", "psi.completedby", "psi.storedby", "psi.created", "psi.createdbyuserinfo", "psi.lastupdated", "psi.lastupdatedbyuserinfo", "psi.completeddate", "psi.deleted", "(st_astext(psi.geometry))", "au.uid", "((((au.firstname)::text || ' '::text) || (au.surname)::text))", "auc.username", "cocco.categoryoptionid", "deco.uid", "deco.publicaccess", "uga.access", "ua.access", "(count(categoryoptioncombos_categoryoptions.categoryoptioncomboid))", "(lower((psi.eventdatavalues #>> '{LavUrktwH5D,value}'::text[])))", "pi.uid", "pi.status", "pi.followup", "p.type", "ps.uid", "ou.name", "tei.trackedentityinstanceid", "tei.uid", "teiou.uid", "teiou.name", "tei.created", "tei.inactive", "psic.programstageinstanceid", "psinote.trackedentitycommentid", "psinote.commenttext", "psinote.created", "psinote.creator", "psinote.uid", "psinote.lastupdated", "usernote.userid", "usernote.code", "usernote.uid", "usernote.username", "userinfo.firstname", "userinfo.surname"],
    "Inner Unique": false,
    "Shared Hit Blocks": 448703,
    "Shared Read Blocks": 1947739,
    "Shared Dirtied Blocks": 0,
    "Shared Written Blocks": 0,
    "Local Hit Blocks": 0,
    "Local Read Blocks": 0,
    "Local Dirtied Blocks": 0,
    "Local Written Blocks": 0,
    "Temp Read Blocks": 0,
    "Temp Written Blocks": 0,
    "Plans": [{
        "Node Type": "Limit",
        "Parent Relationship": "Outer",
        "Parallel Aware": false,
        "Startup Cost": 2521795.26,
        "Total Cost": 2521799.24,
        "Plan Rows": 2,
        "Plan Width": 2086,
        "Actual Startup Time": 10480.481,
        "Actual Total Time": 10581.722,
        "Actual Rows": 2,
        "Actual Loops": 1,
        "Output": ["ou.uid", "p.uid", "ps.uid", "coc.uid", "psi.uid", "ou.uid", "p.uid", "ps.uid", "coc.uid", "psi.programstageinstanceid", "psi.status", "psi.executiondate", "psi.eventdatavalues", "psi.duedate", "psi.completedby", "psi.storedby", "psi.created", "psi.createdbyuserinfo", "psi.lastupdated", "psi.lastupdatedbyuserinfo", "psi.completeddate", "psi.deleted", "(st_astext(psi.geometry))", "au.uid", "((((au.firstname)::text || ' '::text) || (au.surname)::text))", "auc.username", "cocco.categoryoptionid", "deco.uid", "deco.publicaccess", "uga.access", "ua.access", "(count(categoryoptioncombos_categoryoptions.categoryoptioncomboid))", "(lower((psi.eventdatavalues #>> '{LavUrktwH5D,value}'::text[])))", "pi.uid", "pi.status", "pi.followup", "p.type", "ps.uid", "ou.name", "tei.trackedentityinstanceid", "tei.uid", "teiou.uid", "teiou.name", "tei.created", "tei.inactive"],
        "Shared Hit Blocks": 448699,
        "Shared Read Blocks": 1947739,
        "Shared Dirtied Blocks": 0,
        "Shared Written Blocks": 0,
        "Local Hit Blocks": 0,
        "Local Read Blocks": 0,
        "Local Dirtied Blocks": 0,
        "Local Written Blocks": 0,
        "Temp Read Blocks": 0,
        "Temp Written Blocks": 0,
        "Plans": [{
          "Node Type": "Gather Merge",
          "Parent Relationship": "Outer",
          "Parallel Aware": false,
          "Startup Cost": 2521795.26,
          "Total Cost": 2635806.69,
          "Plan Rows": 57244,
          "Plan Width": 2086,
          "Actual Startup Time": 8852.131,
          "Actual Total Time": 8953.371,
          "Actual Rows": 2,
          "Actual Loops": 1,
          "Output": ["ou.uid", "p.uid", "ps.uid", "coc.uid", "psi.uid", "ou.uid", "p.uid", "ps.uid", "coc.uid", "psi.programstageinstanceid", "psi.status", "psi.executiondate", "psi.eventdatavalues", "psi.duedate", "psi.completedby", "psi.storedby", "psi.created", "psi.createdbyuserinfo", "psi.lastupdated", "psi.lastupdatedbyuserinfo", "psi.completeddate", "psi.deleted", "(st_astext(psi.geometry))", "au.uid", "((((au.firstname)::text || ' '::text) || (au.surname)::text))", "auc.username", "cocco.categoryoptionid", "deco.uid", "deco.publicaccess", "uga.access", "ua.access", "(count(categoryoptioncombos_categoryoptions.categoryoptioncomboid))", "(lower((psi.eventdatavalues #>> '{LavUrktwH5D,value}'::text[])))", "pi.uid", "pi.status", "pi.followup", "p.type", "ps.uid", "ou.name", "tei.trackedentityinstanceid", "tei.uid", "teiou.uid", "teiou.name", "tei.created", "tei.inactive"],
          "Workers Planned": 2,
          "Workers Launched": 2,
          "Shared Hit Blocks": 448699,
          "Shared Read Blocks": 1947739,
          "Shared Dirtied Blocks": 0,
          "Shared Written Blocks": 0,
          "Local Hit Blocks": 0,
          "Local Read Blocks": 0,
          "Local Dirtied Blocks": 0,
          "Local Written Blocks": 0,
          "Temp Read Blocks": 0,
          "Temp Written Blocks": 0,
          "Plans": [{
            "Node Type": "Result",
            "Parent Relationship": "Outer",
            "Parallel Aware": false,
            "Startup Cost": 2520795.23,
            "Total Cost": 2575105.48,
            "Plan Rows": 28622,
            "Plan Width": 2086,
            "Actual Startup Time": 8818.169,
            "Actual Total Time": 8818.180,
            "Actual Rows": 1,
            "Actual Loops": 3,
            "Output": ["ou.uid", "p.uid", "ps.uid", "coc.uid", "psi.uid", "ou.uid", "p.uid", "ps.uid", "coc.uid", "psi.programstageinstanceid", "psi.status", "psi.executiondate", "psi.eventdatavalues", "psi.duedate", "psi.completedby", "psi.storedby", "psi.created", "psi.createdbyuserinfo", "psi.lastupdated", "psi.lastupdatedbyuserinfo", "psi.completeddate", "psi.deleted", "st_astext(psi.geometry)", "au.uid", "((((au.firstname)::text || ' '::text) || (au.surname)::text))", "auc.username", "cocco.categoryoptionid", "deco.uid", "deco.publicaccess", "uga.access", "ua.access", "(count(categoryoptioncombos_categoryoptions.categoryoptioncomboid))", "(lower((psi.eventdatavalues #>> '{LavUrktwH5D,value}'::text[])))", "pi.uid", "pi.status", "pi.followup", "p.type", "ps.uid", "ou.name", "tei.trackedentityinstanceid", "tei.uid", "teiou.uid", "teiou.name", "tei.created", "tei.inactive"],
            "Shared Hit Blocks": 448699,
            "Shared Read Blocks": 1947739,
            "Shared Dirtied Blocks": 0,
            "Shared Written Blocks": 0,
            "Local Hit Blocks": 0,
            "Local Read Blocks": 0,
            "Local Dirtied Blocks": 0,
            "Local Written Blocks": 0,
            "Temp Read Blocks": 0,
            "Temp Written Blocks": 0,
            "Workers": [{
                "Worker Number": 0,
                "Actual Startup Time": 8798.624,
                "Actual Total Time": 8798.636,
                "Actual Rows": 2,
                "Actual Loops": 1,
                "JIT": {
                  "Functions": 129,
                  "Options": {
                    "Inlining": true,
                    "Optimization": true,
                    "Expressions": true,
                    "Deforming": true
                  },
                  "Timing": {
                    "Generation": 12.292,
                    "Inlining": 59.959,
                    "Optimization": 930.772,
                    "Emission": 536.223,
                    "Total": 1539.246
                  }
                },
                "Shared Hit Blocks": 138649,
                "Shared Read Blocks": 620934,
                "Shared Dirtied Blocks": 0,
                "Shared Written Blocks": 0,
                "Local Hit Blocks": 0,
                "Local Read Blocks": 0,
                "Local Dirtied Blocks": 0,
                "Local Written Blocks": 0,
                "Temp Read Blocks": 0,
                "Temp Written Blocks": 0
              },
              {
                "Worker Number": 1,
                "Actual Startup Time": 8806.367,
                "Actual Total Time": 8806.378,
                "Actual Rows": 0,
                "Actual Loops": 1,
                "JIT": {
                  "Functions": 129,
                  "Options": {
                    "Inlining": true,
                    "Optimization": true,
                    "Expressions": true,
                    "Deforming": true
                  },
                  "Timing": {
                    "Generation": 12.338,
                    "Inlining": 58.571,
                    "Optimization": 882.323,
                    "Emission": 510.184,
                    "Total": 1463.415
                  }
                },
                "Shared Hit Blocks": 141608,
                "Shared Read Blocks": 630135,
                "Shared Dirtied Blocks": 0,
                "Shared Written Blocks": 0,
                "Local Hit Blocks": 0,
                "Local Read Blocks": 0,
                "Local Dirtied Blocks": 0,
                "Local Written Blocks": 0,
                "Temp Read Blocks": 0,
                "Temp Written Blocks": 0
              }
            ],
            "Plans": [{
              "Node Type": "Sort",
              "Parent Relationship": "Outer",
              "Parallel Aware": false,
              "Startup Cost": 2520795.23,
              "Total Cost": 2520866.79,
              "Plan Rows": 28622,
              "Plan Width": 2086,
              "Actual Startup Time": 8818.167,
              "Actual Total Time": 8818.178,
              "Actual Rows": 1,
              "Actual Loops": 3,
              "Output": ["ou.uid", "p.uid", "ps.uid", "coc.uid", "psi.uid", "ou.uid", "p.uid", "ps.uid", "coc.uid", "psi.programstageinstanceid", "psi.status", "psi.executiondate", "psi.eventdatavalues", "psi.duedate", "psi.completedby", "psi.storedby", "psi.created", "psi.createdbyuserinfo", "psi.lastupdated", "psi.lastupdatedbyuserinfo", "psi.completeddate", "psi.deleted", "au.uid", "((((au.firstname)::text || ' '::text) || (au.surname)::text))", "auc.username", "cocco.categoryoptionid", "deco.uid", "deco.publicaccess", "uga.access", "ua.access", "(count(categoryoptioncombos_categoryoptions.categoryoptioncomboid))", "(lower((psi.eventdatavalues #>> '{LavUrktwH5D,value}'::text[])))", "pi.uid", "pi.status", "pi.followup", "p.type", "ps.uid", "ou.name", "tei.trackedentityinstanceid", "tei.uid", "teiou.uid", "teiou.name", "tei.created", "tei.inactive", "psi.geometry"],
              "Sort Key": ["psi.lastupdated DESC"],
              "Sort Method": "quicksort",
              "Sort Space Used": 25,
              "Sort Space Type": "Memory",
              "Shared Hit Blocks": 448699,
              "Shared Read Blocks": 1947739,
              "Shared Dirtied Blocks": 0,
              "Shared Written Blocks": 0,
              "Local Hit Blocks": 0,
              "Local Read Blocks": 0,
              "Local Dirtied Blocks": 0,
              "Local Written Blocks": 0,
              "Temp Read Blocks": 0,
              "Temp Written Blocks": 0,
              "Workers": [{
                  "Worker Number": 0,
                  "Actual Startup Time": 8798.620,
                  "Actual Total Time": 8798.631,
                  "Actual Rows": 2,
                  "Actual Loops": 1,
                  "Sort Method": "quicksort",
                  "Sort Space Used": 29,
                  "Sort Space Type": "Memory",
                  "Shared Hit Blocks": 138649,
                  "Shared Read Blocks": 620934,
                  "Shared Dirtied Blocks": 0,
                  "Shared Written Blocks": 0,
                  "Local Hit Blocks": 0,
                  "Local Read Blocks": 0,
                  "Local Dirtied Blocks": 0,
                  "Local Written Blocks": 0,
                  "Temp Read Blocks": 0,
                  "Temp Written Blocks": 0
                },
                {
                  "Worker Number": 1,
                  "Actual Startup Time": 8806.366,
                  "Actual Total Time": 8806.377,
                  "Actual Rows": 0,
                  "Actual Loops": 1,
                  "Sort Method": "quicksort",
                  "Sort Space Used": 25,
                  "Sort Space Type": "Memory",
                  "Shared Hit Blocks": 141608,
                  "Shared Read Blocks": 630135,
                  "Shared Dirtied Blocks": 0,
                  "Shared Written Blocks": 0,
                  "Local Hit Blocks": 0,
                  "Local Read Blocks": 0,
                  "Local Dirtied Blocks": 0,
                  "Local Written Blocks": 0,
                  "Temp Read Blocks": 0,
                  "Temp Written Blocks": 0
                }
              ],
              "Plans": [{
                "Node Type": "Hash Join",
                "Parent Relationship": "Outer",
                "Parallel Aware": false,
                "Join Type": "Left",
                "Startup Cost": 2512901.66,
                "Total Cost": 2520509.01,
                "Plan Rows": 28622,
                "Plan Width": 2086,
                "Actual Startup Time": 8818.126,
                "Actual Total Time": 8818.142,
                "Actual Rows": 1,
                "Actual Loops": 3,
                "Output": ["ou.uid", "p.uid", "ps.uid", "coc.uid", "psi.uid", "ou.uid", "p.uid", "ps.uid", "coc.uid", "psi.programstageinstanceid", "psi.status", "psi.executiondate", "psi.eventdatavalues", "psi.duedate", "psi.completedby", "psi.storedby", "psi.created", "psi.createdbyuserinfo", "psi.lastupdated", "psi.lastupdatedbyuserinfo", "psi.completeddate", "psi.deleted", "au.uid", "(((au.firstname)::text || ' '::text) || (au.surname)::text)", "auc.username", "cocco.categoryoptionid", "deco.uid", "deco.publicaccess", "uga.access", "ua.access", "(count(categoryoptioncombos_categoryoptions.categoryoptioncomboid))", "lower((psi.eventdatavalues #>> '{LavUrktwH5D,value}'::text[]))", "pi.uid", "pi.status", "pi.followup", "p.type", "ps.uid", "ou.name", "tei.trackedentityinstanceid", "tei.uid", "teiou.uid", "teiou.name", "tei.created", "tei.inactive", "psi.geometry"],
                "Inner Unique": false,
                "Hash Cond": "(cocco.categoryoptionid = deco_1.categoryoptionid)",
                "Shared Hit Blocks": 448683,
                "Shared Read Blocks": 1947739,
                "Shared Dirtied Blocks": 0,
                "Shared Written Blocks": 0,
                "Local Hit Blocks": 0,
                "Local Read Blocks": 0,
                "Local Dirtied Blocks": 0,
                "Local Written Blocks": 0,
                "Temp Read Blocks": 0,
                "Temp Written Blocks": 0,
                "Workers": [{
                    "Worker Number": 0,
                    "Actual Startup Time": 8798.551,
                    "Actual Total Time": 8798.580,
                    "Actual Rows": 2,
                    "Actual Loops": 1,
                    "Shared Hit Blocks": 138641,
                    "Shared Read Blocks": 620934,
                    "Shared Dirtied Blocks": 0,
                    "Shared Written Blocks": 0,
                    "Local Hit Blocks": 0,
                    "Local Read Blocks": 0,
                    "Local Dirtied Blocks": 0,
                    "Local Written Blocks": 0,
                    "Temp Read Blocks": 0,
                    "Temp Written Blocks": 0
                  },
                  {
                    "Worker Number": 1,
                    "Actual Startup Time": 8806.318,
                    "Actual Total Time": 8806.329,
                    "Actual Rows": 0,
                    "Actual Loops": 1,
                    "Shared Hit Blocks": 141600,
                    "Shared Read Blocks": 630135,
                    "Shared Dirtied Blocks": 0,
                    "Shared Written Blocks": 0,
                    "Local Hit Blocks": 0,
                    "Local Read Blocks": 0,
                    "Local Dirtied Blocks": 0,
                    "Local Written Blocks": 0,
                    "Temp Read Blocks": 0,
                    "Temp Written Blocks": 0
                  }
                ],
                "Plans": [{
                    "Node Type": "Nested Loop",
                    "Parent Relationship": "Outer",
                    "Parallel Aware": false,
                    "Join Type": "Left",
                    "Startup Cost": 2512340.06,
                    "Total Cost": 2519337.87,
                    "Plan Rows": 478,
                    "Plan Width": 1885,
                    "Actual Startup Time": 8818.048,
                    "Actual Total Time": 8818.060,
                    "Actual Rows": 1,
                    "Actual Loops": 3,
                    "Output": ["psi.uid", "psi.programstageinstanceid", "psi.status", "psi.executiondate", "psi.eventdatavalues", "psi.duedate", "psi.completedby", "psi.storedby", "psi.created", "psi.createdbyuserinfo", "psi.lastupdated", "psi.lastupdatedbyuserinfo", "psi.completeddate", "psi.deleted", "psi.geometry", "pi.uid", "pi.status", "pi.followup", "p.uid", "p.type", "ps.uid", "coc.uid", "cocco.categoryoptionid", "deco.uid", "deco.publicaccess", "tei.trackedentityinstanceid", "tei.uid", "tei.created", "tei.inactive", "ou.uid", "ou.name", "teiou.uid", "teiou.name", "auc.username", "au.uid", "au.firstname", "au.surname", "(count(categoryoptioncombos_categoryoptions.categoryoptioncomboid))"],
                    "Inner Unique": true,
                    "Join Filter": "(coc.categoryoptioncomboid = categoryoptioncombos_categoryoptions.categoryoptioncomboid)",
                    "Rows Removed by Join Filter": 26,
                    "Shared Hit Blocks": 448667,
                    "Shared Read Blocks": 1947739,
                    "Shared Dirtied Blocks": 0,
                    "Shared Written Blocks": 0,
                    "Local Hit Blocks": 0,
                    "Local Read Blocks": 0,
                    "Local Dirtied Blocks": 0,
                    "Local Written Blocks": 0,
                    "Temp Read Blocks": 0,
                    "Temp Written Blocks": 0,
                    "Workers": [{
                        "Worker Number": 0,
                        "Actual Startup Time": 8798.320,
                        "Actual Total Time": 8798.344,
                        "Actual Rows": 2,
                        "Actual Loops": 1,
                        "Shared Hit Blocks": 138625,
                        "Shared Read Blocks": 620934,
                        "Shared Dirtied Blocks": 0,
                        "Shared Written Blocks": 0,
                        "Local Hit Blocks": 0,
                        "Local Read Blocks": 0,
                        "Local Dirtied Blocks": 0,
                        "Local Written Blocks": 0,
                        "Temp Read Blocks": 0,
                        "Temp Written Blocks": 0
                      },
                      {
                        "Worker Number": 1,
                        "Actual Startup Time": 8806.318,
                        "Actual Total Time": 8806.325,
                        "Actual Rows": 0,
                        "Actual Loops": 1,
                        "Shared Hit Blocks": 141600,
                        "Shared Read Blocks": 630135,
                        "Shared Dirtied Blocks": 0,
                        "Shared Written Blocks": 0,
                        "Local Hit Blocks": 0,
                        "Local Read Blocks": 0,
                        "Local Dirtied Blocks": 0,
                        "Local Written Blocks": 0,
                        "Temp Read Blocks": 0,
                        "Temp Written Blocks": 0
                      }
                    ],
                    "Plans": [{
                        "Node Type": "Nested Loop",
                        "Parent Relationship": "Outer",
                        "Parallel Aware": false,
                        "Join Type": "Left",
                        "Startup Cost": 2512335.08,
                        "Total Cost": 2514206.98,
                        "Plan Rows": 478,
                        "Plan Width": 1885,
                        "Actual Startup Time": 8818.022,
                        "Actual Total Time": 8818.031,
                        "Actual Rows": 1,
                        "Actual Loops": 3,
                        "Output": ["psi.uid", "psi.programstageinstanceid", "psi.status", "psi.executiondate", "psi.eventdatavalues", "psi.duedate", "psi.completedby", "psi.storedby", "psi.created", "psi.createdbyuserinfo", "psi.lastupdated", "psi.lastupdatedbyuserinfo", "psi.completeddate", "psi.deleted", "psi.geometry", "pi.uid", "pi.status", "pi.followup", "p.uid", "p.type", "ps.uid", "coc.uid", "coc.categoryoptioncomboid", "cocco.categoryoptionid", "deco.uid", "deco.publicaccess", "tei.trackedentityinstanceid", "tei.uid", "tei.created", "tei.inactive", "ou.uid", "ou.name", "teiou.uid", "teiou.name", "auc.username", "au.uid", "au.firstname", "au.surname"],
                        "Inner Unique": true,
                        "Shared Hit Blocks": 448665,
                        "Shared Read Blocks": 1947739,
                        "Shared Dirtied Blocks": 0,
                        "Shared Written Blocks": 0,
                        "Local Hit Blocks": 0,
                        "Local Read Blocks": 0,
                        "Local Dirtied Blocks": 0,
                        "Local Written Blocks": 0,
                        "Temp Read Blocks": 0,
                        "Temp Written Blocks": 0,
                        "Workers": [{
                            "Worker Number": 0,
                            "Actual Startup Time": 8798.242,
                            "Actual Total Time": 8798.257,
                            "Actual Rows": 2,
                            "Actual Loops": 1,
                            "Shared Hit Blocks": 138623,
                            "Shared Read Blocks": 620934,
                            "Shared Dirtied Blocks": 0,
                            "Shared Written Blocks": 0,
                            "Local Hit Blocks": 0,
                            "Local Read Blocks": 0,
                            "Local Dirtied Blocks": 0,
                            "Local Written Blocks": 0,
                            "Temp Read Blocks": 0,
                            "Temp Written Blocks": 0
                          },
                          {
                            "Worker Number": 1,
                            "Actual Startup Time": 8806.317,
                            "Actual Total Time": 8806.323,
                            "Actual Rows": 0,
                            "Actual Loops": 1,
                            "Shared Hit Blocks": 141600,
                            "Shared Read Blocks": 630135,
                            "Shared Dirtied Blocks": 0,
                            "Shared Written Blocks": 0,
                            "Local Hit Blocks": 0,
                            "Local Read Blocks": 0,
                            "Local Dirtied Blocks": 0,
                            "Local Written Blocks": 0,
                            "Temp Read Blocks": 0,
                            "Temp Written Blocks": 0
                          }
                        ],
                        "Plans": [{
                            "Node Type": "Nested Loop",
                            "Parent Relationship": "Outer",
                            "Parallel Aware": false,
                            "Join Type": "Left",
                            "Startup Cost": 2512334.79,
                            "Total Cost": 2514054.72,
                            "Plan Rows": 478,
                            "Plan Width": 1856,
                            "Actual Startup Time": 8818.019,
                            "Actual Total Time": 8818.028,
                            "Actual Rows": 1,
                            "Actual Loops": 3,
                            "Output": ["psi.uid", "psi.programstageinstanceid", "psi.status", "psi.executiondate", "psi.eventdatavalues", "psi.duedate", "psi.completedby", "psi.storedby", "psi.created", "psi.createdbyuserinfo", "psi.lastupdated", "psi.lastupdatedbyuserinfo", "psi.completeddate", "psi.deleted", "psi.geometry", "pi.uid", "pi.status", "pi.followup", "p.uid", "p.type", "ps.uid", "coc.uid", "coc.categoryoptioncomboid", "cocco.categoryoptionid", "deco.uid", "deco.publicaccess", "tei.trackedentityinstanceid", "tei.uid", "tei.created", "tei.inactive", "ou.uid", "ou.name", "teiou.uid", "teiou.name", "auc.username", "auc.userid"],
                            "Inner Unique": true,
                            "Shared Hit Blocks": 448665,
                            "Shared Read Blocks": 1947739,
                            "Shared Dirtied Blocks": 0,
                            "Shared Written Blocks": 0,
                            "Local Hit Blocks": 0,
                            "Local Read Blocks": 0,
                            "Local Dirtied Blocks": 0,
                            "Local Written Blocks": 0,
                            "Temp Read Blocks": 0,
                            "Temp Written Blocks": 0,
                            "Workers": [{
                                "Worker Number": 0,
                                "Actual Startup Time": 8798.236,
                                "Actual Total Time": 8798.250,
                                "Actual Rows": 2,
                                "Actual Loops": 1,
                                "Shared Hit Blocks": 138623,
                                "Shared Read Blocks": 620934,
                                "Shared Dirtied Blocks": 0,
                                "Shared Written Blocks": 0,
                                "Local Hit Blocks": 0,
                                "Local Read Blocks": 0,
                                "Local Dirtied Blocks": 0,
                                "Local Written Blocks": 0,
                                "Temp Read Blocks": 0,
                                "Temp Written Blocks": 0
                              },
                              {
                                "Worker Number": 1,
                                "Actual Startup Time": 8806.317,
                                "Actual Total Time": 8806.322,
                                "Actual Rows": 0,
                                "Actual Loops": 1,
                                "Shared Hit Blocks": 141600,
                                "Shared Read Blocks": 630135,
                                "Shared Dirtied Blocks": 0,
                                "Shared Written Blocks": 0,
                                "Local Hit Blocks": 0,
                                "Local Read Blocks": 0,
                                "Local Dirtied Blocks": 0,
                                "Local Written Blocks": 0,
                                "Temp Read Blocks": 0,
                                "Temp Written Blocks": 0
                              }
                            ],
                            "Plans": [{
                                "Node Type": "Nested Loop",
                                "Parent Relationship": "Outer",
                                "Parallel Aware": false,
                                "Join Type": "Left",
                                "Startup Cost": 2512334.38,
                                "Total Cost": 2513105.47,
                                "Plan Rows": 478,
                                "Plan Width": 1843,
                                "Actual Startup Time": 8818.016,
                                "Actual Total Time": 8818.024,
                                "Actual Rows": 1,
                                "Actual Loops": 3,
                                "Output": ["psi.uid", "psi.programstageinstanceid", "psi.status", "psi.executiondate", "psi.eventdatavalues", "psi.duedate", "psi.completedby", "psi.storedby", "psi.created", "psi.createdbyuserinfo", "psi.lastupdated", "psi.lastupdatedbyuserinfo", "psi.completeddate", "psi.deleted", "psi.geometry", "psi.assigneduserid", "pi.uid", "pi.status", "pi.followup", "p.uid", "p.type", "ps.uid", "coc.uid", "coc.categoryoptioncomboid", "cocco.categoryoptionid", "deco.uid", "deco.publicaccess", "tei.trackedentityinstanceid", "tei.uid", "tei.created", "tei.inactive", "ou.uid", "ou.name", "teiou.uid", "teiou.name"],
                                "Inner Unique": true,
                                "Shared Hit Blocks": 448665,
                                "Shared Read Blocks": 1947739,
                                "Shared Dirtied Blocks": 0,
                                "Shared Written Blocks": 0,
                                "Local Hit Blocks": 0,
                                "Local Read Blocks": 0,
                                "Local Dirtied Blocks": 0,
                                "Local Written Blocks": 0,
                                "Temp Read Blocks": 0,
                                "Temp Written Blocks": 0,
                                "Workers": [{
                                    "Worker Number": 0,
                                    "Actual Startup Time": 8798.227,
                                    "Actual Total Time": 8798.240,
                                    "Actual Rows": 2,
                                    "Actual Loops": 1,
                                    "Shared Hit Blocks": 138623,
                                    "Shared Read Blocks": 620934,
                                    "Shared Dirtied Blocks": 0,
                                    "Shared Written Blocks": 0,
                                    "Local Hit Blocks": 0,
                                    "Local Read Blocks": 0,
                                    "Local Dirtied Blocks": 0,
                                    "Local Written Blocks": 0,
                                    "Temp Read Blocks": 0,
                                    "Temp Written Blocks": 0
                                  },
                                  {
                                    "Worker Number": 1,
                                    "Actual Startup Time": 8806.316,
                                    "Actual Total Time": 8806.321,
                                    "Actual Rows": 0,
                                    "Actual Loops": 1,
                                    "Shared Hit Blocks": 141600,
                                    "Shared Read Blocks": 630135,
                                    "Shared Dirtied Blocks": 0,
                                    "Shared Written Blocks": 0,
                                    "Local Hit Blocks": 0,
                                    "Local Read Blocks": 0,
                                    "Local Dirtied Blocks": 0,
                                    "Local Written Blocks": 0,
                                    "Temp Read Blocks": 0,
                                    "Temp Written Blocks": 0
                                  }
                                ],
                                "Plans": [{
                                    "Node Type": "Nested Loop",
                                    "Parent Relationship": "Outer",
                                    "Parallel Aware": false,
                                    "Join Type": "Left",
                                    "Startup Cost": 2512334.09,
                                    "Total Cost": 2512958.30,
                                    "Plan Rows": 478,
                                    "Plan Width": 1812,
                                    "Actual Startup Time": 8818.012,
                                    "Actual Total Time": 8818.018,
                                    "Actual Rows": 1,
                                    "Actual Loops": 3,
                                    "Output": ["psi.uid", "psi.programstageinstanceid", "psi.status", "psi.executiondate", "psi.eventdatavalues", "psi.duedate", "psi.completedby", "psi.storedby", "psi.created", "psi.createdbyuserinfo", "psi.lastupdated", "psi.lastupdatedbyuserinfo", "psi.completeddate", "psi.deleted", "psi.geometry", "psi.assigneduserid", "pi.uid", "pi.status", "pi.followup", "p.uid", "p.type", "ps.uid", "coc.uid", "coc.categoryoptioncomboid", "cocco.categoryoptionid", "deco.uid", "deco.publicaccess", "tei.trackedentityinstanceid", "tei.uid", "tei.created", "tei.inactive", "tei.organisationunitid", "ou.uid", "ou.name"],
                                    "Inner Unique": true,
                                    "Shared Hit Blocks": 448659,
                                    "Shared Read Blocks": 1947739,
                                    "Shared Dirtied Blocks": 0,
                                    "Shared Written Blocks": 0,
                                    "Local Hit Blocks": 0,
                                    "Local Read Blocks": 0,
                                    "Local Dirtied Blocks": 0,
                                    "Local Written Blocks": 0,
                                    "Temp Read Blocks": 0,
                                    "Temp Written Blocks": 0,
                                    "Workers": [{
                                        "Worker Number": 0,
                                        "Actual Startup Time": 8798.215,
                                        "Actual Total Time": 8798.226,
                                        "Actual Rows": 2,
                                        "Actual Loops": 1,
                                        "Shared Hit Blocks": 138617,
                                        "Shared Read Blocks": 620934,
                                        "Shared Dirtied Blocks": 0,
                                        "Shared Written Blocks": 0,
                                        "Local Hit Blocks": 0,
                                        "Local Read Blocks": 0,
                                        "Local Dirtied Blocks": 0,
                                        "Local Written Blocks": 0,
                                        "Temp Read Blocks": 0,
                                        "Temp Written Blocks": 0
                                      },
                                      {
                                        "Worker Number": 1,
                                        "Actual Startup Time": 8806.315,
                                        "Actual Total Time": 8806.320,
                                        "Actual Rows": 0,
                                        "Actual Loops": 1,
                                        "Shared Hit Blocks": 141600,
                                        "Shared Read Blocks": 630135,
                                        "Shared Dirtied Blocks": 0,
                                        "Shared Written Blocks": 0,
                                        "Local Hit Blocks": 0,
                                        "Local Read Blocks": 0,
                                        "Local Dirtied Blocks": 0,
                                        "Local Written Blocks": 0,
                                        "Temp Read Blocks": 0,
                                        "Temp Written Blocks": 0
                                      }
                                    ],
                                    "Plans": [{
                                        "Node Type": "Merge Join",
                                        "Parent Relationship": "Outer",
                                        "Parallel Aware": false,
                                        "Join Type": "Inner",
                                        "Startup Cost": 2512333.80,
                                        "Total Cost": 2512341.64,
                                        "Plan Rows": 478,
                                        "Plan Width": 1781,
                                        "Actual Startup Time": 8818.005,
                                        "Actual Total Time": 8818.010,
                                        "Actual Rows": 1,
                                        "Actual Loops": 3,
                                        "Output": ["psi.uid", "psi.programstageinstanceid", "psi.status", "psi.executiondate", "psi.eventdatavalues", "psi.duedate", "psi.completedby", "psi.storedby", "psi.created", "psi.createdbyuserinfo", "psi.lastupdated", "psi.lastupdatedbyuserinfo", "psi.completeddate", "psi.deleted", "psi.geometry", "psi.organisationunitid", "psi.assigneduserid", "pi.uid", "pi.status", "pi.followup", "p.uid", "p.type", "ps.uid", "coc.uid", "coc.categoryoptioncomboid", "cocco.categoryoptionid", "deco.uid", "deco.publicaccess", "tei.trackedentityinstanceid", "tei.uid", "tei.created", "tei.inactive", "tei.organisationunitid"],
                                        "Inner Unique": true,
                                        "Merge Cond": "(cocco.categoryoptionid = deco.categoryoptionid)",
                                        "Shared Hit Blocks": 448652,
                                        "Shared Read Blocks": 1947739,
                                        "Shared Dirtied Blocks": 0,
                                        "Shared Written Blocks": 0,
                                        "Local Hit Blocks": 0,
                                        "Local Read Blocks": 0,
                                        "Local Dirtied Blocks": 0,
                                        "Local Written Blocks": 0,
                                        "Temp Read Blocks": 0,
                                        "Temp Written Blocks": 0,
                                        "Workers": [{
                                            "Worker Number": 0,
                                            "Actual Startup Time": 8798.195,
                                            "Actual Total Time": 8798.202,
                                            "Actual Rows": 2,
                                            "Actual Loops": 1,
                                            "Shared Hit Blocks": 138610,
                                            "Shared Read Blocks": 620934,
                                            "Shared Dirtied Blocks": 0,
                                            "Shared Written Blocks": 0,
                                            "Local Hit Blocks": 0,
                                            "Local Read Blocks": 0,
                                            "Local Dirtied Blocks": 0,
                                            "Local Written Blocks": 0,
                                            "Temp Read Blocks": 0,
                                            "Temp Written Blocks": 0
                                          },
                                          {
                                            "Worker Number": 1,
                                            "Actual Startup Time": 8806.315,
                                            "Actual Total Time": 8806.319,
                                            "Actual Rows": 0,
                                            "Actual Loops": 1,
                                            "Shared Hit Blocks": 141600,
                                            "Shared Read Blocks": 630135,
                                            "Shared Dirtied Blocks": 0,
                                            "Shared Written Blocks": 0,
                                            "Local Hit Blocks": 0,
                                            "Local Read Blocks": 0,
                                            "Local Dirtied Blocks": 0,
                                            "Local Written Blocks": 0,
                                            "Temp Read Blocks": 0,
                                            "Temp Written Blocks": 0
                                          }
                                        ],
                                        "Plans": [{
                                            "Node Type": "Sort",
                                            "Parent Relationship": "Outer",
                                            "Parallel Aware": false,
                                            "Startup Cost": 2512324.67,
                                            "Total Cost": 2512325.87,
                                            "Plan Rows": 478,
                                            "Plan Width": 1760,
                                            "Actual Startup Time": 8817.981,
                                            "Actual Total Time": 8817.985,
                                            "Actual Rows": 1,
                                            "Actual Loops": 3,
                                            "Output": ["psi.uid", "psi.programstageinstanceid", "psi.status", "psi.executiondate", "psi.eventdatavalues", "psi.duedate", "psi.completedby", "psi.storedby", "psi.created", "psi.createdbyuserinfo", "psi.lastupdated", "psi.lastupdatedbyuserinfo", "psi.completeddate", "psi.deleted", "psi.geometry", "psi.organisationunitid", "psi.assigneduserid", "pi.uid", "pi.status", "pi.followup", "p.uid", "p.type", "ps.uid", "coc.uid", "coc.categoryoptioncomboid", "cocco.categoryoptionid", "tei.trackedentityinstanceid", "tei.uid", "tei.created", "tei.inactive", "tei.organisationunitid"],
                                            "Sort Key": ["cocco.categoryoptionid"],
                                            "Sort Method": "quicksort",
                                            "Sort Space Used": 25,
                                            "Sort Space Type": "Memory",
                                            "Shared Hit Blocks": 448649,
                                            "Shared Read Blocks": 1947739,
                                            "Shared Dirtied Blocks": 0,
                                            "Shared Written Blocks": 0,
                                            "Local Hit Blocks": 0,
                                            "Local Read Blocks": 0,
                                            "Local Dirtied Blocks": 0,
                                            "Local Written Blocks": 0,
                                            "Temp Read Blocks": 0,
                                            "Temp Written Blocks": 0,
                                            "Workers": [{
                                                "Worker Number": 0,
                                                "Actual Startup Time": 8798.126,
                                                "Actual Total Time": 8798.131,
                                                "Actual Rows": 2,
                                                "Actual Loops": 1,
                                                "Sort Method": "quicksort",
                                                "Sort Space Used": 28,
                                                "Sort Space Type": "Memory",
                                                "Shared Hit Blocks": 138607,
                                                "Shared Read Blocks": 620934,
                                                "Shared Dirtied Blocks": 0,
                                                "Shared Written Blocks": 0,
                                                "Local Hit Blocks": 0,
                                                "Local Read Blocks": 0,
                                                "Local Dirtied Blocks": 0,
                                                "Local Written Blocks": 0,
                                                "Temp Read Blocks": 0,
                                                "Temp Written Blocks": 0
                                              },
                                              {
                                                "Worker Number": 1,
                                                "Actual Startup Time": 8806.314,
                                                "Actual Total Time": 8806.318,
                                                "Actual Rows": 0,
                                                "Actual Loops": 1,
                                                "Sort Method": "quicksort",
                                                "Sort Space Used": 25,
                                                "Sort Space Type": "Memory",
                                                "Shared Hit Blocks": 141600,
                                                "Shared Read Blocks": 630135,
                                                "Shared Dirtied Blocks": 0,
                                                "Shared Written Blocks": 0,
                                                "Local Hit Blocks": 0,
                                                "Local Read Blocks": 0,
                                                "Local Dirtied Blocks": 0,
                                                "Local Written Blocks": 0,
                                                "Temp Read Blocks": 0,
                                                "Temp Written Blocks": 0
                                              }
                                            ],
                                            "Plans": [{
                                              "Node Type": "Merge Join",
                                              "Parent Relationship": "Outer",
                                              "Parallel Aware": false,
                                              "Join Type": "Inner",
                                              "Startup Cost": 2512084.60,
                                              "Total Cost": 2512303.40,
                                              "Plan Rows": 478,
                                              "Plan Width": 1760,
                                              "Actual Startup Time": 8817.957,
                                              "Actual Total Time": 8817.970,
                                              "Actual Rows": 1,
                                              "Actual Loops": 3,
                                              "Output": ["psi.uid", "psi.programstageinstanceid", "psi.status", "psi.executiondate", "psi.eventdatavalues", "psi.duedate", "psi.completedby", "psi.storedby", "psi.created", "psi.createdbyuserinfo", "psi.lastupdated", "psi.lastupdatedbyuserinfo", "psi.completeddate", "psi.deleted", "psi.geometry", "psi.organisationunitid", "psi.assigneduserid", "pi.uid", "pi.status", "pi.followup", "p.uid", "p.type", "ps.uid", "coc.uid", "coc.categoryoptioncomboid", "cocco.categoryoptionid", "tei.trackedentityinstanceid", "tei.uid", "tei.created", "tei.inactive", "tei.organisationunitid"],
                                              "Inner Unique": true,
                                              "Merge Cond": "(psi.attributeoptioncomboid = coc.categoryoptioncomboid)",
                                              "Shared Hit Blocks": 448639,
                                              "Shared Read Blocks": 1947739,
                                              "Shared Dirtied Blocks": 0,
                                              "Shared Written Blocks": 0,
                                              "Local Hit Blocks": 0,
                                              "Local Read Blocks": 0,
                                              "Local Dirtied Blocks": 0,
                                              "Local Written Blocks": 0,
                                              "Temp Read Blocks": 0,
                                              "Temp Written Blocks": 0,
                                              "Workers": [{
                                                  "Worker Number": 0,
                                                  "Actual Startup Time": 8798.076,
                                                  "Actual Total Time": 8798.106,
                                                  "Actual Rows": 2,
                                                  "Actual Loops": 1,
                                                  "Shared Hit Blocks": 138602,
                                                  "Shared Read Blocks": 620934,
                                                  "Shared Dirtied Blocks": 0,
                                                  "Shared Written Blocks": 0,
                                                  "Local Hit Blocks": 0,
                                                  "Local Read Blocks": 0,
                                                  "Local Dirtied Blocks": 0,
                                                  "Local Written Blocks": 0,
                                                  "Temp Read Blocks": 0,
                                                  "Temp Written Blocks": 0
                                                },
                                                {
                                                  "Worker Number": 1,
                                                  "Actual Startup Time": 8806.297,
                                                  "Actual Total Time": 8806.300,
                                                  "Actual Rows": 0,
                                                  "Actual Loops": 1,
                                                  "Shared Hit Blocks": 141595,
                                                  "Shared Read Blocks": 630135,
                                                  "Shared Dirtied Blocks": 0,
                                                  "Shared Written Blocks": 0,
                                                  "Local Hit Blocks": 0,
                                                  "Local Read Blocks": 0,
                                                  "Local Dirtied Blocks": 0,
                                                  "Local Written Blocks": 0,
                                                  "Temp Read Blocks": 0,
                                                  "Temp Written Blocks": 0
                                                }
                                              ],
                                              "Plans": [{
                                                  "Node Type": "Nested Loop",
                                                  "Parent Relationship": "Outer",
                                                  "Parallel Aware": false,
                                                  "Join Type": "Left",
                                                  "Startup Cost": 2512084.46,
                                                  "Total Cost": 2512297.86,
                                                  "Plan Rows": 428,
                                                  "Plan Width": 1756,
                                                  "Actual Startup Time": 8817.950,
                                                  "Actual Total Time": 8817.962,
                                                  "Actual Rows": 1,
                                                  "Actual Loops": 3,
                                                  "Output": ["psi.uid", "psi.programstageinstanceid", "psi.status", "psi.executiondate", "psi.eventdatavalues", "psi.duedate", "psi.completedby", "psi.storedby", "psi.created", "psi.createdbyuserinfo", "psi.lastupdated", "psi.lastupdatedbyuserinfo", "psi.completeddate", "psi.deleted", "psi.geometry", "psi.attributeoptioncomboid", "psi.organisationunitid", "psi.assigneduserid", "pi.uid", "pi.status", "pi.followup", "p.uid", "p.type", "ps.uid", "cocco.categoryoptionid", "cocco.categoryoptioncomboid", "tei.trackedentityinstanceid", "tei.uid", "tei.created", "tei.inactive", "tei.organisationunitid"],
                                                  "Inner Unique": true,
                                                  "Shared Hit Blocks": 448636,
                                                  "Shared Read Blocks": 1947739,
                                                  "Shared Dirtied Blocks": 0,
                                                  "Shared Written Blocks": 0,
                                                  "Local Hit Blocks": 0,
                                                  "Local Read Blocks": 0,
                                                  "Local Dirtied Blocks": 0,
                                                  "Local Written Blocks": 0,
                                                  "Temp Read Blocks": 0,
                                                  "Temp Written Blocks": 0,
                                                  "Workers": [{
                                                      "Worker Number": 0,
                                                      "Actual Startup Time": 8798.056,
                                                      "Actual Total Time": 8798.085,
                                                      "Actual Rows": 2,
                                                      "Actual Loops": 1,
                                                      "Shared Hit Blocks": 138599,
                                                      "Shared Read Blocks": 620934,
                                                      "Shared Dirtied Blocks": 0,
                                                      "Shared Written Blocks": 0,
                                                      "Local Hit Blocks": 0,
                                                      "Local Read Blocks": 0,
                                                      "Local Dirtied Blocks": 0,
                                                      "Local Written Blocks": 0,
                                                      "Temp Read Blocks": 0,
                                                      "Temp Written Blocks": 0
                                                    },
                                                    {
                                                      "Worker Number": 1,
                                                      "Actual Startup Time": 8806.296,
                                                      "Actual Total Time": 8806.299,
                                                      "Actual Rows": 0,
                                                      "Actual Loops": 1,
                                                      "Shared Hit Blocks": 141595,
                                                      "Shared Read Blocks": 630135,
                                                      "Shared Dirtied Blocks": 0,
                                                      "Shared Written Blocks": 0,
                                                      "Local Hit Blocks": 0,
                                                      "Local Read Blocks": 0,
                                                      "Local Dirtied Blocks": 0,
                                                      "Local Written Blocks": 0,
                                                      "Temp Read Blocks": 0,
                                                      "Temp Written Blocks": 0
                                                    }
                                                  ],
                                                  "Plans": [{
                                                      "Node Type": "Merge Join",
                                                      "Parent Relationship": "Outer",
                                                      "Parallel Aware": false,
                                                      "Join Type": "Inner",
                                                      "Startup Cost": 2512084.02,
                                                      "Total Cost": 2512091.59,
                                                      "Plan Rows": 428,
                                                      "Plan Width": 1727,
                                                      "Actual Startup Time": 8817.930,
                                                      "Actual Total Time": 8817.934,
                                                      "Actual Rows": 1,
                                                      "Actual Loops": 3,
                                                      "Output": ["psi.uid", "psi.programstageinstanceid", "psi.status", "psi.executiondate", "psi.eventdatavalues", "psi.duedate", "psi.completedby", "psi.storedby", "psi.created", "psi.createdbyuserinfo", "psi.lastupdated", "psi.lastupdatedbyuserinfo", "psi.completeddate", "psi.deleted", "psi.geometry", "psi.attributeoptioncomboid", "psi.organisationunitid", "psi.assigneduserid", "pi.uid", "pi.status", "pi.followup", "pi.trackedentityinstanceid", "p.uid", "p.type", "ps.uid", "cocco.categoryoptionid", "cocco.categoryoptioncomboid"],
                                                      "Inner Unique": false,
                                                      "Merge Cond": "(psi.attributeoptioncomboid = cocco.categoryoptioncomboid)",
                                                      "Shared Hit Blocks": 448627,
                                                      "Shared Read Blocks": 1947739,
                                                      "Shared Dirtied Blocks": 0,
                                                      "Shared Written Blocks": 0,
                                                      "Local Hit Blocks": 0,
                                                      "Local Read Blocks": 0,
                                                      "Local Dirtied Blocks": 0,
                                                      "Local Written Blocks": 0,
                                                      "Temp Read Blocks": 0,
                                                      "Temp Written Blocks": 0,
                                                      "Workers": [{
                                                          "Worker Number": 0,
                                                          "Actual Startup Time": 8797.996,
                                                          "Actual Total Time": 8798.002,
                                                          "Actual Rows": 2,
                                                          "Actual Loops": 1,
                                                          "Shared Hit Blocks": 138590,
                                                          "Shared Read Blocks": 620934,
                                                          "Shared Dirtied Blocks": 0,
                                                          "Shared Written Blocks": 0,
                                                          "Local Hit Blocks": 0,
                                                          "Local Read Blocks": 0,
                                                          "Local Dirtied Blocks": 0,
                                                          "Local Written Blocks": 0,
                                                          "Temp Read Blocks": 0,
                                                          "Temp Written Blocks": 0
                                                        },
                                                        {
                                                          "Worker Number": 1,
                                                          "Actual Startup Time": 8806.295,
                                                          "Actual Total Time": 8806.298,
                                                          "Actual Rows": 0,
                                                          "Actual Loops": 1,
                                                          "Shared Hit Blocks": 141595,
                                                          "Shared Read Blocks": 630135,
                                                          "Shared Dirtied Blocks": 0,
                                                          "Shared Written Blocks": 0,
                                                          "Local Hit Blocks": 0,
                                                          "Local Read Blocks": 0,
                                                          "Local Dirtied Blocks": 0,
                                                          "Local Written Blocks": 0,
                                                          "Temp Read Blocks": 0,
                                                          "Temp Written Blocks": 0
                                                        }
                                                      ],
                                                      "Plans": [{
                                                          "Node Type": "Sort",
                                                          "Parent Relationship": "Outer",
                                                          "Parallel Aware": false,
                                                          "Startup Cost": 2512072.44,
                                                          "Total Cost": 2512073.51,
                                                          "Plan Rows": 428,
                                                          "Plan Width": 1711,
                                                          "Actual Startup Time": 8817.889,
                                                          "Actual Total Time": 8817.892,
                                                          "Actual Rows": 1,
                                                          "Actual Loops": 3,
                                                          "Output": ["psi.uid", "psi.programstageinstanceid", "psi.status", "psi.executiondate", "psi.eventdatavalues", "psi.duedate", "psi.completedby", "psi.storedby", "psi.created", "psi.createdbyuserinfo", "psi.lastupdated", "psi.lastupdatedbyuserinfo", "psi.completeddate", "psi.deleted", "psi.geometry", "psi.attributeoptioncomboid", "psi.organisationunitid", "psi.assigneduserid", "pi.uid", "pi.status", "pi.followup", "pi.trackedentityinstanceid", "p.uid", "p.type", "ps.uid"],
                                                          "Sort Key": ["psi.attributeoptioncomboid"],
                                                          "Sort Method": "quicksort",
                                                          "Sort Space Used": 25,
                                                          "Sort Space Type": "Memory",
                                                          "Shared Hit Blocks": 448625,
                                                          "Shared Read Blocks": 1947739,
                                                          "Shared Dirtied Blocks": 0,
                                                          "Shared Written Blocks": 0,
                                                          "Local Hit Blocks": 0,
                                                          "Local Read Blocks": 0,
                                                          "Local Dirtied Blocks": 0,
                                                          "Local Written Blocks": 0,
                                                          "Temp Read Blocks": 0,
                                                          "Temp Written Blocks": 0,
                                                          "Workers": [{
                                                              "Worker Number": 0,
                                                              "Actual Startup Time": 8797.877,
                                                              "Actual Total Time": 8797.881,
                                                              "Actual Rows": 2,
                                                              "Actual Loops": 1,
                                                              "Sort Method": "quicksort",
                                                              "Sort Space Used": 27,
                                                              "Sort Space Type": "Memory",
                                                              "Shared Hit Blocks": 138588,
                                                              "Shared Read Blocks": 620934,
                                                              "Shared Dirtied Blocks": 0,
                                                              "Shared Written Blocks": 0,
                                                              "Local Hit Blocks": 0,
                                                              "Local Read Blocks": 0,
                                                              "Local Dirtied Blocks": 0,
                                                              "Local Written Blocks": 0,
                                                              "Temp Read Blocks": 0,
                                                              "Temp Written Blocks": 0
                                                            },
                                                            {
                                                              "Worker Number": 1,
                                                              "Actual Startup Time": 8806.295,
                                                              "Actual Total Time": 8806.297,
                                                              "Actual Rows": 0,
                                                              "Actual Loops": 1,
                                                              "Sort Method": "quicksort",
                                                              "Sort Space Used": 25,
                                                              "Sort Space Type": "Memory",
                                                              "Shared Hit Blocks": 141595,
                                                              "Shared Read Blocks": 630135,
                                                              "Shared Dirtied Blocks": 0,
                                                              "Shared Written Blocks": 0,
                                                              "Local Hit Blocks": 0,
                                                              "Local Read Blocks": 0,
                                                              "Local Dirtied Blocks": 0,
                                                              "Local Written Blocks": 0,
                                                              "Temp Read Blocks": 0,
                                                              "Temp Written Blocks": 0
                                                            }
                                                          ],
                                                          "Plans": [{
                                                            "Node Type": "Nested Loop",
                                                            "Parent Relationship": "Outer",
                                                            "Parallel Aware": false,
                                                            "Join Type": "Inner",
                                                            "Startup Cost": 2.08,
                                                            "Total Cost": 2512053.73,
                                                            "Plan Rows": 428,
                                                            "Plan Width": 1711,
                                                            "Actual Startup Time": 6438.419,
                                                            "Actual Total Time": 8817.880,
                                                            "Actual Rows": 1,
                                                            "Actual Loops": 3,
                                                            "Output": ["psi.uid", "psi.programstageinstanceid", "psi.status", "psi.executiondate", "psi.eventdatavalues", "psi.duedate", "psi.completedby", "psi.storedby", "psi.created", "psi.createdbyuserinfo", "psi.lastupdated", "psi.lastupdatedbyuserinfo", "psi.completeddate", "psi.deleted", "psi.geometry", "psi.attributeoptioncomboid", "psi.organisationunitid", "psi.assigneduserid", "pi.uid", "pi.status", "pi.followup", "pi.trackedentityinstanceid", "p.uid", "p.type", "ps.uid"],
                                                            "Inner Unique": false,
                                                            "Shared Hit Blocks": 448625,
                                                            "Shared Read Blocks": 1947739,
                                                            "Shared Dirtied Blocks": 0,
                                                            "Shared Written Blocks": 0,
                                                            "Local Hit Blocks": 0,
                                                            "Local Read Blocks": 0,
                                                            "Local Dirtied Blocks": 0,
                                                            "Local Written Blocks": 0,
                                                            "Temp Read Blocks": 0,
                                                            "Temp Written Blocks": 0,
                                                            "Workers": [{
                                                                "Worker Number": 0,
                                                                "Actual Startup Time": 1659.477,
                                                                "Actual Total Time": 8797.855,
                                                                "Actual Rows": 2,
                                                                "Actual Loops": 1,
                                                                "Shared Hit Blocks": 138588,
                                                                "Shared Read Blocks": 620934,
                                                                "Shared Dirtied Blocks": 0,
                                                                "Shared Written Blocks": 0,
                                                                "Local Hit Blocks": 0,
                                                                "Local Read Blocks": 0,
                                                                "Local Dirtied Blocks": 0,
                                                                "Local Written Blocks": 0,
                                                                "Temp Read Blocks": 0,
                                                                "Temp Written Blocks": 0
                                                              },
                                                              {
                                                                "Worker Number": 1,
                                                                "Actual Startup Time": 8806.286,
                                                                "Actual Total Time": 8806.288,
                                                                "Actual Rows": 0,
                                                                "Actual Loops": 1,
                                                                "Shared Hit Blocks": 141595,
                                                                "Shared Read Blocks": 630135,
                                                                "Shared Dirtied Blocks": 0,
                                                                "Shared Written Blocks": 0,
                                                                "Local Hit Blocks": 0,
                                                                "Local Read Blocks": 0,
                                                                "Local Dirtied Blocks": 0,
                                                                "Local Written Blocks": 0,
                                                                "Temp Read Blocks": 0,
                                                                "Temp Written Blocks": 0
                                                              }
                                                            ],
                                                            "Plans": [{
                                                                "Node Type": "Nested Loop",
                                                                "Parent Relationship": "Outer",
                                                                "Parallel Aware": false,
                                                                "Join Type": "Inner",
                                                                "Startup Cost": 2.08,
                                                                "Total Cost": 2511039.37,
                                                                "Plan Rows": 428,
                                                                "Plan Width": 1163,
                                                                "Actual Startup Time": 6438.401,
                                                                "Actual Total Time": 8817.854,
                                                                "Actual Rows": 1,
                                                                "Actual Loops": 3,
                                                                "Output": ["psi.uid", "psi.programstageinstanceid", "psi.status", "psi.executiondate", "psi.eventdatavalues", "psi.duedate", "psi.completedby", "psi.storedby", "psi.created", "psi.createdbyuserinfo", "psi.lastupdated", "psi.lastupdatedbyuserinfo", "psi.completeddate", "psi.deleted", "psi.geometry", "psi.attributeoptioncomboid", "psi.organisationunitid", "psi.assigneduserid", "pi.uid", "pi.status", "pi.followup", "pi.programid", "pi.trackedentityinstanceid", "ps.uid"],
                                                                "Inner Unique": true,
                                                                "Shared Hit Blocks": 448621,
                                                                "Shared Read Blocks": 1947739,
                                                                "Shared Dirtied Blocks": 0,
                                                                "Shared Written Blocks": 0,
                                                                "Local Hit Blocks": 0,
                                                                "Local Read Blocks": 0,
                                                                "Local Dirtied Blocks": 0,
                                                                "Local Written Blocks": 0,
                                                                "Temp Read Blocks": 0,
                                                                "Temp Written Blocks": 0,
                                                                "Workers": [{
                                                                    "Worker Number": 0,
                                                                    "Actual Startup Time": 1659.425,
                                                                    "Actual Total Time": 8797.779,
                                                                    "Actual Rows": 2,
                                                                    "Actual Loops": 1,
                                                                    "Shared Hit Blocks": 138584,
                                                                    "Shared Read Blocks": 620934,
                                                                    "Shared Dirtied Blocks": 0,
                                                                    "Shared Written Blocks": 0,
                                                                    "Local Hit Blocks": 0,
                                                                    "Local Read Blocks": 0,
                                                                    "Local Dirtied Blocks": 0,
                                                                    "Local Written Blocks": 0,
                                                                    "Temp Read Blocks": 0,
                                                                    "Temp Written Blocks": 0
                                                                  },
                                                                  {
                                                                    "Worker Number": 1,
                                                                    "Actual Startup Time": 8806.285,
                                                                    "Actual Total Time": 8806.288,
                                                                    "Actual Rows": 0,
                                                                    "Actual Loops": 1,
                                                                    "Shared Hit Blocks": 141595,
                                                                    "Shared Read Blocks": 630135,
                                                                    "Shared Dirtied Blocks": 0,
                                                                    "Shared Written Blocks": 0,
                                                                    "Local Hit Blocks": 0,
                                                                    "Local Read Blocks": 0,
                                                                    "Local Dirtied Blocks": 0,
                                                                    "Local Written Blocks": 0,
                                                                    "Temp Read Blocks": 0,
                                                                    "Temp Written Blocks": 0
                                                                  }
                                                                ],
                                                                "Plans": [{
                                                                    "Node Type": "Hash Join",
                                                                    "Parent Relationship": "Outer",
                                                                    "Parallel Aware": false,
                                                                    "Join Type": "Inner",
                                                                    "Startup Cost": 1.64,
                                                                    "Total Cost": 2509923.37,
                                                                    "Plan Rows": 428,
                                                                    "Plan Width": 1135,
                                                                    "Actual Startup Time": 6438.381,
                                                                    "Actual Total Time": 8817.819,
                                                                    "Actual Rows": 1,
                                                                    "Actual Loops": 3,
                                                                    "Output": ["psi.uid", "psi.programstageinstanceid", "psi.status", "psi.executiondate", "psi.eventdatavalues", "psi.duedate", "psi.completedby", "psi.storedby", "psi.created", "psi.createdbyuserinfo", "psi.lastupdated", "psi.lastupdatedbyuserinfo", "psi.completeddate", "psi.deleted", "psi.geometry", "psi.programinstanceid", "psi.attributeoptioncomboid", "psi.organisationunitid", "psi.assigneduserid", "ps.uid"],
                                                                    "Inner Unique": true,
                                                                    "Hash Cond": "(psi.programstageid = ps.programstageid)",
                                                                    "Shared Hit Blocks": 448612,
                                                                    "Shared Read Blocks": 1947739,
                                                                    "Shared Dirtied Blocks": 0,
                                                                    "Shared Written Blocks": 0,
                                                                    "Local Hit Blocks": 0,
                                                                    "Local Read Blocks": 0,
                                                                    "Local Dirtied Blocks": 0,
                                                                    "Local Written Blocks": 0,
                                                                    "Temp Read Blocks": 0,
                                                                    "Temp Written Blocks": 0,
                                                                    "Workers": [{
                                                                        "Worker Number": 0,
                                                                        "Actual Startup Time": 1659.368,
                                                                        "Actual Total Time": 8797.679,
                                                                        "Actual Rows": 2,
                                                                        "Actual Loops": 1,
                                                                        "Shared Hit Blocks": 138575,
                                                                        "Shared Read Blocks": 620934,
                                                                        "Shared Dirtied Blocks": 0,
                                                                        "Shared Written Blocks": 0,
                                                                        "Local Hit Blocks": 0,
                                                                        "Local Read Blocks": 0,
                                                                        "Local Dirtied Blocks": 0,
                                                                        "Local Written Blocks": 0,
                                                                        "Temp Read Blocks": 0,
                                                                        "Temp Written Blocks": 0
                                                                      },
                                                                      {
                                                                        "Worker Number": 1,
                                                                        "Actual Startup Time": 8806.284,
                                                                        "Actual Total Time": 8806.286,
                                                                        "Actual Rows": 0,
                                                                        "Actual Loops": 1,
                                                                        "Shared Hit Blocks": 141595,
                                                                        "Shared Read Blocks": 630135,
                                                                        "Shared Dirtied Blocks": 0,
                                                                        "Shared Written Blocks": 0,
                                                                        "Local Hit Blocks": 0,
                                                                        "Local Read Blocks": 0,
                                                                        "Local Dirtied Blocks": 0,
                                                                        "Local Written Blocks": 0,
                                                                        "Temp Read Blocks": 0,
                                                                        "Temp Written Blocks": 0
                                                                      }
                                                                    ],
                                                                    "Plans": [{
                                                                        "Node Type": "Seq Scan",
                                                                        "Parent Relationship": "Outer",
                                                                        "Parallel Aware": true,
                                                                        "Relation Name": "programstageinstance",
                                                                        "Schema": "public",
                                                                        "Alias": "psi",
                                                                        "Startup Cost": 0.00,
                                                                        "Total Cost": 2509920.02,
                                                                        "Plan Rows": 519,
                                                                        "Plan Width": 1103,
                                                                        "Actual Startup Time": 6438.350,
                                                                        "Actual Total Time": 8817.784,
                                                                        "Actual Rows": 1,
                                                                        "Actual Loops": 3,
                                                                        "Output": ["psi.programstageinstanceid", "psi.uid", "psi.code", "psi.created", "psi.lastupdated", "psi.createdatclient", "psi.lastupdatedatclient", "psi.lastsynchronized", "psi.programinstanceid", "psi.programstageid", "psi.attributeoptioncomboid", "psi.deleted", "psi.storedby", "psi.duedate", "psi.executiondate", "psi.organisationunitid", "psi.status", "psi.completedby", "psi.completeddate", "psi.geometry", "psi.eventdatavalues", "psi.assigneduserid", "psi.createdbyuserinfo", "psi.lastupdatedbyuserinfo"],
                                                                        "Filter": "((psi.deleted IS FALSE) AND (lower((psi.eventdatavalues #>> '{LavUrktwH5D,value}'::text[])) ~~ '%nphcda000005013%'::text))",
                                                                        "Rows Removed by Filter": 5234158,
                                                                        "Shared Hit Blocks": 448611,
                                                                        "Shared Read Blocks": 1947739,
                                                                        "Shared Dirtied Blocks": 0,
                                                                        "Shared Written Blocks": 0,
                                                                        "Local Hit Blocks": 0,
                                                                        "Local Read Blocks": 0,
                                                                        "Local Dirtied Blocks": 0,
                                                                        "Local Written Blocks": 0,
                                                                        "Temp Read Blocks": 0,
                                                                        "Temp Written Blocks": 0,
                                                                        "Workers": [{
                                                                            "Worker Number": 0,
                                                                            "Actual Startup Time": 1659.278,
                                                                            "Actual Total Time": 8797.580,
                                                                            "Actual Rows": 2,
                                                                            "Actual Loops": 1,
                                                                            "Shared Hit Blocks": 138574,
                                                                            "Shared Read Blocks": 620934,
                                                                            "Shared Dirtied Blocks": 0,
                                                                            "Shared Written Blocks": 0,
                                                                            "Local Hit Blocks": 0,
                                                                            "Local Read Blocks": 0,
                                                                            "Local Dirtied Blocks": 0,
                                                                            "Local Written Blocks": 0,
                                                                            "Temp Read Blocks": 0,
                                                                            "Temp Written Blocks": 0
                                                                          },
                                                                          {
                                                                            "Worker Number": 1,
                                                                            "Actual Startup Time": 8806.283,
                                                                            "Actual Total Time": 8806.283,
                                                                            "Actual Rows": 0,
                                                                            "Actual Loops": 1,
                                                                            "Shared Hit Blocks": 141595,
                                                                            "Shared Read Blocks": 630135,
                                                                            "Shared Dirtied Blocks": 0,
                                                                            "Shared Written Blocks": 0,
                                                                            "Local Hit Blocks": 0,
                                                                            "Local Read Blocks": 0,
                                                                            "Local Dirtied Blocks": 0,
                                                                            "Local Written Blocks": 0,
                                                                            "Temp Read Blocks": 0,
                                                                            "Temp Written Blocks": 0
                                                                          }
                                                                        ]
                                                                      },
                                                                      {
                                                                        "Node Type": "Hash",
                                                                        "Parent Relationship": "Inner",
                                                                        "Parallel Aware": false,
                                                                        "Startup Cost": 1.47,
                                                                        "Total Cost": 1.47,
                                                                        "Plan Rows": 14,
                                                                        "Plan Width": 48,
                                                                        "Actual Startup Time": 0.070,
                                                                        "Actual Total Time": 0.070,
                                                                        "Actual Rows": 14,
                                                                        "Actual Loops": 1,
                                                                        "Output": ["ps.uid", "ps.programstageid"],
                                                                        "Hash Buckets": 1024,
                                                                        "Original Hash Buckets": 1024,
                                                                        "Hash Batches": 1,
                                                                        "Original Hash Batches": 1,
                                                                        "Peak Memory Usage": 9,
                                                                        "Shared Hit Blocks": 1,
                                                                        "Shared Read Blocks": 0,
                                                                        "Shared Dirtied Blocks": 0,
                                                                        "Shared Written Blocks": 0,
                                                                        "Local Hit Blocks": 0,
                                                                        "Local Read Blocks": 0,
                                                                        "Local Dirtied Blocks": 0,
                                                                        "Local Written Blocks": 0,
                                                                        "Temp Read Blocks": 0,
                                                                        "Temp Written Blocks": 0,
                                                                        "Workers": [{
                                                                          "Worker Number": 0,
                                                                          "Actual Startup Time": 0.070,
                                                                          "Actual Total Time": 0.070,
                                                                          "Actual Rows": 14,
                                                                          "Actual Loops": 1,
                                                                          "Shared Hit Blocks": 1,
                                                                          "Shared Read Blocks": 0,
                                                                          "Shared Dirtied Blocks": 0,
                                                                          "Shared Written Blocks": 0,
                                                                          "Local Hit Blocks": 0,
                                                                          "Local Read Blocks": 0,
                                                                          "Local Dirtied Blocks": 0,
                                                                          "Local Written Blocks": 0,
                                                                          "Temp Read Blocks": 0,
                                                                          "Temp Written Blocks": 0
                                                                        }],
                                                                        "Plans": [{
                                                                          "Node Type": "Seq Scan",
                                                                          "Parent Relationship": "Outer",
                                                                          "Parallel Aware": false,
                                                                          "Relation Name": "programstage",
                                                                          "Schema": "public",
                                                                          "Alias": "ps",
                                                                          "Startup Cost": 0.00,
                                                                          "Total Cost": 1.47,
                                                                          "Plan Rows": 14,
                                                                          "Plan Width": 48,
                                                                          "Actual Startup Time": 0.058,
                                                                          "Actual Total Time": 0.064,
                                                                          "Actual Rows": 14,
                                                                          "Actual Loops": 1,
                                                                          "Output": ["ps.uid", "ps.programstageid"],
                                                                          "Filter": "((ps.uid)::text = ANY ('{Du0jyYdpjYn,Lvco0jftWeD,VGVjsFvx0J4,Noldaaz2TLs,a1jCssI2LkW,so8YZ9J3MeO,KPc2vZ0IyiH,Y4v9hBo2Xst,ScHSJKY4nBj,Fwc5G0VTdlV,FhmnMGI5RWG,Q2jSVdeIOZ5,tWjYYTYjs15,ZDk16pdB449}'::text[]))",
                                                                          "Rows Removed by Filter": 3,
                                                                          "Shared Hit Blocks": 1,
                                                                          "Shared Read Blocks": 0,
                                                                          "Shared Dirtied Blocks": 0,
                                                                          "Shared Written Blocks": 0,
                                                                          "Local Hit Blocks": 0,
                                                                          "Local Read Blocks": 0,
                                                                          "Local Dirtied Blocks": 0,
                                                                          "Local Written Blocks": 0,
                                                                          "Temp Read Blocks": 0,
                                                                          "Temp Written Blocks": 0,
                                                                          "Workers": [{
                                                                            "Worker Number": 0,
                                                                            "Actual Startup Time": 0.058,
                                                                            "Actual Total Time": 0.064,
                                                                            "Actual Rows": 14,
                                                                            "Actual Loops": 1,
                                                                            "Shared Hit Blocks": 1,
                                                                            "Shared Read Blocks": 0,
                                                                            "Shared Dirtied Blocks": 0,
                                                                            "Shared Written Blocks": 0,
                                                                            "Local Hit Blocks": 0,
                                                                            "Local Read Blocks": 0,
                                                                            "Local Dirtied Blocks": 0,
                                                                            "Local Written Blocks": 0,
                                                                            "Temp Read Blocks": 0,
                                                                            "Temp Written Blocks": 0
                                                                          }]
                                                                        }]
                                                                      }
                                                                    ]
                                                                  },
                                                                  {
                                                                    "Node Type": "Index Scan",
                                                                    "Parent Relationship": "Inner",
                                                                    "Parallel Aware": false,
                                                                    "Scan Direction": "Forward",
                                                                    "Index Name": "index_programinstance",
                                                                    "Relation Name": "programinstance",
                                                                    "Schema": "public",
                                                                    "Alias": "pi",
                                                                    "Startup Cost": 0.43,
                                                                    "Total Cost": 2.61,
                                                                    "Plan Rows": 1,
                                                                    "Plan Width": 44,
                                                                    "Actual Startup Time": 0.042,
                                                                    "Actual Total Time": 0.042,
                                                                    "Actual Rows": 1,
                                                                    "Actual Loops": 2,
                                                                    "Output": ["pi.programinstanceid", "pi.uid", "pi.created", "pi.lastupdated", "pi.createdatclient", "pi.lastupdatedatclient", "pi.incidentdate", "pi.enrollmentdate", "pi.enddate", "pi.followup", "pi.completedby", "pi.deleted", "pi.storedby", "pi.status", "pi.trackedentityinstanceid", "pi.programid", "pi.organisationunitid", "pi.geometry"],
                                                                    "Index Cond": "(pi.programinstanceid = psi.programinstanceid)",
                                                                    "Rows Removed by Index Recheck": 0,
                                                                    "Filter": "(pi.programid = 64519)",
                                                                    "Rows Removed by Filter": 0,
                                                                    "Shared Hit Blocks": 9,
                                                                    "Shared Read Blocks": 0,
                                                                    "Shared Dirtied Blocks": 0,
                                                                    "Shared Written Blocks": 0,
                                                                    "Local Hit Blocks": 0,
                                                                    "Local Read Blocks": 0,
                                                                    "Local Dirtied Blocks": 0,
                                                                    "Local Written Blocks": 0,
                                                                    "Temp Read Blocks": 0,
                                                                    "Temp Written Blocks": 0,
                                                                    "Workers": [{
                                                                      "Worker Number": 0,
                                                                      "Actual Startup Time": 0.042,
                                                                      "Actual Total Time": 0.042,
                                                                      "Actual Rows": 1,
                                                                      "Actual Loops": 2,
                                                                      "Shared Hit Blocks": 9,
                                                                      "Shared Read Blocks": 0,
                                                                      "Shared Dirtied Blocks": 0,
                                                                      "Shared Written Blocks": 0,
                                                                      "Local Hit Blocks": 0,
                                                                      "Local Read Blocks": 0,
                                                                      "Local Dirtied Blocks": 0,
                                                                      "Local Written Blocks": 0,
                                                                      "Temp Read Blocks": 0,
                                                                      "Temp Written Blocks": 0
                                                                    }]
                                                                  }
                                                                ]
                                                              },
                                                              {
                                                                "Node Type": "Seq Scan",
                                                                "Parent Relationship": "Inner",
                                                                "Parallel Aware": false,
                                                                "Relation Name": "program",
                                                                "Schema": "public",
                                                                "Alias": "p",
                                                                "Startup Cost": 0.00,
                                                                "Total Cost": 2.36,
                                                                "Plan Rows": 1,
                                                                "Plan Width": 564,
                                                                "Actual Startup Time": 0.029,
                                                                "Actual Total Time": 0.033,
                                                                "Actual Rows": 1,
                                                                "Actual Loops": 2,
                                                                "Output": ["p.programid", "p.uid", "p.code", "p.created", "p.lastupdated", "p.lastupdatedby", "p.name", "p.shortname", "p.description", "p.formname", "p.version", "p.enrollmentdatelabel", "p.incidentdatelabel", "p.type", "p.displayincidentdate", "p.onlyenrollonce", "p.skipoffline", "p.displayfrontpagelist", "p.usefirststageduringregistration", "p.capturecoordinates", "p.expirydays", "p.completeeventsexpirydays", "p.minattributesrequiredtosearch", "p.maxteicounttoreturn", "p.style", "p.accesslevel", "p.expiryperiodtypeid", "p.ignoreoverdueevents", "p.selectenrollmentdatesinfuture", "p.selectincidentdatesinfuture", "p.relatedprogramid", "p.categorycomboid", "p.trackedentitytypeid", "p.dataentryformid", "p.userid", "p.publicaccess", "p.featuretype", "p.translations", "p.attributevalues"],
                                                                "Filter": "((p.programid = 64519) AND ((p.uid)::text = ANY ('{ZooGF6EL7WN,gWuxRU2yJ1x,yDuAzyqYABS,FEgBDv3xyCw,SIVHcESQEcS,gCbFSqEM5Ry}'::text[])))",
                                                                "Rows Removed by Filter": 8,
                                                                "Shared Hit Blocks": 4,
                                                                "Shared Read Blocks": 0,
                                                                "Shared Dirtied Blocks": 0,
                                                                "Shared Written Blocks": 0,
                                                                "Local Hit Blocks": 0,
                                                                "Local Read Blocks": 0,
                                                                "Local Dirtied Blocks": 0,
                                                                "Local Written Blocks": 0,
                                                                "Temp Read Blocks": 0,
                                                                "Temp Written Blocks": 0,
                                                                "Workers": [{
                                                                  "Worker Number": 0,
                                                                  "Actual Startup Time": 0.029,
                                                                  "Actual Total Time": 0.033,
                                                                  "Actual Rows": 1,
                                                                  "Actual Loops": 2,
                                                                  "Shared Hit Blocks": 4,
                                                                  "Shared Read Blocks": 0,
                                                                  "Shared Dirtied Blocks": 0,
                                                                  "Shared Written Blocks": 0,
                                                                  "Local Hit Blocks": 0,
                                                                  "Local Read Blocks": 0,
                                                                  "Local Dirtied Blocks": 0,
                                                                  "Local Written Blocks": 0,
                                                                  "Temp Read Blocks": 0,
                                                                  "Temp Written Blocks": 0
                                                                }]
                                                              }
                                                            ]
                                                          }]
                                                        },
                                                        {
                                                          "Node Type": "Sort",
                                                          "Parent Relationship": "Inner",
                                                          "Parallel Aware": false,
                                                          "Startup Cost": 11.59,
                                                          "Total Cost": 12.09,
                                                          "Plan Rows": 199,
                                                          "Plan Width": 16,
                                                          "Actual Startup Time": 0.096,
                                                          "Actual Total Time": 0.097,
                                                          "Actual Rows": 3,
                                                          "Actual Loops": 1,
                                                          "Output": ["cocco.categoryoptionid", "cocco.categoryoptioncomboid"],
                                                          "Sort Key": ["cocco.categoryoptioncomboid"],
                                                          "Shared Hit Blocks": 2,
                                                          "Shared Read Blocks": 0,
                                                          "Shared Dirtied Blocks": 0,
                                                          "Shared Written Blocks": 0,
                                                          "Local Hit Blocks": 0,
                                                          "Local Read Blocks": 0,
                                                          "Local Dirtied Blocks": 0,
                                                          "Local Written Blocks": 0,
                                                          "Temp Read Blocks": 0,
                                                          "Temp Written Blocks": 0,
                                                          "Workers": [{
                                                            "Worker Number": 0,
                                                            "Actual Startup Time": 0.096,
                                                            "Actual Total Time": 0.097,
                                                            "Actual Rows": 3,
                                                            "Actual Loops": 1,
                                                            "Sort Method": "quicksort",
                                                            "Sort Space Used": 34,
                                                            "Sort Space Type": "Memory",
                                                            "Shared Hit Blocks": 2,
                                                            "Shared Read Blocks": 0,
                                                            "Shared Dirtied Blocks": 0,
                                                            "Shared Written Blocks": 0,
                                                            "Local Hit Blocks": 0,
                                                            "Local Read Blocks": 0,
                                                            "Local Dirtied Blocks": 0,
                                                            "Local Written Blocks": 0,
                                                            "Temp Read Blocks": 0,
                                                            "Temp Written Blocks": 0
                                                          }],
                                                          "Plans": [{
                                                            "Node Type": "Seq Scan",
                                                            "Parent Relationship": "Outer",
                                                            "Parallel Aware": false,
                                                            "Relation Name": "categoryoptioncombos_categoryoptions",
                                                            "Schema": "public",
                                                            "Alias": "cocco",
                                                            "Startup Cost": 0.00,
                                                            "Total Cost": 3.99,
                                                            "Plan Rows": 199,
                                                            "Plan Width": 16,
                                                            "Actual Startup Time": 0.048,
                                                            "Actual Total Time": 0.064,
                                                            "Actual Rows": 199,
                                                            "Actual Loops": 1,
                                                            "Output": ["cocco.categoryoptionid", "cocco.categoryoptioncomboid"],
                                                            "Shared Hit Blocks": 2,
                                                            "Shared Read Blocks": 0,
                                                            "Shared Dirtied Blocks": 0,
                                                            "Shared Written Blocks": 0,
                                                            "Local Hit Blocks": 0,
                                                            "Local Read Blocks": 0,
                                                            "Local Dirtied Blocks": 0,
                                                            "Local Written Blocks": 0,
                                                            "Temp Read Blocks": 0,
                                                            "Temp Written Blocks": 0,
                                                            "Workers": [{
                                                              "Worker Number": 0,
                                                              "Actual Startup Time": 0.048,
                                                              "Actual Total Time": 0.064,
                                                              "Actual Rows": 199,
                                                              "Actual Loops": 1,
                                                              "Shared Hit Blocks": 2,
                                                              "Shared Read Blocks": 0,
                                                              "Shared Dirtied Blocks": 0,
                                                              "Shared Written Blocks": 0,
                                                              "Local Hit Blocks": 0,
                                                              "Local Read Blocks": 0,
                                                              "Local Dirtied Blocks": 0,
                                                              "Local Written Blocks": 0,
                                                              "Temp Read Blocks": 0,
                                                              "Temp Written Blocks": 0
                                                            }]
                                                          }]
                                                        }
                                                      ]
                                                    },
                                                    {
                                                      "Node Type": "Index Scan",
                                                      "Parent Relationship": "Inner",
                                                      "Parallel Aware": false,
                                                      "Scan Direction": "Forward",
                                                      "Index Name": "trackedentityinstance_pkey",
                                                      "Relation Name": "trackedentityinstance",
                                                      "Schema": "public",
                                                      "Alias": "tei",
                                                      "Startup Cost": 0.43,
                                                      "Total Cost": 0.48,
                                                      "Plan Rows": 1,
                                                      "Plan Width": 37,
                                                      "Actual Startup Time": 0.037,
                                                      "Actual Total Time": 0.037,
                                                      "Actual Rows": 1,
                                                      "Actual Loops": 2,
                                                      "Output": ["tei.trackedentityinstanceid", "tei.uid", "tei.code", "tei.created", "tei.lastupdated", "tei.lastupdatedby", "tei.createdatclient", "tei.lastupdatedatclient", "tei.inactive", "tei.deleted", "tei.lastsynchronized", "tei.featuretype", "tei.coordinates", "tei.organisationunitid", "tei.trackedentitytypeid", "tei.geometry", "tei.storedby"],
                                                      "Index Cond": "(tei.trackedentityinstanceid = pi.trackedentityinstanceid)",
                                                      "Rows Removed by Index Recheck": 0,
                                                      "Shared Hit Blocks": 9,
                                                      "Shared Read Blocks": 0,
                                                      "Shared Dirtied Blocks": 0,
                                                      "Shared Written Blocks": 0,
                                                      "Local Hit Blocks": 0,
                                                      "Local Read Blocks": 0,
                                                      "Local Dirtied Blocks": 0,
                                                      "Local Written Blocks": 0,
                                                      "Temp Read Blocks": 0,
                                                      "Temp Written Blocks": 0,
                                                      "Workers": [{
                                                        "Worker Number": 0,
                                                        "Actual Startup Time": 0.037,
                                                        "Actual Total Time": 0.037,
                                                        "Actual Rows": 1,
                                                        "Actual Loops": 2,
                                                        "Shared Hit Blocks": 9,
                                                        "Shared Read Blocks": 0,
                                                        "Shared Dirtied Blocks": 0,
                                                        "Shared Written Blocks": 0,
                                                        "Local Hit Blocks": 0,
                                                        "Local Read Blocks": 0,
                                                        "Local Dirtied Blocks": 0,
                                                        "Local Written Blocks": 0,
                                                        "Temp Read Blocks": 0,
                                                        "Temp Written Blocks": 0
                                                      }]
                                                    }
                                                  ]
                                                },
                                                {
                                                  "Node Type": "Index Scan",
                                                  "Parent Relationship": "Inner",
                                                  "Parallel Aware": false,
                                                  "Scan Direction": "Forward",
                                                  "Index Name": "categoryoptioncombo_pkey",
                                                  "Relation Name": "categoryoptioncombo",
                                                  "Schema": "public",
                                                  "Alias": "coc",
                                                  "Startup Cost": 0.14,
                                                  "Total Cost": 8.12,
                                                  "Plan Rows": 178,
                                                  "Plan Width": 20,
                                                  "Actual Startup Time": 0.014,
                                                  "Actual Total Time": 0.014,
                                                  "Actual Rows": 1,
                                                  "Actual Loops": 1,
                                                  "Output": ["coc.categoryoptioncomboid", "coc.uid", "coc.code", "coc.created", "coc.lastupdated", "coc.lastupdatedby", "coc.name", "coc.ignoreapproval", "coc.translations", "coc.attributevalues"],
                                                  "Shared Hit Blocks": 3,
                                                  "Shared Read Blocks": 0,
                                                  "Shared Dirtied Blocks": 0,
                                                  "Shared Written Blocks": 0,
                                                  "Local Hit Blocks": 0,
                                                  "Local Read Blocks": 0,
                                                  "Local Dirtied Blocks": 0,
                                                  "Local Written Blocks": 0,
                                                  "Temp Read Blocks": 0,
                                                  "Temp Written Blocks": 0,
                                                  "Workers": [{
                                                    "Worker Number": 0,
                                                    "Actual Startup Time": 0.014,
                                                    "Actual Total Time": 0.014,
                                                    "Actual Rows": 1,
                                                    "Actual Loops": 1,
                                                    "Shared Hit Blocks": 3,
                                                    "Shared Read Blocks": 0,
                                                    "Shared Dirtied Blocks": 0,
                                                    "Shared Written Blocks": 0,
                                                    "Local Hit Blocks": 0,
                                                    "Local Read Blocks": 0,
                                                    "Local Dirtied Blocks": 0,
                                                    "Local Written Blocks": 0,
                                                    "Temp Read Blocks": 0,
                                                    "Temp Written Blocks": 0
                                                  }]
                                                }
                                              ]
                                            }]
                                          },
                                          {
                                            "Node Type": "Sort",
                                            "Parent Relationship": "Inner",
                                            "Parallel Aware": false,
                                            "Startup Cost": 9.13,
                                            "Total Cost": 9.46,
                                            "Plan Rows": 135,
                                            "Plan Width": 29,
                                            "Actual Startup Time": 0.062,
                                            "Actual Total Time": 0.063,
                                            "Actual Rows": 1,
                                            "Actual Loops": 1,
                                            "Output": ["deco.uid", "deco.publicaccess", "deco.categoryoptionid"],
                                            "Sort Key": ["deco.categoryoptionid"],
                                            "Shared Hit Blocks": 3,
                                            "Shared Read Blocks": 0,
                                            "Shared Dirtied Blocks": 0,
                                            "Shared Written Blocks": 0,
                                            "Local Hit Blocks": 0,
                                            "Local Read Blocks": 0,
                                            "Local Dirtied Blocks": 0,
                                            "Local Written Blocks": 0,
                                            "Temp Read Blocks": 0,
                                            "Temp Written Blocks": 0,
                                            "Workers": [{
                                              "Worker Number": 0,
                                              "Actual Startup Time": 0.062,
                                              "Actual Total Time": 0.063,
                                              "Actual Rows": 1,
                                              "Actual Loops": 1,
                                              "Sort Method": "quicksort",
                                              "Sort Space Used": 35,
                                              "Sort Space Type": "Memory",
                                              "Shared Hit Blocks": 3,
                                              "Shared Read Blocks": 0,
                                              "Shared Dirtied Blocks": 0,
                                              "Shared Written Blocks": 0,
                                              "Local Hit Blocks": 0,
                                              "Local Read Blocks": 0,
                                              "Local Dirtied Blocks": 0,
                                              "Local Written Blocks": 0,
                                              "Temp Read Blocks": 0,
                                              "Temp Written Blocks": 0
                                            }],
                                            "Plans": [{
                                              "Node Type": "Seq Scan",
                                              "Parent Relationship": "Outer",
                                              "Parallel Aware": false,
                                              "Relation Name": "dataelementcategoryoption",
                                              "Schema": "public",
                                              "Alias": "deco",
                                              "Startup Cost": 0.00,
                                              "Total Cost": 4.35,
                                              "Plan Rows": 135,
                                              "Plan Width": 29,
                                              "Actual Startup Time": 0.014,
                                              "Actual Total Time": 0.033,
                                              "Actual Rows": 135,
                                              "Actual Loops": 1,
                                              "Output": ["deco.uid", "deco.publicaccess", "deco.categoryoptionid"],
                                              "Shared Hit Blocks": 3,
                                              "Shared Read Blocks": 0,
                                              "Shared Dirtied Blocks": 0,
                                              "Shared Written Blocks": 0,
                                              "Local Hit Blocks": 0,
                                              "Local Read Blocks": 0,
                                              "Local Dirtied Blocks": 0,
                                              "Local Written Blocks": 0,
                                              "Temp Read Blocks": 0,
                                              "Temp Written Blocks": 0,
                                              "Workers": [{
                                                "Worker Number": 0,
                                                "Actual Startup Time": 0.014,
                                                "Actual Total Time": 0.033,
                                                "Actual Rows": 135,
                                                "Actual Loops": 1,
                                                "Shared Hit Blocks": 3,
                                                "Shared Read Blocks": 0,
                                                "Shared Dirtied Blocks": 0,
                                                "Shared Written Blocks": 0,
                                                "Local Hit Blocks": 0,
                                                "Local Read Blocks": 0,
                                                "Local Dirtied Blocks": 0,
                                                "Local Written Blocks": 0,
                                                "Temp Read Blocks": 0,
                                                "Temp Written Blocks": 0
                                              }]
                                            }]
                                          }
                                        ]
                                      },
                                      {
                                        "Node Type": "Index Scan",
                                        "Parent Relationship": "Inner",
                                        "Parallel Aware": false,
                                        "Scan Direction": "Forward",
                                        "Index Name": "organisationunit_pkey",
                                        "Relation Name": "organisationunit",
                                        "Schema": "public",
                                        "Alias": "ou",
                                        "Startup Cost": 0.29,
                                        "Total Cost": 1.29,
                                        "Plan Rows": 1,
                                        "Plan Width": 47,
                                        "Actual Startup Time": 0.008,
                                        "Actual Total Time": 0.008,
                                        "Actual Rows": 1,
                                        "Actual Loops": 2,
                                        "Output": ["ou.organisationunitid", "ou.uid", "ou.code", "ou.created", "ou.lastupdated", "ou.lastupdatedby", "ou.name", "ou.shortname", "ou.parentid", "ou.path", "ou.hierarchylevel", "ou.description", "ou.openingdate", "ou.closeddate", "ou.comment", "ou.url", "ou.contactperson", "ou.address", "ou.email", "ou.phonenumber", "ou.userid", "ou.translations", "ou.geometry", "ou.attributevalues"],
                                        "Index Cond": "(ou.organisationunitid = psi.organisationunitid)",
                                        "Rows Removed by Index Recheck": 0,
                                        "Shared Hit Blocks": 7,
                                        "Shared Read Blocks": 0,
                                        "Shared Dirtied Blocks": 0,
                                        "Shared Written Blocks": 0,
                                        "Local Hit Blocks": 0,
                                        "Local Read Blocks": 0,
                                        "Local Dirtied Blocks": 0,
                                        "Local Written Blocks": 0,
                                        "Temp Read Blocks": 0,
                                        "Temp Written Blocks": 0,
                                        "Workers": [{
                                          "Worker Number": 0,
                                          "Actual Startup Time": 0.008,
                                          "Actual Total Time": 0.008,
                                          "Actual Rows": 1,
                                          "Actual Loops": 2,
                                          "Shared Hit Blocks": 7,
                                          "Shared Read Blocks": 0,
                                          "Shared Dirtied Blocks": 0,
                                          "Shared Written Blocks": 0,
                                          "Local Hit Blocks": 0,
                                          "Local Read Blocks": 0,
                                          "Local Dirtied Blocks": 0,
                                          "Local Written Blocks": 0,
                                          "Temp Read Blocks": 0,
                                          "Temp Written Blocks": 0
                                        }]
                                      }
                                    ]
                                  },
                                  {
                                    "Node Type": "Index Scan",
                                    "Parent Relationship": "Inner",
                                    "Parallel Aware": false,
                                    "Scan Direction": "Forward",
                                    "Index Name": "organisationunit_pkey",
                                    "Relation Name": "organisationunit",
                                    "Schema": "public",
                                    "Alias": "teiou",
                                    "Startup Cost": 0.29,
                                    "Total Cost": 0.31,
                                    "Plan Rows": 1,
                                    "Plan Width": 47,
                                    "Actual Startup Time": 0.004,
                                    "Actual Total Time": 0.004,
                                    "Actual Rows": 1,
                                    "Actual Loops": 2,
                                    "Output": ["teiou.organisationunitid", "teiou.uid", "teiou.code", "teiou.created", "teiou.lastupdated", "teiou.lastupdatedby", "teiou.name", "teiou.shortname", "teiou.parentid", "teiou.path", "teiou.hierarchylevel", "teiou.description", "teiou.openingdate", "teiou.closeddate", "teiou.comment", "teiou.url", "teiou.contactperson", "teiou.address", "teiou.email", "teiou.phonenumber", "teiou.userid", "teiou.translations", "teiou.geometry", "teiou.attributevalues"],
                                    "Index Cond": "(teiou.organisationunitid = tei.organisationunitid)",
                                    "Rows Removed by Index Recheck": 0,
                                    "Shared Hit Blocks": 6,
                                    "Shared Read Blocks": 0,
                                    "Shared Dirtied Blocks": 0,
                                    "Shared Written Blocks": 0,
                                    "Local Hit Blocks": 0,
                                    "Local Read Blocks": 0,
                                    "Local Dirtied Blocks": 0,
                                    "Local Written Blocks": 0,
                                    "Temp Read Blocks": 0,
                                    "Temp Written Blocks": 0,
                                    "Workers": [{
                                      "Worker Number": 0,
                                      "Actual Startup Time": 0.004,
                                      "Actual Total Time": 0.004,
                                      "Actual Rows": 1,
                                      "Actual Loops": 2,
                                      "Shared Hit Blocks": 6,
                                      "Shared Read Blocks": 0,
                                      "Shared Dirtied Blocks": 0,
                                      "Shared Written Blocks": 0,
                                      "Local Hit Blocks": 0,
                                      "Local Read Blocks": 0,
                                      "Local Dirtied Blocks": 0,
                                      "Local Written Blocks": 0,
                                      "Temp Read Blocks": 0,
                                      "Temp Written Blocks": 0
                                    }]
                                  }
                                ]
                              },
                              {
                                "Node Type": "Index Scan",
                                "Parent Relationship": "Inner",
                                "Parallel Aware": false,
                                "Scan Direction": "Forward",
                                "Index Name": "users_pkey",
                                "Relation Name": "users",
                                "Schema": "public",
                                "Alias": "auc",
                                "Startup Cost": 0.41,
                                "Total Cost": 1.98,
                                "Plan Rows": 1,
                                "Plan Width": 21,
                                "Actual Startup Time": 0.001,
                                "Actual Total Time": 0.001,
                                "Actual Rows": 0,
                                "Actual Loops": 2,
                                "Output": ["auc.userid", "auc.uid", "auc.code", "auc.created", "auc.lastupdated", "auc.lastupdatedby", "auc.creatoruserid", "auc.username", "auc.password", "auc.secret", "auc.twofa", "auc.externalauth", "auc.openid", "auc.ldapid", "auc.passwordlastupdated", "auc.lastlogin", "auc.restoretoken", "auc.restorecode", "auc.restoreexpiry", "auc.selfregistered", "auc.invitation", "auc.disabled", "auc.uuid"],
                                "Index Cond": "(auc.userid = psi.assigneduserid)",
                                "Rows Removed by Index Recheck": 0,
                                "Shared Hit Blocks": 0,
                                "Shared Read Blocks": 0,
                                "Shared Dirtied Blocks": 0,
                                "Shared Written Blocks": 0,
                                "Local Hit Blocks": 0,
                                "Local Read Blocks": 0,
                                "Local Dirtied Blocks": 0,
                                "Local Written Blocks": 0,
                                "Temp Read Blocks": 0,
                                "Temp Written Blocks": 0,
                                "Workers": [{
                                  "Worker Number": 0,
                                  "Actual Startup Time": 0.001,
                                  "Actual Total Time": 0.001,
                                  "Actual Rows": 0,
                                  "Actual Loops": 2,
                                  "Shared Hit Blocks": 0,
                                  "Shared Read Blocks": 0,
                                  "Shared Dirtied Blocks": 0,
                                  "Shared Written Blocks": 0,
                                  "Local Hit Blocks": 0,
                                  "Local Read Blocks": 0,
                                  "Local Dirtied Blocks": 0,
                                  "Local Written Blocks": 0,
                                  "Temp Read Blocks": 0,
                                  "Temp Written Blocks": 0
                                }]
                              }
                            ]
                          },
                          {
                            "Node Type": "Index Scan",
                            "Parent Relationship": "Inner",
                            "Parallel Aware": false,
                            "Scan Direction": "Forward",
                            "Index Name": "userinfo_pkey",
                            "Relation Name": "userinfo",
                            "Schema": "public",
                            "Alias": "au",
                            "Startup Cost": 0.29,
                            "Total Cost": 0.32,
                            "Plan Rows": 1,
                            "Plan Width": 45,
                            "Actual Startup Time": 0.001,
                            "Actual Total Time": 0.001,
                            "Actual Rows": 0,
                            "Actual Loops": 2,
                            "Output": ["au.userinfoid", "au.uid", "au.code", "au.lastupdated", "au.created", "au.surname", "au.firstname", "au.email", "au.phonenumber", "au.jobtitle", "au.introduction", "au.gender", "au.birthday", "au.nationality", "au.employer", "au.education", "au.interests", "au.languages", "au.welcomemessage", "au.lastcheckedinterpretations", "au.whatsapp", "au.skype", "au.facebookmessenger", "au.telegram", "au.twitter", "au.avatar", "au.attributevalues"],
                            "Index Cond": "(au.userinfoid = auc.userid)",
                            "Rows Removed by Index Recheck": 0,
                            "Shared Hit Blocks": 0,
                            "Shared Read Blocks": 0,
                            "Shared Dirtied Blocks": 0,
                            "Shared Written Blocks": 0,
                            "Local Hit Blocks": 0,
                            "Local Read Blocks": 0,
                            "Local Dirtied Blocks": 0,
                            "Local Written Blocks": 0,
                            "Temp Read Blocks": 0,
                            "Temp Written Blocks": 0,
                            "Workers": [{
                              "Worker Number": 0,
                              "Actual Startup Time": 0.001,
                              "Actual Total Time": 0.001,
                              "Actual Rows": 0,
                              "Actual Loops": 2,
                              "Shared Hit Blocks": 0,
                              "Shared Read Blocks": 0,
                              "Shared Dirtied Blocks": 0,
                              "Shared Written Blocks": 0,
                              "Local Hit Blocks": 0,
                              "Local Read Blocks": 0,
                              "Local Dirtied Blocks": 0,
                              "Local Written Blocks": 0,
                              "Temp Read Blocks": 0,
                              "Temp Written Blocks": 0
                            }]
                          }
                        ]
                      },
                      {
                        "Node Type": "Aggregate",
                        "Strategy": "Hashed",
                        "Partial Mode": "Simple",
                        "Parent Relationship": "Inner",
                        "Parallel Aware": false,
                        "Startup Cost": 4.98,
                        "Total Cost": 6.76,
                        "Plan Rows": 178,
                        "Plan Width": 16,
                        "Actual Startup Time": 0.034,
                        "Actual Total Time": 0.039,
                        "Actual Rows": 40,
                        "Actual Loops": 2,
                        "Output": ["categoryoptioncombos_categoryoptions.categoryoptioncomboid", "count(categoryoptioncombos_categoryoptions.categoryoptioncomboid)"],
                        "Group Key": ["categoryoptioncombos_categoryoptions.categoryoptioncomboid"],
                        "Planned Partitions": 0,
                        "Shared Hit Blocks": 2,
                        "Shared Read Blocks": 0,
                        "Shared Dirtied Blocks": 0,
                        "Shared Written Blocks": 0,
                        "Local Hit Blocks": 0,
                        "Local Read Blocks": 0,
                        "Local Dirtied Blocks": 0,
                        "Local Written Blocks": 0,
                        "Temp Read Blocks": 0,
                        "Temp Written Blocks": 0,
                        "Workers": [{
                          "Worker Number": 0,
                          "Actual Startup Time": 0.034,
                          "Actual Total Time": 0.039,
                          "Actual Rows": 40,
                          "Actual Loops": 2,
                          "HashAgg Batches": 1,
                          "Peak Memory Usage": 48,
                          "Disk Usage": 0,
                          "Shared Hit Blocks": 2,
                          "Shared Read Blocks": 0,
                          "Shared Dirtied Blocks": 0,
                          "Shared Written Blocks": 0,
                          "Local Hit Blocks": 0,
                          "Local Read Blocks": 0,
                          "Local Dirtied Blocks": 0,
                          "Local Written Blocks": 0,
                          "Temp Read Blocks": 0,
                          "Temp Written Blocks": 0
                        }],
                        "Plans": [{
                          "Node Type": "Seq Scan",
                          "Parent Relationship": "Outer",
                          "Parallel Aware": false,
                          "Relation Name": "categoryoptioncombos_categoryoptions",
                          "Schema": "public",
                          "Alias": "categoryoptioncombos_categoryoptions",
                          "Startup Cost": 0.00,
                          "Total Cost": 3.99,
                          "Plan Rows": 199,
                          "Plan Width": 8,
                          "Actual Startup Time": 0.004,
                          "Actual Total Time": 0.016,
                          "Actual Rows": 199,
                          "Actual Loops": 1,
                          "Output": ["categoryoptioncombos_categoryoptions.categoryoptioncomboid", "categoryoptioncombos_categoryoptions.categoryoptionid"],
                          "Shared Hit Blocks": 2,
                          "Shared Read Blocks": 0,
                          "Shared Dirtied Blocks": 0,
                          "Shared Written Blocks": 0,
                          "Local Hit Blocks": 0,
                          "Local Read Blocks": 0,
                          "Local Dirtied Blocks": 0,
                          "Local Written Blocks": 0,
                          "Temp Read Blocks": 0,
                          "Temp Written Blocks": 0,
                          "Workers": [{
                            "Worker Number": 0,
                            "Actual Startup Time": 0.004,
                            "Actual Total Time": 0.016,
                            "Actual Rows": 199,
                            "Actual Loops": 1,
                            "Shared Hit Blocks": 2,
                            "Shared Read Blocks": 0,
                            "Shared Dirtied Blocks": 0,
                            "Shared Written Blocks": 0,
                            "Local Hit Blocks": 0,
                            "Local Read Blocks": 0,
                            "Local Dirtied Blocks": 0,
                            "Local Written Blocks": 0,
                            "Temp Read Blocks": 0,
                            "Temp Written Blocks": 0
                          }]
                        }]
                      }
                    ]
                  },
                  {
                    "Node Type": "Hash",
                    "Parent Relationship": "Inner",
                    "Parallel Aware": false,
                    "Startup Cost": 460.54,
                    "Total Cost": 460.54,
                    "Plan Rows": 8085,
                    "Plan Width": 26,
                    "Actual Startup Time": 0.204,
                    "Actual Total Time": 0.207,
                    "Actual Rows": 0,
                    "Actual Loops": 1,
                    "Output": ["deco_1.categoryoptionid", "uga.access", "ua.access"],
                    "Hash Buckets": 8192,
                    "Original Hash Buckets": 8192,
                    "Hash Batches": 1,
                    "Original Hash Batches": 1,
                    "Peak Memory Usage": 64,
                    "Shared Hit Blocks": 16,
                    "Shared Read Blocks": 0,
                    "Shared Dirtied Blocks": 0,
                    "Shared Written Blocks": 0,
                    "Local Hit Blocks": 0,
                    "Local Read Blocks": 0,
                    "Local Dirtied Blocks": 0,
                    "Local Written Blocks": 0,
                    "Temp Read Blocks": 0,
                    "Temp Written Blocks": 0,
                    "Workers": [{
                      "Worker Number": 0,
                      "Actual Startup Time": 0.204,
                      "Actual Total Time": 0.207,
                      "Actual Rows": 0,
                      "Actual Loops": 1,
                      "Shared Hit Blocks": 16,
                      "Shared Read Blocks": 0,
                      "Shared Dirtied Blocks": 0,
                      "Shared Written Blocks": 0,
                      "Local Hit Blocks": 0,
                      "Local Read Blocks": 0,
                      "Local Dirtied Blocks": 0,
                      "Local Written Blocks": 0,
                      "Temp Read Blocks": 0,
                      "Temp Written Blocks": 0
                    }],
                    "Plans": [{
                      "Node Type": "Hash Join",
                      "Parent Relationship": "Outer",
                      "Parallel Aware": false,
                      "Join Type": "Left",
                      "Startup Cost": 92.12,
                      "Total Cost": 460.54,
                      "Plan Rows": 8085,
                      "Plan Width": 26,
                      "Actual Startup Time": 0.204,
                      "Actual Total Time": 0.206,
                      "Actual Rows": 0,
                      "Actual Loops": 1,
                      "Output": ["deco_1.categoryoptionid", "uga.access", "ua.access"],
                      "Inner Unique": true,
                      "Hash Cond": "(coua.useraccessid = ua.useraccessid)",
                      "Filter": "((ua.userid = 4159444) OR (uga.usergroupid = ANY ('{71485,1129820,73014,4165089,379630}'::bigint[])))",
                      "Rows Removed by Filter": 135,
                      "Shared Hit Blocks": 16,
                      "Shared Read Blocks": 0,
                      "Shared Dirtied Blocks": 0,
                      "Shared Written Blocks": 0,
                      "Local Hit Blocks": 0,
                      "Local Read Blocks": 0,
                      "Local Dirtied Blocks": 0,
                      "Local Written Blocks": 0,
                      "Temp Read Blocks": 0,
                      "Temp Written Blocks": 0,
                      "Workers": [{
                        "Worker Number": 0,
                        "Actual Startup Time": 0.204,
                        "Actual Total Time": 0.206,
                        "Actual Rows": 0,
                        "Actual Loops": 1,
                        "Shared Hit Blocks": 16,
                        "Shared Read Blocks": 0,
                        "Shared Dirtied Blocks": 0,
                        "Shared Written Blocks": 0,
                        "Local Hit Blocks": 0,
                        "Local Read Blocks": 0,
                        "Local Dirtied Blocks": 0,
                        "Local Written Blocks": 0,
                        "Temp Read Blocks": 0,
                        "Temp Written Blocks": 0
                      }],
                      "Plans": [{
                          "Node Type": "Hash Join",
                          "Parent Relationship": "Outer",
                          "Parallel Aware": false,
                          "Join Type": "Right",
                          "Startup Cost": 89.14,
                          "Total Cost": 376.34,
                          "Plan Rows": 30827,
                          "Plan Width": 29,
                          "Actual Startup Time": 0.085,
                          "Actual Total Time": 0.103,
                          "Actual Rows": 135,
                          "Actual Loops": 1,
                          "Output": ["deco_1.categoryoptionid", "coua.useraccessid", "uga.access", "uga.usergroupid"],
                          "Inner Unique": false,
                          "Hash Cond": "(couga.categoryoptionid = deco_1.categoryoptionid)",
                          "Shared Hit Blocks": 3,
                          "Shared Read Blocks": 0,
                          "Shared Dirtied Blocks": 0,
                          "Shared Written Blocks": 0,
                          "Local Hit Blocks": 0,
                          "Local Read Blocks": 0,
                          "Local Dirtied Blocks": 0,
                          "Local Written Blocks": 0,
                          "Temp Read Blocks": 0,
                          "Temp Written Blocks": 0,
                          "Workers": [{
                            "Worker Number": 0,
                            "Actual Startup Time": 0.085,
                            "Actual Total Time": 0.103,
                            "Actual Rows": 135,
                            "Actual Loops": 1,
                            "Shared Hit Blocks": 3,
                            "Shared Read Blocks": 0,
                            "Shared Dirtied Blocks": 0,
                            "Shared Written Blocks": 0,
                            "Local Hit Blocks": 0,
                            "Local Read Blocks": 0,
                            "Local Dirtied Blocks": 0,
                            "Local Written Blocks": 0,
                            "Temp Read Blocks": 0,
                            "Temp Written Blocks": 0
                          }],
                          "Plans": [{
                              "Node Type": "Hash Join",
                              "Parent Relationship": "Outer",
                              "Parallel Aware": false,
                              "Join Type": "Left",
                              "Startup Cost": 21.74,
                              "Total Cost": 57.51,
                              "Plan Rows": 2040,
                              "Plan Width": 25,
                              "Actual Startup Time": 0.004,
                              "Actual Total Time": 0.005,
                              "Actual Rows": 0,
                              "Actual Loops": 1,
                              "Output": ["couga.categoryoptionid", "uga.access", "uga.usergroupid"],
                              "Inner Unique": true,
                              "Hash Cond": "(couga.usergroupaccessid = uga.usergroupaccessid)",
                              "Shared Hit Blocks": 0,
                              "Shared Read Blocks": 0,
                              "Shared Dirtied Blocks": 0,
                              "Shared Written Blocks": 0,
                              "Local Hit Blocks": 0,
                              "Local Read Blocks": 0,
                              "Local Dirtied Blocks": 0,
                              "Local Written Blocks": 0,
                              "Temp Read Blocks": 0,
                              "Temp Written Blocks": 0,
                              "Workers": [{
                                "Worker Number": 0,
                                "Actual Startup Time": 0.004,
                                "Actual Total Time": 0.005,
                                "Actual Rows": 0,
                                "Actual Loops": 1,
                                "Shared Hit Blocks": 0,
                                "Shared Read Blocks": 0,
                                "Shared Dirtied Blocks": 0,
                                "Shared Written Blocks": 0,
                                "Local Hit Blocks": 0,
                                "Local Read Blocks": 0,
                                "Local Dirtied Blocks": 0,
                                "Local Written Blocks": 0,
                                "Temp Read Blocks": 0,
                                "Temp Written Blocks": 0
                              }],
                              "Plans": [{
                                  "Node Type": "Seq Scan",
                                  "Parent Relationship": "Outer",
                                  "Parallel Aware": false,
                                  "Relation Name": "dataelementcategoryoptionusergroupaccesses",
                                  "Schema": "public",
                                  "Alias": "couga",
                                  "Startup Cost": 0.00,
                                  "Total Cost": 30.40,
                                  "Plan Rows": 2040,
                                  "Plan Width": 12,
                                  "Actual Startup Time": 0.003,
                                  "Actual Total Time": 0.004,
                                  "Actual Rows": 0,
                                  "Actual Loops": 1,
                                  "Output": ["couga.categoryoptionid", "couga.usergroupaccessid"],
                                  "Shared Hit Blocks": 0,
                                  "Shared Read Blocks": 0,
                                  "Shared Dirtied Blocks": 0,
                                  "Shared Written Blocks": 0,
                                  "Local Hit Blocks": 0,
                                  "Local Read Blocks": 0,
                                  "Local Dirtied Blocks": 0,
                                  "Local Written Blocks": 0,
                                  "Temp Read Blocks": 0,
                                  "Temp Written Blocks": 0,
                                  "Workers": [{
                                    "Worker Number": 0,
                                    "Actual Startup Time": 0.003,
                                    "Actual Total Time": 0.004,
                                    "Actual Rows": 0,
                                    "Actual Loops": 1,
                                    "Shared Hit Blocks": 0,
                                    "Shared Read Blocks": 0,
                                    "Shared Dirtied Blocks": 0,
                                    "Shared Written Blocks": 0,
                                    "Local Hit Blocks": 0,
                                    "Local Read Blocks": 0,
                                    "Local Dirtied Blocks": 0,
                                    "Local Written Blocks": 0,
                                    "Temp Read Blocks": 0,
                                    "Temp Written Blocks": 0
                                  }]
                                },
                                {
                                  "Node Type": "Hash",
                                  "Parent Relationship": "Inner",
                                  "Parallel Aware": false,
                                  "Startup Cost": 12.44,
                                  "Total Cost": 12.44,
                                  "Plan Rows": 744,
                                  "Plan Width": 21,
                                  "Actual Startup Time": 0.000,
                                  "Actual Total Time": 0.000,
                                  "Actual Rows": 0,
                                  "Actual Loops": 0,
                                  "Output": ["uga.access", "uga.usergroupaccessid", "uga.usergroupid"],
                                  "Shared Hit Blocks": 0,
                                  "Shared Read Blocks": 0,
                                  "Shared Dirtied Blocks": 0,
                                  "Shared Written Blocks": 0,
                                  "Local Hit Blocks": 0,
                                  "Local Read Blocks": 0,
                                  "Local Dirtied Blocks": 0,
                                  "Local Written Blocks": 0,
                                  "Temp Read Blocks": 0,
                                  "Temp Written Blocks": 0,
                                  "Workers": [],
                                  "Plans": [{
                                    "Node Type": "Seq Scan",
                                    "Parent Relationship": "Outer",
                                    "Parallel Aware": false,
                                    "Relation Name": "usergroupaccess",
                                    "Schema": "public",
                                    "Alias": "uga",
                                    "Startup Cost": 0.00,
                                    "Total Cost": 12.44,
                                    "Plan Rows": 744,
                                    "Plan Width": 21,
                                    "Actual Startup Time": 0.000,
                                    "Actual Total Time": 0.000,
                                    "Actual Rows": 0,
                                    "Actual Loops": 0,
                                    "Output": ["uga.access", "uga.usergroupaccessid", "uga.usergroupid"],
                                    "Shared Hit Blocks": 0,
                                    "Shared Read Blocks": 0,
                                    "Shared Dirtied Blocks": 0,
                                    "Shared Written Blocks": 0,
                                    "Local Hit Blocks": 0,
                                    "Local Read Blocks": 0,
                                    "Local Dirtied Blocks": 0,
                                    "Local Written Blocks": 0,
                                    "Temp Read Blocks": 0,
                                    "Temp Written Blocks": 0,
                                    "Workers": []
                                  }]
                                }
                              ]
                            },
                            {
                              "Node Type": "Hash",
                              "Parent Relationship": "Inner",
                              "Parallel Aware": false,
                              "Startup Cost": 41.90,
                              "Total Cost": 41.90,
                              "Plan Rows": 2040,
                              "Plan Width": 12,
                              "Actual Startup Time": 0.075,
                              "Actual Total Time": 0.076,
                              "Actual Rows": 135,
                              "Actual Loops": 1,
                              "Output": ["deco_1.categoryoptionid", "coua.useraccessid"],
                              "Hash Buckets": 2048,
                              "Original Hash Buckets": 2048,
                              "Hash Batches": 1,
                              "Original Hash Batches": 1,
                              "Peak Memory Usage": 22,
                              "Shared Hit Blocks": 3,
                              "Shared Read Blocks": 0,
                              "Shared Dirtied Blocks": 0,
                              "Shared Written Blocks": 0,
                              "Local Hit Blocks": 0,
                              "Local Read Blocks": 0,
                              "Local Dirtied Blocks": 0,
                              "Local Written Blocks": 0,
                              "Temp Read Blocks": 0,
                              "Temp Written Blocks": 0,
                              "Workers": [{
                                "Worker Number": 0,
                                "Actual Startup Time": 0.075,
                                "Actual Total Time": 0.076,
                                "Actual Rows": 135,
                                "Actual Loops": 1,
                                "Shared Hit Blocks": 3,
                                "Shared Read Blocks": 0,
                                "Shared Dirtied Blocks": 0,
                                "Shared Written Blocks": 0,
                                "Local Hit Blocks": 0,
                                "Local Read Blocks": 0,
                                "Local Dirtied Blocks": 0,
                                "Local Written Blocks": 0,
                                "Temp Read Blocks": 0,
                                "Temp Written Blocks": 0
                              }],
                              "Plans": [{
                                "Node Type": "Hash Join",
                                "Parent Relationship": "Outer",
                                "Parallel Aware": false,
                                "Join Type": "Right",
                                "Startup Cost": 6.04,
                                "Total Cost": 41.90,
                                "Plan Rows": 2040,
                                "Plan Width": 12,
                                "Actual Startup Time": 0.046,
                                "Actual Total Time": 0.059,
                                "Actual Rows": 135,
                                "Actual Loops": 1,
                                "Output": ["deco_1.categoryoptionid", "coua.useraccessid"],
                                "Inner Unique": true,
                                "Hash Cond": "(coua.categoryoptionid = deco_1.categoryoptionid)",
                                "Shared Hit Blocks": 3,
                                "Shared Read Blocks": 0,
                                "Shared Dirtied Blocks": 0,
                                "Shared Written Blocks": 0,
                                "Local Hit Blocks": 0,
                                "Local Read Blocks": 0,
                                "Local Dirtied Blocks": 0,
                                "Local Written Blocks": 0,
                                "Temp Read Blocks": 0,
                                "Temp Written Blocks": 0,
                                "Workers": [{
                                  "Worker Number": 0,
                                  "Actual Startup Time": 0.046,
                                  "Actual Total Time": 0.059,
                                  "Actual Rows": 135,
                                  "Actual Loops": 1,
                                  "Shared Hit Blocks": 3,
                                  "Shared Read Blocks": 0,
                                  "Shared Dirtied Blocks": 0,
                                  "Shared Written Blocks": 0,
                                  "Local Hit Blocks": 0,
                                  "Local Read Blocks": 0,
                                  "Local Dirtied Blocks": 0,
                                  "Local Written Blocks": 0,
                                  "Temp Read Blocks": 0,
                                  "Temp Written Blocks": 0
                                }],
                                "Plans": [{
                                    "Node Type": "Seq Scan",
                                    "Parent Relationship": "Outer",
                                    "Parallel Aware": false,
                                    "Relation Name": "dataelementcategoryoptionuseraccesses",
                                    "Schema": "public",
                                    "Alias": "coua",
                                    "Startup Cost": 0.00,
                                    "Total Cost": 30.40,
                                    "Plan Rows": 2040,
                                    "Plan Width": 12,
                                    "Actual Startup Time": 0.009,
                                    "Actual Total Time": 0.009,
                                    "Actual Rows": 0,
                                    "Actual Loops": 1,
                                    "Output": ["coua.categoryoptionid", "coua.useraccessid"],
                                    "Shared Hit Blocks": 0,
                                    "Shared Read Blocks": 0,
                                    "Shared Dirtied Blocks": 0,
                                    "Shared Written Blocks": 0,
                                    "Local Hit Blocks": 0,
                                    "Local Read Blocks": 0,
                                    "Local Dirtied Blocks": 0,
                                    "Local Written Blocks": 0,
                                    "Temp Read Blocks": 0,
                                    "Temp Written Blocks": 0,
                                    "Workers": [{
                                      "Worker Number": 0,
                                      "Actual Startup Time": 0.009,
                                      "Actual Total Time": 0.009,
                                      "Actual Rows": 0,
                                      "Actual Loops": 1,
                                      "Shared Hit Blocks": 0,
                                      "Shared Read Blocks": 0,
                                      "Shared Dirtied Blocks": 0,
                                      "Shared Written Blocks": 0,
                                      "Local Hit Blocks": 0,
                                      "Local Read Blocks": 0,
                                      "Local Dirtied Blocks": 0,
                                      "Local Written Blocks": 0,
                                      "Temp Read Blocks": 0,
                                      "Temp Written Blocks": 0
                                    }]
                                  },
                                  {
                                    "Node Type": "Hash",
                                    "Parent Relationship": "Inner",
                                    "Parallel Aware": false,
                                    "Startup Cost": 4.35,
                                    "Total Cost": 4.35,
                                    "Plan Rows": 135,
                                    "Plan Width": 8,
                                    "Actual Startup Time": 0.032,
                                    "Actual Total Time": 0.032,
                                    "Actual Rows": 135,
                                    "Actual Loops": 1,
                                    "Output": ["deco_1.categoryoptionid"],
                                    "Hash Buckets": 1024,
                                    "Original Hash Buckets": 1024,
                                    "Hash Batches": 1,
                                    "Original Hash Batches": 1,
                                    "Peak Memory Usage": 14,
                                    "Shared Hit Blocks": 3,
                                    "Shared Read Blocks": 0,
                                    "Shared Dirtied Blocks": 0,
                                    "Shared Written Blocks": 0,
                                    "Local Hit Blocks": 0,
                                    "Local Read Blocks": 0,
                                    "Local Dirtied Blocks": 0,
                                    "Local Written Blocks": 0,
                                    "Temp Read Blocks": 0,
                                    "Temp Written Blocks": 0,
                                    "Workers": [{
                                      "Worker Number": 0,
                                      "Actual Startup Time": 0.032,
                                      "Actual Total Time": 0.032,
                                      "Actual Rows": 135,
                                      "Actual Loops": 1,
                                      "Shared Hit Blocks": 3,
                                      "Shared Read Blocks": 0,
                                      "Shared Dirtied Blocks": 0,
                                      "Shared Written Blocks": 0,
                                      "Local Hit Blocks": 0,
                                      "Local Read Blocks": 0,
                                      "Local Dirtied Blocks": 0,
                                      "Local Written Blocks": 0,
                                      "Temp Read Blocks": 0,
                                      "Temp Written Blocks": 0
                                    }],
                                    "Plans": [{
                                      "Node Type": "Seq Scan",
                                      "Parent Relationship": "Outer",
                                      "Parallel Aware": false,
                                      "Relation Name": "dataelementcategoryoption",
                                      "Schema": "public",
                                      "Alias": "deco_1",
                                      "Startup Cost": 0.00,
                                      "Total Cost": 4.35,
                                      "Plan Rows": 135,
                                      "Plan Width": 8,
                                      "Actual Startup Time": 0.003,
                                      "Actual Total Time": 0.014,
                                      "Actual Rows": 135,
                                      "Actual Loops": 1,
                                      "Output": ["deco_1.categoryoptionid"],
                                      "Shared Hit Blocks": 3,
                                      "Shared Read Blocks": 0,
                                      "Shared Dirtied Blocks": 0,
                                      "Shared Written Blocks": 0,
                                      "Local Hit Blocks": 0,
                                      "Local Read Blocks": 0,
                                      "Local Dirtied Blocks": 0,
                                      "Local Written Blocks": 0,
                                      "Temp Read Blocks": 0,
                                      "Temp Written Blocks": 0,
                                      "Workers": [{
                                        "Worker Number": 0,
                                        "Actual Startup Time": 0.003,
                                        "Actual Total Time": 0.014,
                                        "Actual Rows": 135,
                                        "Actual Loops": 1,
                                        "Shared Hit Blocks": 3,
                                        "Shared Read Blocks": 0,
                                        "Shared Dirtied Blocks": 0,
                                        "Shared Written Blocks": 0,
                                        "Local Hit Blocks": 0,
                                        "Local Read Blocks": 0,
                                        "Local Dirtied Blocks": 0,
                                        "Local Written Blocks": 0,
                                        "Temp Read Blocks": 0,
                                        "Temp Written Blocks": 0
                                      }]
                                    }]
                                  }
                                ]
                              }]
                            }
                          ]
                        },
                        {
                          "Node Type": "Hash",
                          "Parent Relationship": "Inner",
                          "Parallel Aware": false,
                          "Startup Cost": 1.88,
                          "Total Cost": 1.88,
                          "Plan Rows": 88,
                          "Plan Width": 21,
                          "Actual Startup Time": 0.032,
                          "Actual Total Time": 0.032,
                          "Actual Rows": 88,
                          "Actual Loops": 1,
                          "Output": ["ua.access", "ua.useraccessid", "ua.userid"],
                          "Hash Buckets": 1024,
                          "Original Hash Buckets": 1024,
                          "Hash Batches": 1,
                          "Original Hash Batches": 1,
                          "Peak Memory Usage": 13,
                          "Shared Hit Blocks": 1,
                          "Shared Read Blocks": 0,
                          "Shared Dirtied Blocks": 0,
                          "Shared Written Blocks": 0,
                          "Local Hit Blocks": 0,
                          "Local Read Blocks": 0,
                          "Local Dirtied Blocks": 0,
                          "Local Written Blocks": 0,
                          "Temp Read Blocks": 0,
                          "Temp Written Blocks": 0,
                          "Workers": [{
                            "Worker Number": 0,
                            "Actual Startup Time": 0.032,
                            "Actual Total Time": 0.032,
                            "Actual Rows": 88,
                            "Actual Loops": 1,
                            "Shared Hit Blocks": 1,
                            "Shared Read Blocks": 0,
                            "Shared Dirtied Blocks": 0,
                            "Shared Written Blocks": 0,
                            "Local Hit Blocks": 0,
                            "Local Read Blocks": 0,
                            "Local Dirtied Blocks": 0,
                            "Local Written Blocks": 0,
                            "Temp Read Blocks": 0,
                            "Temp Written Blocks": 0
                          }],
                          "Plans": [{
                            "Node Type": "Seq Scan",
                            "Parent Relationship": "Outer",
                            "Parallel Aware": false,
                            "Relation Name": "useraccess",
                            "Schema": "public",
                            "Alias": "ua",
                            "Startup Cost": 0.00,
                            "Total Cost": 1.88,
                            "Plan Rows": 88,
                            "Plan Width": 21,
                            "Actual Startup Time": 0.011,
                            "Actual Total Time": 0.018,
                            "Actual Rows": 88,
                            "Actual Loops": 1,
                            "Output": ["ua.access", "ua.useraccessid", "ua.userid"],
                            "Shared Hit Blocks": 1,
                            "Shared Read Blocks": 0,
                            "Shared Dirtied Blocks": 0,
                            "Shared Written Blocks": 0,
                            "Local Hit Blocks": 0,
                            "Local Read Blocks": 0,
                            "Local Dirtied Blocks": 0,
                            "Local Written Blocks": 0,
                            "Temp Read Blocks": 0,
                            "Temp Written Blocks": 0,
                            "Workers": [{
                              "Worker Number": 0,
                              "Actual Startup Time": 0.011,
                              "Actual Total Time": 0.018,
                              "Actual Rows": 88,
                              "Actual Loops": 1,
                              "Shared Hit Blocks": 1,
                              "Shared Read Blocks": 0,
                              "Shared Dirtied Blocks": 0,
                              "Shared Written Blocks": 0,
                              "Local Hit Blocks": 0,
                              "Local Read Blocks": 0,
                              "Local Dirtied Blocks": 0,
                              "Local Written Blocks": 0,
                              "Temp Read Blocks": 0,
                              "Temp Written Blocks": 0
                            }]
                          }]
                        }
                      ]
                    }]
                  }
                ]
              }]
            }]
          }]
        }]
      },
      {
        "Node Type": "Nested Loop",
        "Parent Relationship": "Inner",
        "Parallel Aware": false,
        "Join Type": "Left",
        "Startup Cost": 1.25,
        "Total Cost": 5.40,
        "Plan Rows": 1,
        "Plan Width": 265,
        "Actual Startup Time": 0.011,
        "Actual Total Time": 0.012,
        "Actual Rows": 0,
        "Actual Loops": 2,
        "Output": ["psic.programstageinstanceid", "psinote.trackedentitycommentid", "psinote.commenttext", "psinote.created", "psinote.creator", "psinote.uid", "psinote.lastupdated", "usernote.userid", "usernote.code", "usernote.uid", "usernote.username", "userinfo.firstname", "userinfo.surname"],
        "Inner Unique": true,
        "Shared Hit Blocks": 4,
        "Shared Read Blocks": 0,
        "Shared Dirtied Blocks": 0,
        "Shared Written Blocks": 0,
        "Local Hit Blocks": 0,
        "Local Read Blocks": 0,
        "Local Dirtied Blocks": 0,
        "Local Written Blocks": 0,
        "Temp Read Blocks": 0,
        "Temp Written Blocks": 0,
        "Plans": [{
            "Node Type": "Nested Loop",
            "Parent Relationship": "Outer",
            "Parallel Aware": false,
            "Join Type": "Left",
            "Startup Cost": 0.96,
            "Total Cost": 5.08,
            "Plan Rows": 1,
            "Plan Width": 240,
            "Actual Startup Time": 0.011,
            "Actual Total Time": 0.011,
            "Actual Rows": 0,
            "Actual Loops": 2,
            "Output": ["psic.programstageinstanceid", "psinote.trackedentitycommentid", "psinote.commenttext", "psinote.created", "psinote.creator", "psinote.uid", "psinote.lastupdated", "usernote.userid", "usernote.code", "usernote.uid", "usernote.username"],
            "Inner Unique": true,
            "Shared Hit Blocks": 4,
            "Shared Read Blocks": 0,
            "Shared Dirtied Blocks": 0,
            "Shared Written Blocks": 0,
            "Local Hit Blocks": 0,
            "Local Read Blocks": 0,
            "Local Dirtied Blocks": 0,
            "Local Written Blocks": 0,
            "Temp Read Blocks": 0,
            "Temp Written Blocks": 0,
            "Plans": [{
                "Node Type": "Nested Loop",
                "Parent Relationship": "Outer",
                "Parallel Aware": false,
                "Join Type": "Inner",
                "Startup Cost": 0.55,
                "Total Cost": 2.85,
                "Plan Rows": 1,
                "Plan Width": 97,
                "Actual Startup Time": 0.010,
                "Actual Total Time": 0.010,
                "Actual Rows": 0,
                "Actual Loops": 2,
                "Output": ["psic.programstageinstanceid", "psinote.trackedentitycommentid", "psinote.commenttext", "psinote.created", "psinote.creator", "psinote.uid", "psinote.lastupdated", "psinote.lastupdatedby"],
                "Inner Unique": true,
                "Shared Hit Blocks": 4,
                "Shared Read Blocks": 0,
                "Shared Dirtied Blocks": 0,
                "Shared Written Blocks": 0,
                "Local Hit Blocks": 0,
                "Local Read Blocks": 0,
                "Local Dirtied Blocks": 0,
                "Local Written Blocks": 0,
                "Temp Read Blocks": 0,
                "Temp Written Blocks": 0,
                "Plans": [{
                    "Node Type": "Index Scan",
                    "Parent Relationship": "Outer",
                    "Parallel Aware": false,
                    "Scan Direction": "Forward",
                    "Index Name": "programstageinstancecomments_pkey",
                    "Relation Name": "programstageinstancecomments",
                    "Schema": "public",
                    "Alias": "psic",
                    "Startup Cost": 0.27,
                    "Total Cost": 2.49,
                    "Plan Rows": 1,
                    "Plan Width": 16,
                    "Actual Startup Time": 0.009,
                    "Actual Total Time": 0.009,
                    "Actual Rows": 0,
                    "Actual Loops": 2,
                    "Output": ["psic.programstageinstanceid", "psic.sort_order", "psic.trackedentitycommentid"],
                    "Index Cond": "(psic.programstageinstanceid = psi.programstageinstanceid)",
                    "Rows Removed by Index Recheck": 0,
                    "Shared Hit Blocks": 4,
                    "Shared Read Blocks": 0,
                    "Shared Dirtied Blocks": 0,
                    "Shared Written Blocks": 0,
                    "Local Hit Blocks": 0,
                    "Local Read Blocks": 0,
                    "Local Dirtied Blocks": 0,
                    "Local Written Blocks": 0,
                    "Temp Read Blocks": 0,
                    "Temp Written Blocks": 0
                  },
                  {
                    "Node Type": "Index Scan",
                    "Parent Relationship": "Inner",
                    "Parallel Aware": false,
                    "Scan Direction": "Forward",
                    "Index Name": "trackedentitycomment_pkey",
                    "Relation Name": "trackedentitycomment",
                    "Schema": "public",
                    "Alias": "psinote",
                    "Startup Cost": 0.28,
                    "Total Cost": 0.36,
                    "Plan Rows": 1,
                    "Plan Width": 89,
                    "Actual Startup Time": 0.000,
                    "Actual Total Time": 0.000,
                    "Actual Rows": 0,
                    "Actual Loops": 0,
                    "Output": ["psinote.trackedentitycommentid", "psinote.uid", "psinote.code", "psinote.created", "psinote.lastupdated", "psinote.lastupdatedby", "psinote.commenttext", "psinote.creator"],
                    "Index Cond": "(psinote.trackedentitycommentid = psic.trackedentitycommentid)",
                    "Rows Removed by Index Recheck": 0,
                    "Shared Hit Blocks": 0,
                    "Shared Read Blocks": 0,
                    "Shared Dirtied Blocks": 0,
                    "Shared Written Blocks": 0,
                    "Local Hit Blocks": 0,
                    "Local Read Blocks": 0,
                    "Local Dirtied Blocks": 0,
                    "Local Written Blocks": 0,
                    "Temp Read Blocks": 0,
                    "Temp Written Blocks": 0
                  }
                ]
              },
              {
                "Node Type": "Index Scan",
                "Parent Relationship": "Inner",
                "Parallel Aware": false,
                "Scan Direction": "Forward",
                "Index Name": "users_pkey",
                "Relation Name": "users",
                "Schema": "public",
                "Alias": "usernote",
                "Startup Cost": 0.41,
                "Total Cost": 2.23,
                "Plan Rows": 1,
                "Plan Width": 151,
                "Actual Startup Time": 0.000,
                "Actual Total Time": 0.000,
                "Actual Rows": 0,
                "Actual Loops": 0,
                "Output": ["usernote.userid", "usernote.uid", "usernote.code", "usernote.created", "usernote.lastupdated", "usernote.lastupdatedby", "usernote.creatoruserid", "usernote.username", "usernote.password", "usernote.secret", "usernote.twofa", "usernote.externalauth", "usernote.openid", "usernote.ldapid", "usernote.passwordlastupdated", "usernote.lastlogin", "usernote.restoretoken", "usernote.restorecode", "usernote.restoreexpiry", "usernote.selfregistered", "usernote.invitation", "usernote.disabled", "usernote.uuid"],
                "Index Cond": "(usernote.userid = psinote.lastupdatedby)",
                "Rows Removed by Index Recheck": 0,
                "Shared Hit Blocks": 0,
                "Shared Read Blocks": 0,
                "Shared Dirtied Blocks": 0,
                "Shared Written Blocks": 0,
                "Local Hit Blocks": 0,
                "Local Read Blocks": 0,
                "Local Dirtied Blocks": 0,
                "Local Written Blocks": 0,
                "Temp Read Blocks": 0,
                "Temp Written Blocks": 0
              }
            ]
          },
          {
            "Node Type": "Index Scan",
            "Parent Relationship": "Inner",
            "Parallel Aware": false,
            "Scan Direction": "Forward",
            "Index Name": "userinfo_pkey",
            "Relation Name": "userinfo",
            "Schema": "public",
            "Alias": "userinfo",
            "Startup Cost": 0.29,
            "Total Cost": 0.32,
            "Plan Rows": 1,
            "Plan Width": 33,
            "Actual Startup Time": 0.000,
            "Actual Total Time": 0.000,
            "Actual Rows": 0,
            "Actual Loops": 0,
            "Output": ["userinfo.userinfoid", "userinfo.uid", "userinfo.code", "userinfo.lastupdated", "userinfo.created", "userinfo.surname", "userinfo.firstname", "userinfo.email", "userinfo.phonenumber", "userinfo.jobtitle", "userinfo.introduction", "userinfo.gender", "userinfo.birthday", "userinfo.nationality", "userinfo.employer", "userinfo.education", "userinfo.interests", "userinfo.languages", "userinfo.welcomemessage", "userinfo.lastcheckedinterpretations", "userinfo.whatsapp", "userinfo.skype", "userinfo.facebookmessenger", "userinfo.telegram", "userinfo.twitter", "userinfo.avatar", "userinfo.attributevalues"],
            "Index Cond": "(userinfo.userinfoid = usernote.userid)",
            "Rows Removed by Index Recheck": 0,
            "Shared Hit Blocks": 0,
            "Shared Read Blocks": 0,
            "Shared Dirtied Blocks": 0,
            "Shared Written Blocks": 0,
            "Local Hit Blocks": 0,
            "Local Read Blocks": 0,
            "Local Dirtied Blocks": 0,
            "Local Written Blocks": 0,
            "Temp Read Blocks": 0,
            "Temp Written Blocks": 0
          }
        ]
      }
    ]
  },
  "Planning": {
    "Shared Hit Blocks": 1962,
    "Shared Read Blocks": 0,
    "Shared Dirtied Blocks": 0,
    "Shared Written Blocks": 0,
    "Local Hit Blocks": 0,
    "Local Read Blocks": 0,
    "Local Dirtied Blocks": 0,
    "Local Written Blocks": 0,
    "Temp Read Blocks": 0,
    "Temp Written Blocks": 0
  },
  "Planning Time": 11.251,
  "Triggers": [],
  "JIT": {
    "Functions": 410,
    "Options": {
      "Inlining": true,
      "Optimization": true,
      "Expressions": true,
      "Deforming": true
    },
    "Timing": {
      "Generation": 38.715,
      "Inlining": 176.029,
      "Optimization": 2770.244,
      "Emission": 1658.387,
      "Total": 4643.376
    }
  },
  "Execution Time": 10620.069
}]